tRNAscanID	Anticodon_predicted_isotype	Ala	Arg	Asn	Asp	Cys	Gln	Glu	Gly	His	Ile	Leu	Lys	Met	Phe	Pro	SeC	Ser	Thr	Trp	Tyr	Val	iMet
LAETHIOPICAL147_LAEL147_03_3_K.trna1	Lys	64.8	72.1	68.0	36.1	61.4	45.8	18.3	63.0	52.5	65.4	13.7	86.1	81.0	48.6	37.7	-999	21.9	77.1	64.3	58.8	59.3	5.2
LAETHIOPICAL147_LAEL147_05_4_R.trna1	Arg	41.2	93.5	63.7	22.5	61.2	29.2	6.1	32.1	58.1	57.5	9.8	59.9	42.4	32.2	25.3	-999	16.2	65.5	79.3	47.0	29.5	3.5
LAETHIOPICAL147_LAEL147_07_9_R.trna1	Arg	41.2	93.5	63.7	22.5	61.2	29.2	6.1	32.1	58.1	57.5	9.8	59.9	42.4	32.2	25.3	-999	16.2	65.5	79.3	47.0	29.5	3.5
LAETHIOPICAL147_LAEL147_09_12_X.trna1	iMet	32.3	45.8	39.6	-999	48.4	21.1	-999	-999	41.4	56.7	-2.5	30.6	66.5	27.4	9.7	-999	6.8	59.7	35.4	44.6	50.8	101.5
LAETHIOPICAL147_LAEL147_09_13_L.trna1	Leu	38.4	37.5	-8.0	12.8	38.2	43.3	20.6	41.9	70.0	47.0	87.6	-11.7	22.3	-10.5	28.8	-999	55.7	42.9	24.7	19.1	35.8	-999
LAETHIOPICAL147_LAEL147_09_14_V.trna1	Val	47.2	59.4	31.6	42.9	51.0	40.3	66.3	52.5	67.1	44.7	7.5	6.2	48.2	15.4	43.7	-999	11.3	63.1	45.0	40.0	66.3	-999
LAETHIOPICAL147_LAEL147_09_15_H.trna1	His	51.4	45.8	-999	44.0	64.2	44.7	21.9	48.3	65.4	19.3	3.8	27.0	25.1	41.8	33.5	-999	-11.3	54.7	29.9	40.2	29.3	-999
LAETHIOPICAL147_LAEL147_09_16_F.trna1	Phe	57.2	66.3	51.4	50.0	88.1	42.4	25.4	47.4	65.3	72.5	17.7	73.5	83.0	113.6	45.0	-999	14.5	86.2	76.5	86.5	62.8	7.8
LAETHIOPICAL147_LAEL147_09_17_E.trna1	Glu	37.2	48.8	17.9	68.5	36.4	51.3	88.4	49.7	65.0	23.8	-999	24.1	22.3	-0.8	12.2	-999	-13.7	45.6	36.6	4.4	29.7	-999
LAETHIOPICAL147_LAEL147_09_18_V.trna1	Val	47.2	59.4	31.6	42.9	51.0	40.3	66.3	52.5	67.1	44.7	7.5	6.2	48.2	15.4	43.7	-999	11.3	63.1	45.0	40.0	66.3	-999
LAETHIOPICAL147_LAEL147_09_19_R.trna1	Arg	44.2	89.2	57.9	18.7	47.7	30.7	-999	13.1	46.3	57.0	3.4	48.5	52.9	36.6	18.4	-999	10.5	57.3	72.3	24.7	26.3	-2.7
LAETHIOPICAL147_LAEL147_09_20_H.trna1	His	51.4	45.8	-999	44.0	64.2	44.7	21.9	48.3	65.4	19.3	3.8	27.0	25.1	41.8	33.5	-999	-11.3	54.7	29.9	40.2	29.3	-999
LAETHIOPICAL147_LAEL147_10_21_K.trna1	Lys	64.8	72.1	68.0	36.1	61.4	45.8	18.3	63.0	52.5	65.4	13.7	86.1	81.0	48.6	37.7	-999	21.9	77.1	64.3	58.8	59.3	5.2
LAETHIOPICAL147_LAEL147_10_22_G.trna1	Gly	62.8	45.0	-8.2	76.1	41.1	37.3	75.4	97.3	60.6	33.8	15.4	24.7	26.0	20.1	71.5	-999	5.0	54.7	45.8	37.1	41.7	-999
LAETHIOPICAL147_LAEL147_10_23_N.trna1	Asn	21.7	60.9	79.4	12.1	53.4	38.5	21.2	32.4	50.0	45.6	4.3	65.5	71.0	22.5	22.1	-999	6.9	61.0	48.5	48.8	47.5	36.8
LAETHIOPICAL147_LAEL147_11_24_L.trna1	Leu	58.9	45.2	-0.6	18.8	56.6	58.3	15.3	33.7	64.2	47.4	87.4	-4.4	21.6	8.6	32.5	-999	67.7	48.5	42.4	32.7	33.6	-999
LAETHIOPICAL147_LAEL147_11_25_A.trna1	Ala	97.1	50.3	25.5	34.5	54.3	31.6	3.6	39.8	31.2	50.9	6.3	42.1	49.1	31.6	62.5	-999	-15.2	71.0	55.6	20.2	52.8	-999
LAETHIOPICAL147_LAEL147_11_26_G.trna1	Gly	44.2	49.9	-999	58.9	34.2	56.2	51.2	91.3	69.0	30.1	22.8	4.6	23.3	-999	46.7	-10.6	21.5	58.7	32.6	42.0	53.3	-999
LAETHIOPICAL147_LAEL147_11_27_A.trna1	Ala	97.1	50.3	25.5	34.5	54.3	31.6	3.6	39.8	31.2	50.9	6.3	42.1	49.1	31.6	62.5	-999	-15.2	71.0	55.6	20.2	52.8	-999
LAETHIOPICAL147_LAEL147_11_28_M.trna1	Met	51.9	58.0	48.1	17.5	47.3	41.5	19.5	29.4	51.5	82.0	11.1	56.0	96.0	53.3	24.0	-999	6.9	82.3	46.0	38.3	63.1	2.6
LAETHIOPICAL147_LAEL147_11_29_R.trna1	Arg	41.2	93.5	63.7	22.5	61.2	29.2	6.1	32.1	58.1	57.5	9.8	59.9	42.4	32.2	25.3	-999	16.2	65.5	79.3	47.0	29.5	3.5
LAETHIOPICAL147_LAEL147_15_31_D.trna1	Asp	47.0	55.5	32.4	106.5	37.5	61.9	70.2	72.9	70.5	29.7	1.2	10.2	36.9	-999	44.9	-999	0.6	62.3	44.0	31.2	52.8	-999
LAETHIOPICAL147_LAEL147_15_32_E.trna1	Glu	42.1	50.1	14.3	73.3	36.7	44.0	87.7	60.4	70.6	28.0	-1.6	25.9	26.3	-0.1	21.2	-999	0.0	48.6	26.4	10.5	37.8	-999
LAETHIOPICAL147_LAEL147_16_33_Q.trna1	Gln	28.3	50.6	41.9	47.9	35.4	82.5	47.2	44.0	58.8	44.2	-999	13.3	27.0	3.1	4.6	-999	31.2	53.9	22.5	37.7	49.7	-999
LAETHIOPICAL147_LAEL147_17_34_D.trna1	Asp	47.0	55.5	32.4	106.5	37.5	61.9	70.2	72.9	70.5	29.7	1.2	10.2	36.9	-999	44.9	-999	0.6	62.3	44.0	31.2	52.8	-999
LAETHIOPICAL147_LAEL147_17_35_S.trna1	Ser	55.3	52.8	17.0	27.3	46.7	37.2	20.1	49.2	50.9	44.7	70.2	13.9	34.2	-999	6.4	-20.8	89.4	61.6	41.6	42.0	31.9	-999
LAETHIOPICAL147_LAEL147_17_36_A.trna1	Ala	85.5	25.9	-7.1	12.6	37.1	-999	-999	16.9	15.6	21.4	-999	13.6	20.6	23.8	32.5	-999	-999	43.0	21.7	-4.9	29.7	-14.0
LAETHIOPICAL147_LAEL147_21_37_S.trna1	Ser	54.6	57.9	20.1	30.3	45.0	42.7	17.4	48.8	52.5	51.0	70.3	17.0	39.5	-999	12.5	-20.8	89.9	63.1	43.4	44.0	34.7	-25.2
LAETHIOPICAL147_LAEL147_21_41_P.trna1	Pro	73.1	46.1	10.3	58.1	41.5	51.7	53.1	59.5	57.0	31.9	5.6	-999	19.9	-5.8	105.4	-999	-10.1	54.4	46.7	23.9	66.2	-999
LAETHIOPICAL147_LAEL147_21_42_V.trna1	Val	56.5	54.6	3.9	40.1	30.5	30.4	62.4	42.7	51.2	51.1	17.9	9.5	32.0	-11.1	47.7	-999	10.6	66.6	23.1	12.1	69.1	-999
LAETHIOPICAL147_LAEL147_21_43_K.trna1	Lys	64.8	72.1	68.0	36.1	61.4	45.8	18.3	63.0	52.5	65.4	13.7	86.1	81.0	48.6	37.7	-999	21.9	77.1	64.3	58.8	59.3	5.2
LAETHIOPICAL147_LAEL147_23_45_I.trna1	Ile	55.1	77.7	56.9	53.8	48.0	72.3	45.7	57.4	62.6	82.8	48.4	30.4	69.4	33.8	52.6	-999	37.1	78.5	64.5	58.3	84.4	-18.9
LAETHIOPICAL147_LAEL147_23_46_V.trna1	Val	52.8	62.9	36.8	46.3	36.0	44.9	62.0	58.6	59.4	56.9	25.5	14.3	41.6	8.2	56.2	-999	33.1	64.0	40.4	37.3	81.7	-999
LAETHIOPICAL147_LAEL147_23_47_Q.trna1	Gln	60.5	64.3	41.6	70.1	48.4	101.7	57.8	61.4	85.8	68.5	26.3	13.1	43.7	5.6	42.0	-999	44.9	73.3	51.4	55.8	72.9	-15.7
LAETHIOPICAL147_LAEL147_23_48_R.trna1	Arg	41.2	93.5	63.7	22.5	61.2	29.2	6.1	32.1	58.1	57.5	9.8	59.9	42.4	32.2	25.3	-999	16.2	65.5	79.3	47.0	29.5	3.5
LAETHIOPICAL147_LAEL147_23_49_L.trna1	Leu	38.4	37.5	-8.0	12.8	38.2	43.3	20.6	41.9	70.0	47.0	87.6	-11.7	22.3	-10.5	28.8	-999	55.7	42.9	24.7	19.1	35.8	-999
LAETHIOPICAL147_LAEL147_23_50_T.trna1	Thr	64.1	64.1	37.6	42.7	61.4	57.6	17.9	31.7	54.3	54.3	-2.5	51.3	70.0	37.1	50.1	-999	1.2	89.4	58.9	41.3	52.1	-6.5
LAETHIOPICAL147_LAEL147_23_51_R.trna1	Arg	25.3	95.1	56.3	17.9	51.0	39.1	-999	33.9	50.5	64.1	9.4	63.0	59.4	28.9	20.0	-999	18.0	62.2	75.6	41.2	41.3	-7.8
LAETHIOPICAL147_LAEL147_23_52_K.trna1	Lys	67.1	62.9	58.7	21.6	56.7	32.0	15.9	55.7	40.1	65.4	27.2	91.4	62.9	27.0	22.3	-999	24.1	64.3	50.5	42.3	49.3	-3.7
LAETHIOPICAL147_LAEL147_23_53_G.trna1	Gly	52.7	55.8	10.2	70.2	33.0	52.8	57.7	83.7	54.9	34.3	31.4	-0.9	34.3	-7.1	35.1	-21.8	29.0	54.7	51.0	17.4	42.9	-999
LAETHIOPICAL147_LAEL147_23_54_W.trna1	Trp	68.1	65.9	34.6	20.4	82.5	39.3	8.0	39.4	51.2	54.1	9.3	51.7	56.1	55.2	37.6	-999	20.2	78.2	78.2	52.7	39.2	-11.6
LAETHIOPICAL147_LAEL147_24_56_P.trna1	Pro	71.7	43.3	14.5	53.9	46.2	47.1	43.7	56.2	57.4	42.0	10.5	11.5	28.1	6.5	101.4	-6.3	-999	60.2	57.3	28.8	62.9	-999
LAETHIOPICAL147_LAEL147_24_58_Q.trna1	Gln	28.3	50.6	41.9	47.9	35.4	82.5	47.2	44.0	58.8	44.2	-999	13.3	27.0	3.1	4.6	-999	31.2	53.9	22.5	37.7	49.7	-999
LAETHIOPICAL147_LAEL147_24_59_L.trna1	Leu	42.9	42.5	17.4	-6.8	51.8	26.5	-5.6	9.3	49.1	54.6	78.1	25.6	33.9	13.9	8.9	-18.6	54.2	38.0	27.0	40.2	26.5	-999
LAETHIOPICAL147_LAEL147_24_60_I.trna1	Ile	66.3	81.3	64.1	57.8	67.3	47.5	26.1	43.6	60.4	96.6	13.8	63.1	77.5	62.3	33.2	-999	32.7	92.8	62.5	68.1	71.5	0.7
LAETHIOPICAL147_LAEL147_24_61_I.trna1	Ile	66.3	81.3	64.1	57.8	67.3	47.5	26.1	43.6	60.4	96.6	13.8	63.1	77.5	62.3	33.2	-999	32.7	92.8	62.5	68.1	71.5	0.7
LAETHIOPICAL147_LAEL147_24_62_D.trna1	Asp	47.0	55.5	32.4	106.5	37.5	61.9	70.2	72.9	70.5	29.7	1.2	10.2	36.9	-999	44.9	-999	0.6	62.3	44.0	31.2	52.8	-999
LAETHIOPICAL147_LAEL147_29_66_L.trna1	Leu	31.4	44.7	7.4	7.0	61.8	52.6	2.7	47.4	63.0	53.4	94.3	7.4	24.1	6.8	13.8	-999	72.2	48.3	32.9	48.6	29.4	-999
LAETHIOPICAL147_LAEL147_29_67_S.trna1	Ser	15.1	45.4	28.9	18.2	52.8	48.7	8.8	27.0	48.8	24.0	50.8	-4.3	8.6	-4.2	-999	-10.8	87.7	48.3	27.8	59.0	22.1	-999
LAETHIOPICAL147_LAEL147_30_68_T.trna1	Thr	51.3	65.7	35.8	29.0	51.2	46.2	14.5	33.2	56.0	59.6	1.8	48.0	69.4	26.0	36.0	-999	1.5	85.7	46.2	37.8	51.1	-999
LAETHIOPICAL147_LAEL147_31_69_F.trna1	Phe	57.2	66.3	51.4	50.0	88.1	42.4	25.4	47.4	65.3	72.5	17.7	73.5	83.0	113.6	45.0	-999	14.5	86.2	76.5	86.5	62.8	7.8
LAETHIOPICAL147_LAEL147_31_70_S.trna1	Ser	16.3	48.8	20.1	19.5	51.9	43.1	9.4	26.0	47.5	27.0	48.8	1.1	10.1	-5.1	-999	-4.3	90.7	50.4	31.1	62.4	24.7	-999
LAETHIOPICAL147_LAEL147_31_71_A.trna1	Ala	85.5	25.9	-7.1	12.6	37.1	-999	-999	16.9	15.6	21.4	-999	13.6	20.6	23.8	32.5	-999	-999	43.0	21.7	-4.9	29.7	-14.0
LAETHIOPICAL147_LAEL147_31_72_G.trna1	Gly	62.8	45.0	-8.2	76.1	41.1	37.3	75.4	97.3	60.6	33.8	15.4	24.7	26.0	20.1	71.5	-999	5.0	54.7	45.8	37.1	41.7	-999
LAETHIOPICAL147_LAEL147_31_73_E.trna1	Glu	42.1	50.1	14.3	73.3	36.7	44.0	87.7	60.4	70.6	28.0	-1.6	25.9	26.3	-0.1	21.2	-999	0.0	48.6	26.4	10.5	37.8	-999
LAETHIOPICAL147_LAEL147_33_75_R.trna1	Arg	63.0	91.1	63.3	38.0	43.0	46.4	49.2	45.6	62.5	66.2	8.2	40.3	48.9	7.3	46.1	-999	34.1	75.0	66.2	36.9	74.6	-999
LAETHIOPICAL147_LAEL147_33_76_R.trna1	Arg	40.9	91.0	59.5	26.8	48.1	60.0	36.0	32.9	59.3	74.0	32.9	29.5	51.5	17.9	23.6	-15.1	36.8	71.0	62.5	59.1	53.5	-3.0
LAETHIOPICAL147_LAEL147_33_77_A.trna1	Ala	94.5	50.6	18.5	27.8	57.9	34.1	1.8	40.3	33.6	52.7	15.7	38.8	45.4	20.7	64.1	-999	-5.1	71.9	53.5	21.7	50.2	-25.6
LAETHIOPICAL147_LAEL147_34_79_N.trna1	Asn	21.7	60.9	79.4	12.1	53.4	38.5	21.2	32.4	50.0	45.6	4.3	65.5	71.0	22.5	22.1	-999	6.9	61.0	48.5	48.8	47.5	36.8
LAETHIOPICAL147_LAEL147_34_80_P.trna1	Pro	71.7	43.3	14.5	53.9	46.2	47.1	43.7	56.2	57.4	42.0	10.5	11.5	28.1	6.5	101.4	-6.3	-999	60.2	57.3	28.8	62.9	-999
LAETHIOPICAL147_LAEL147_34_81_T.trna1	Thr	51.3	65.7	35.8	29.0	51.2	46.2	14.5	33.2	56.0	59.6	1.8	48.0	69.4	26.0	36.0	-999	1.5	85.7	46.2	37.8	51.1	-999
LAETHIOPICAL147_LAEL147_34_82_Y.trna1	Tyr	51.1	69.4	54.6	20.8	72.4	34.6	20.9	42.7	60.2	56.9	-1.5	62.3	44.6	56.8	27.5	-999	-5.5	74.3	68.1	83.7	51.1	-24.1
LAETHIOPICAL147_LAEL147_34_83_N.trna1	Asn	21.7	60.9	79.4	12.1	53.4	38.5	21.2	32.4	50.0	45.6	4.3	65.5	71.0	22.5	22.1	-999	6.9	61.0	48.5	48.8	47.5	36.8
LAETHIOPICAL147_LAEL147_34_84_V.trna1	Val	56.5	54.6	3.9	40.1	30.5	30.4	62.4	42.7	51.2	51.1	17.9	9.5	32.0	-11.1	47.7	-999	10.6	66.6	23.1	12.1	69.1	-999
LAETHIOPICAL147_LAEL147_34_85_I.trna1	Ile	66.3	81.3	64.1	57.8	67.3	47.5	26.1	43.6	60.4	96.6	13.8	63.1	77.5	62.3	33.2	-999	32.7	92.8	62.5	68.1	71.5	0.7
LAETHIOPICAL147_LAEL147_34_86_M.trna1	Met	51.9	58.0	48.1	17.5	47.3	41.5	19.5	29.4	51.5	82.0	11.1	56.0	96.0	53.3	24.0	-999	6.9	82.3	46.0	38.3	63.1	2.6
LAETHIOPICAL147_LAEL147_34_87_L.trna1	Leu	50.1	59.6	16.1	19.7	57.6	49.8	12.1	43.5	71.9	55.5	93.5	13.9	38.5	13.2	28.0	-999	71.8	56.9	41.6	38.5	39.4	-999
LAETHIOPICAL147_LAEL147_34_88_S.trna1	Ser	29.3	49.4	25.7	16.1	47.7	37.5	8.2	6.0	43.5	27.2	52.0	9.8	16.7	6.5	-999	-11.0	89.3	50.2	28.5	53.1	25.1	-999
LAETHIOPICAL147_LAEL147_36_91_G.trna1	Gly	62.8	45.0	-8.2	76.1	41.1	37.3	75.4	97.3	60.6	33.8	15.4	24.7	26.0	20.1	71.5	-999	5.0	54.7	45.8	37.1	41.7	-999
LAETHIOPICAL147_LAEL147_36_92_T.trna1	Thr	53.8	69.3	53.9	38.7	57.3	43.3	8.6	34.9	40.1	69.2	-999	60.0	70.5	38.2	37.0	-999	-999	84.8	68.0	48.5	55.7	2.8
LAETHIOPICAL147_LAEL147_36_93_G.trna1	Gly	62.8	45.0	-8.2	76.1	41.1	37.3	75.4	97.3	60.6	33.8	15.4	24.7	26.0	20.1	71.5	-999	5.0	54.7	45.8	37.1	41.7	-999
LAETHIOPICAL147_LAEL147_36_94_P.trna1	Pro	73.1	46.1	10.3	58.1	41.5	51.7	53.1	59.5	57.0	31.9	5.6	-999	19.9	-5.8	105.4	-999	-10.1	54.4	46.7	23.9	66.2	-999
LAETHIOPICAL147_LAEL147_36_96_Q.trna1	Gln	28.3	50.6	41.9	47.9	35.4	82.5	47.2	44.0	58.8	44.2	-999	13.3	27.0	3.1	4.6	-999	31.2	53.9	22.5	37.7	49.7	-999
LAETHIOPICAL147_LAEL147_36_98_C.trna1	Cys	57.8	54.7	47.7	27.2	87.3	58.0	7.1	38.1	53.0	48.3	5.3	39.1	53.4	54.8	54.9	-999	3.1	70.8	65.0	50.7	60.9	-19.8
LAETHIOPICAL147_LAEL147_36_99_L.trna1	Leu	58.9	45.2	-0.6	18.8	56.6	58.3	15.3	33.7	64.2	47.4	87.4	-4.4	21.6	8.6	32.5	-999	67.7	48.5	42.4	32.7	33.6	-999
LAETHIOPICAL147_LAEL147_36_100_X.trna1	iMet	32.3	45.8	39.6	-999	48.4	21.1	-999	-999	41.4	56.7	-2.5	30.6	66.5	27.4	9.7	-999	6.8	59.7	35.4	44.6	50.8	101.5
LAETHIOPICAL147_LAEL147_36_101_P.trna1	Pro	71.9	45.3	6.6	37.6	42.4	57.1	45.5	52.3	56.2	46.1	17.9	-8.5	21.6	9.5	100.8	-999	1.9	59.3	53.0	26.9	62.5	-999
LAETHIOPICAL147_LAEL147_36_102_Y.trna1	Tyr	51.1	69.4	54.6	20.8	72.4	34.6	20.9	42.7	60.2	56.9	-1.5	62.3	44.6	56.8	27.5	-999	-5.5	74.3	68.1	83.7	51.1	-24.1
LAETHIOPICAL147_LAEL147_36_103_T.trna1	Thr	53.8	69.3	53.9	38.7	57.3	43.3	8.6	34.9	40.1	69.2	-999	60.0	70.5	38.2	37.0	-999	-999	84.8	68.0	48.5	55.7	2.8
LAETHIOPICAL147_LAEL147_36_104_T.trna1	Thr	53.8	69.3	53.9	38.7	57.3	43.3	8.6	34.9	40.1	69.2	-999	60.0	70.5	38.2	37.0	-999	-999	84.8	68.0	48.5	55.7	2.8
LAETHIOPICAL147_LAEL147_36_105_Y.trna1	Tyr	51.1	69.4	54.6	20.8	72.4	34.6	20.9	42.7	60.2	56.9	-1.5	62.3	44.6	56.8	27.5	-999	-5.5	74.3	68.1	83.7	51.1	-24.1
LARABICALEM1108_LARLEM1108_03_2_K.trna1	Lys	60.9	72.7	68.9	31.6	58.2	43.5	15.9	58.8	47.4	63.0	12.0	86.3	79.4	45.7	32.8	-999	21.4	75.0	57.4	58.6	52.4	3.9
LARABICALEM1108_LARLEM1108_05_3_R.trna1	Arg	41.2	93.5	63.7	22.5	61.2	29.2	6.1	32.1	58.1	57.5	9.8	59.9	42.4	32.2	25.3	-999	16.2	65.5	79.3	47.0	29.5	3.5
LARABICALEM1108_LARLEM1108_07_6_R.trna1	Arg	41.2	93.5	63.7	22.5	61.2	29.2	6.1	32.1	58.1	57.5	9.8	59.9	42.4	32.2	25.3	-999	16.2	65.5	79.3	47.0	29.5	3.5
LARABICALEM1108_LARLEM1108_09_7_X.trna1	iMet	32.3	45.8	39.6	-999	48.4	21.1	-999	-999	41.4	56.7	-2.5	30.6	66.5	27.4	9.7	-999	6.8	59.7	35.4	44.6	50.8	101.5
LARABICALEM1108_LARLEM1108_09_8_L.trna1	Leu	38.4	37.5	-8.0	12.8	38.2	43.3	20.6	41.9	70.0	47.0	87.6	-11.7	22.3	-10.5	28.8	-999	55.7	42.9	24.7	19.1	35.8	-999
LARABICALEM1108_LARLEM1108_09_9_V.trna1	Val	47.2	59.4	31.6	42.9	51.0	40.3	66.3	52.5	67.1	44.7	7.5	6.2	48.2	15.4	43.7	-999	11.3	63.1	45.0	40.0	66.3	-999
LARABICALEM1108_LARLEM1108_09_10_H.trna1	His	51.4	45.8	-999	44.0	64.2	44.7	21.9	48.3	65.4	19.3	3.8	27.0	25.1	41.8	33.5	-999	-11.3	54.7	29.9	40.2	29.3	-999
LARABICALEM1108_LARLEM1108_09_11_F.trna1	Phe	57.2	66.3	51.4	50.0	88.1	42.4	25.4	47.4	65.3	72.5	17.7	73.5	83.0	113.6	45.0	-999	14.5	86.2	76.5	86.5	62.8	7.8
LARABICALEM1108_LARLEM1108_09_12_E.trna1	Glu	37.2	48.8	17.9	68.5	36.4	51.3	88.4	49.7	65.0	23.8	-999	24.1	22.3	-0.8	12.2	-999	-13.7	45.6	36.6	4.4	29.7	-999
LARABICALEM1108_LARLEM1108_09_13_V.trna1	Val	47.2	59.4	31.6	42.9	51.0	40.3	66.3	52.5	67.1	44.7	7.5	6.2	48.2	15.4	43.7	-999	11.3	63.1	45.0	40.0	66.3	-999
LARABICALEM1108_LARLEM1108_09_14_R.trna1	Arg	44.2	89.2	57.9	18.7	47.7	30.7	-999	13.1	46.3	57.0	3.4	48.5	52.9	36.6	18.4	-999	10.5	57.3	72.3	24.7	26.3	-2.7
LARABICALEM1108_LARLEM1108_09_15_H.trna1	His	51.4	45.8	-999	44.0	64.2	44.7	21.9	48.3	65.4	19.3	3.8	27.0	25.1	41.8	33.5	-999	-11.3	54.7	29.9	40.2	29.3	-999
LARABICALEM1108_LARLEM1108_09_16_E.trna1	Glu	37.2	48.8	17.9	68.5	36.4	51.3	88.4	49.7	65.0	23.8	-999	24.1	22.3	-0.8	12.2	-999	-13.7	45.6	36.6	4.4	29.7	-999
LARABICALEM1108_LARLEM1108_09_17_V.trna1	Val	47.2	59.4	31.6	42.9	51.0	40.3	66.3	52.5	67.1	44.7	7.5	6.2	48.2	15.4	43.7	-999	11.3	63.1	45.0	40.0	66.3	-999
LARABICALEM1108_LARLEM1108_09_18_R.trna1	Arg	44.2	89.2	57.9	18.7	47.7	30.7	-999	13.1	46.3	57.0	3.4	48.5	52.9	36.6	18.4	-999	10.5	57.3	72.3	24.7	26.3	-2.7
LARABICALEM1108_LARLEM1108_09_19_H.trna1	His	51.4	45.8	-999	44.0	64.2	44.7	21.9	48.3	65.4	19.3	3.8	27.0	25.1	41.8	33.5	-999	-11.3	54.7	29.9	40.2	29.3	-999
LARABICALEM1108_LARLEM1108_10_20_K.trna1	Lys	64.8	72.1	68.0	36.1	61.4	45.8	18.3	63.0	52.5	65.4	13.7	86.1	81.0	48.6	37.7	-999	21.9	77.1	64.3	58.8	59.3	5.2
LARABICALEM1108_LARLEM1108_10_21_G.trna1	Gly	62.8	45.0	-8.2	76.1	41.1	37.3	75.4	97.3	60.6	33.8	15.4	24.7	26.0	20.1	71.5	-999	5.0	54.7	45.8	37.1	41.7	-999
LARABICALEM1108_LARLEM1108_10_22_N.trna1	Asn	21.7	60.9	79.4	12.1	53.4	38.5	21.2	32.4	50.0	45.6	4.3	65.5	71.0	22.5	22.1	-999	6.9	61.0	48.5	48.8	47.5	36.8
LARABICALEM1108_LARLEM1108_11_23_L.trna1	Leu	58.9	45.2	-0.6	18.8	56.6	58.3	15.3	33.7	64.2	47.4	87.4	-4.4	21.6	8.6	32.5	-999	67.7	48.5	42.4	32.7	33.6	-999
LARABICALEM1108_LARLEM1108_11_24_A.trna1	Ala	97.1	50.3	25.5	34.5	54.3	31.6	3.6	39.8	31.2	50.9	6.3	42.1	49.1	31.6	62.5	-999	-15.2	71.0	55.6	20.2	52.8	-999
LARABICALEM1108_LARLEM1108_11_25_G.trna1	Gly	44.2	49.9	-999	58.9	34.2	56.2	51.2	91.3	69.0	30.1	22.8	4.6	23.3	-999	46.7	-10.6	21.5	58.7	32.6	42.0	53.3	-999
LARABICALEM1108_LARLEM1108_11_26_A.trna1	Ala	97.1	50.3	25.5	34.5	54.3	31.6	3.6	39.8	31.2	50.9	6.3	42.1	49.1	31.6	62.5	-999	-15.2	71.0	55.6	20.2	52.8	-999
LARABICALEM1108_LARLEM1108_11_27_L.trna1	Leu	58.9	45.2	-0.6	18.8	56.6	58.3	15.3	33.7	64.2	47.4	87.4	-4.4	21.6	8.6	32.5	-999	67.7	48.5	42.4	32.7	33.6	-999
LARABICALEM1108_LARLEM1108_11_28_M.trna1	Met	51.9	58.0	48.1	17.5	47.3	41.5	19.5	29.4	51.5	82.0	11.1	56.0	96.0	53.3	24.0	-999	6.9	82.3	46.0	38.3	63.1	2.6
LARABICALEM1108_LARLEM1108_11_29_R.trna1	Arg	41.2	93.5	63.7	22.5	61.2	29.2	6.1	32.1	58.1	57.5	9.8	59.9	42.4	32.2	25.3	-999	16.2	65.5	79.3	47.0	29.5	3.5
LARABICALEM1108_LARLEM1108_15_30_D.trna1	Asp	47.0	55.5	32.4	106.5	37.5	61.9	70.2	72.9	70.5	29.7	1.2	10.2	36.9	-999	44.9	-999	0.6	62.3	44.0	31.2	52.8	-999
LARABICALEM1108_LARLEM1108_15_31_E.trna1	Glu	42.1	50.1	14.3	73.3	36.7	44.0	87.7	60.4	70.6	28.0	-1.6	25.9	26.3	-0.1	21.2	-999	0.0	48.6	26.4	10.5	37.8	-999
LARABICALEM1108_LARLEM1108_16_33_Q.trna1	Gln	28.3	50.6	41.9	47.9	35.4	82.5	47.2	44.0	58.8	44.2	-999	13.3	27.0	3.1	4.6	-999	31.2	53.9	22.5	37.7	49.7	-999
LARABICALEM1108_LARLEM1108_17_34_D.trna1	Asp	47.0	55.5	32.4	106.5	37.5	61.9	70.2	72.9	70.5	29.7	1.2	10.2	36.9	-999	44.9	-999	0.6	62.3	44.0	31.2	52.8	-999
LARABICALEM1108_LARLEM1108_17_35_S.trna1	Ser	58.1	57.5	20.6	30.3	44.1	42.0	21.3	49.2	52.2	49.7	67.7	14.2	37.9	-999	14.2	-19.7	88.5	62.3	42.9	38.9	32.3	-26.7
LARABICALEM1108_LARLEM1108_17_36_A.trna1	Ala	85.5	25.9	-7.1	12.6	37.1	-999	-999	16.9	15.6	21.4	-999	13.6	20.6	23.8	32.5	-999	-999	43.0	21.7	-4.9	29.7	-14.0
LARABICALEM1108_LARLEM1108_21_39_S.trna1	Ser	54.6	57.9	20.1	30.3	45.0	42.7	17.4	48.8	52.5	51.0	70.3	17.0	39.5	-999	12.5	-20.8	89.9	63.1	43.4	44.0	34.7	-25.2
LARABICALEM1108_LARLEM1108_21_42_P.trna1	Pro	73.1	46.1	10.3	58.1	41.5	51.7	53.1	59.5	57.0	31.9	5.6	-999	19.9	-5.8	105.4	-999	-10.1	54.4	46.7	23.9	66.2	-999
LARABICALEM1108_LARLEM1108_21_43_V.trna1	Val	56.5	54.6	3.9	40.1	30.5	30.4	62.4	42.7	51.2	51.1	17.9	9.5	32.0	-11.1	47.7	-999	10.6	66.6	23.1	12.1	69.1	-999
LARABICALEM1108_LARLEM1108_21_44_K.trna1	Lys	64.8	72.1	68.0	36.1	61.4	45.8	18.3	63.0	52.5	65.4	13.7	86.1	81.0	48.6	37.7	-999	21.9	77.1	64.3	58.8	59.3	5.2
LARABICALEM1108_LARLEM1108_23_46_I.trna1	Ile	55.1	77.7	56.9	53.8	48.0	72.3	45.7	57.4	62.6	82.8	48.4	30.4	69.4	33.8	52.6	-999	37.1	78.5	64.5	58.3	84.4	-18.9
LARABICALEM1108_LARLEM1108_23_47_V.trna1	Val	52.8	62.9	36.8	46.3	36.0	44.9	62.0	58.6	59.4	56.9	25.5	14.3	41.6	8.2	56.2	-999	33.1	64.0	40.4	37.3	81.7	-999
LARABICALEM1108_LARLEM1108_23_48_Q.trna1	Gln	60.5	64.3	41.6	70.1	48.4	101.7	57.8	61.4	85.8	68.5	26.3	13.1	43.7	5.6	42.0	-999	44.9	73.3	51.4	55.8	72.9	-15.7
LARABICALEM1108_LARLEM1108_23_49_R.trna1	Arg	41.2	93.5	63.7	22.5	61.2	29.2	6.1	32.1	58.1	57.5	9.8	59.9	42.4	32.2	25.3	-999	16.2	65.5	79.3	47.0	29.5	3.5
LARABICALEM1108_LARLEM1108_23_50_L.trna1	Leu	38.4	37.5	-8.0	12.8	38.2	43.3	20.6	41.9	70.0	47.0	87.6	-11.7	22.3	-10.5	28.8	-999	55.7	42.9	24.7	19.1	35.8	-999
LARABICALEM1108_LARLEM1108_23_51_T.trna1	Thr	64.1	64.1	37.6	42.7	61.4	57.6	17.9	31.7	54.3	54.3	-2.5	51.3	70.0	37.1	50.1	-999	1.2	89.4	58.9	41.3	52.1	-6.5
LARABICALEM1108_LARLEM1108_23_52_R.trna1	Arg	25.3	95.1	56.3	17.9	51.0	39.1	-999	33.9	50.5	64.1	9.4	63.0	59.4	28.9	20.0	-999	18.0	62.2	75.6	41.2	41.3	-7.8
LARABICALEM1108_LARLEM1108_23_53_K.trna1	Lys	67.1	62.9	58.7	21.6	56.7	32.0	15.9	55.7	40.1	65.4	27.2	91.4	62.9	27.0	22.3	-999	24.1	64.3	50.5	42.3	49.3	-3.7
LARABICALEM1108_LARLEM1108_23_54_G.trna1	Gly	52.7	55.8	10.2	70.2	33.0	52.8	57.7	83.7	54.9	34.3	31.4	-0.9	34.3	-7.1	35.1	-21.8	29.0	54.7	51.0	17.4	42.9	-999
LARABICALEM1108_LARLEM1108_23_55_W.trna1	Trp	68.1	65.9	34.6	20.4	82.5	39.3	8.0	39.4	51.2	54.1	9.3	51.7	56.1	55.2	37.6	-999	20.2	78.2	78.2	52.7	39.2	-11.6
LARABICALEM1108_LARLEM1108_24_58_P.trna1	Pro	70.6	46.0	17.0	52.9	43.7	47.7	45.1	58.5	57.0	41.5	17.8	8.6	27.9	-0.5	104.6	-6.3	-3.9	60.2	58.8	27.0	62.8	-999
LARABICALEM1108_LARLEM1108_24_59_Q.trna1	Gln	28.3	50.6	41.9	47.9	35.4	82.5	47.2	44.0	58.8	44.2	-999	13.3	27.0	3.1	4.6	-999	31.2	53.9	22.5	37.7	49.7	-999
LARABICALEM1108_LARLEM1108_24_60_L.trna1	Leu	42.9	42.5	17.4	-6.8	51.8	26.5	-5.6	9.3	49.1	54.6	78.1	25.6	33.9	13.9	8.9	-18.6	54.2	38.0	27.0	40.2	26.5	-999
LARABICALEM1108_LARLEM1108_24_61_I.trna1	Ile	66.3	81.3	64.1	57.8	67.3	47.5	26.1	43.6	60.4	96.6	13.8	63.1	77.5	62.3	33.2	-999	32.7	92.8	62.5	68.1	71.5	0.7
LARABICALEM1108_LARLEM1108_24_62_I.trna1	Ile	66.3	81.3	64.1	57.8	67.3	47.5	26.1	43.6	60.4	96.6	13.8	63.1	77.5	62.3	33.2	-999	32.7	92.8	62.5	68.1	71.5	0.7
LARABICALEM1108_LARLEM1108_24_63_D.trna1	Asp	47.0	55.5	32.4	106.5	37.5	61.9	70.2	72.9	70.5	29.7	1.2	10.2	36.9	-999	44.9	-999	0.6	62.3	44.0	31.2	52.8	-999
LARABICALEM1108_LARLEM1108_29_66_L.trna1	Leu	31.4	44.7	7.4	7.0	61.8	52.6	2.7	47.4	63.0	53.4	94.3	7.4	24.1	6.8	13.8	-999	72.2	48.3	32.9	48.6	29.4	-999
LARABICALEM1108_LARLEM1108_29_67_S.trna1	Ser	15.1	45.4	28.9	18.2	52.8	48.7	8.8	27.0	48.8	24.0	50.8	-4.3	8.6	-4.2	-999	-10.8	87.7	48.3	27.8	59.0	22.1	-999
LARABICALEM1108_LARLEM1108_30_68_T.trna1	Thr	51.3	65.7	35.8	29.0	51.2	46.2	14.5	33.2	56.0	59.6	1.8	48.0	69.4	26.0	36.0	-999	1.5	85.7	46.2	37.8	51.1	-999
LARABICALEM1108_LARLEM1108_31_70_F.trna1	Phe	57.2	66.3	51.4	50.0	88.1	42.4	25.4	47.4	65.3	72.5	17.7	73.5	83.0	113.6	45.0	-999	14.5	86.2	76.5	86.5	62.8	7.8
LARABICALEM1108_LARLEM1108_31_71_S.trna1	Ser	16.3	48.8	20.1	19.5	51.9	43.1	9.4	26.0	47.5	27.0	48.8	1.1	10.1	-5.1	-999	-4.3	90.7	50.4	31.1	62.4	24.7	-999
LARABICALEM1108_LARLEM1108_31_72_A.trna1	Ala	85.5	25.9	-7.1	12.6	37.1	-999	-999	16.9	15.6	21.4	-999	13.6	20.6	23.8	32.5	-999	-999	43.0	21.7	-4.9	29.7	-14.0
LARABICALEM1108_LARLEM1108_33_74_R.trna1	Arg	63.0	91.1	63.3	38.0	43.0	46.4	49.2	45.6	62.5	66.2	8.2	40.3	48.9	7.3	46.1	-999	34.1	75.0	66.2	36.9	74.6	-999
LARABICALEM1108_LARLEM1108_33_75_R.trna1	Arg	45.2	96.2	63.0	31.3	49.5	62.5	37.9	37.2	65.0	76.6	33.7	34.3	53.9	21.7	25.6	-8.2	40.0	74.2	63.8	60.1	57.0	-4.6
LARABICALEM1108_LARLEM1108_33_76_A.trna1	Ala	94.5	50.6	18.5	27.8	57.9	34.1	1.8	40.3	33.6	52.7	15.7	38.8	45.4	20.7	64.1	-999	-5.1	71.9	53.5	21.7	50.2	-25.6
LARABICALEM1108_LARLEM1108_34_77_N.trna1	Asn	21.7	60.9	79.4	12.1	53.4	38.5	21.2	32.4	50.0	45.6	4.3	65.5	71.0	22.5	22.1	-999	6.9	61.0	48.5	48.8	47.5	36.8
LARABICALEM1108_LARLEM1108_34_78_Y.trna1	Tyr	51.1	69.4	54.6	20.8	72.4	34.6	20.9	42.7	60.2	56.9	-1.5	62.3	44.6	56.8	27.5	-999	-5.5	74.3	68.1	83.7	51.1	-24.1
LARABICALEM1108_LARLEM1108_34_79_T.trna1	Thr	51.3	65.7	35.8	29.0	51.2	46.2	14.5	33.2	56.0	59.6	1.8	48.0	69.4	26.0	36.0	-999	1.5	85.7	46.2	37.8	51.1	-999
LARABICALEM1108_LARLEM1108_34_80_P.trna1	Pro	70.6	46.0	17.0	52.9	43.7	47.7	45.1	58.5	57.0	41.5	17.8	8.6	27.9	-0.5	104.6	-6.3	-3.9	60.2	58.8	27.0	62.8	-999
LARABICALEM1108_LARLEM1108_34_81_N.trna1	Asn	21.7	60.9	79.4	12.1	53.4	38.5	21.2	32.4	50.0	45.6	4.3	65.5	71.0	22.5	22.1	-999	6.9	61.0	48.5	48.8	47.5	36.8
LARABICALEM1108_LARLEM1108_36_83_G.trna1	Gly	62.8	45.0	-8.2	76.1	41.1	37.3	75.4	97.3	60.6	33.8	15.4	24.7	26.0	20.1	71.5	-999	5.0	54.7	45.8	37.1	41.7	-999
LARABICALEM1108_LARLEM1108_36_84_T.trna1	Thr	53.8	69.3	53.9	38.7	57.3	43.3	8.6	34.9	40.1	69.2	-999	60.0	70.5	38.2	37.0	-999	-999	84.8	68.0	48.5	55.7	2.8
LARABICALEM1108_LARLEM1108_36_85_G.trna1	Gly	62.8	45.0	-8.2	76.1	41.1	37.3	75.4	97.3	60.6	33.8	15.4	24.7	26.0	20.1	71.5	-999	5.0	54.7	45.8	37.1	41.7	-999
LARABICALEM1108_LARLEM1108_36_86_P.trna1	Pro	73.1	46.1	10.3	58.1	41.5	51.7	53.1	59.5	57.0	31.9	5.6	-999	19.9	-5.8	105.4	-999	-10.1	54.4	46.7	23.9	66.2	-999
LARABICALEM1108_LARLEM1108_36_87_Q.trna1	Gln	28.3	50.6	41.9	47.9	35.4	82.5	47.2	44.0	58.8	44.2	-999	13.3	27.0	3.1	4.6	-999	31.2	53.9	22.5	37.7	49.7	-999
LARABICALEM1108_LARLEM1108_36_90_C.trna1	Cys	57.8	54.7	47.7	27.2	87.3	58.0	7.1	38.1	53.0	48.3	5.3	39.1	53.4	54.8	54.9	-999	3.1	70.8	65.0	50.7	60.9	-19.8
LARABICALEM1108_LARLEM1108_36_91_L.trna1	Leu	58.9	45.2	-0.6	18.8	56.6	58.3	15.3	33.7	64.2	47.4	87.4	-4.4	21.6	8.6	32.5	-999	67.7	48.5	42.4	32.7	33.6	-999
LARABICALEM1108_LARLEM1108_36_92_X.trna1	iMet	32.3	45.8	39.6	-999	48.4	21.1	-999	-999	41.4	56.7	-2.5	30.6	66.5	27.4	9.7	-999	6.8	59.7	35.4	44.6	50.8	101.5
LARABICALEM1108_LARLEM1108_36_93_P.trna1	Pro	71.9	45.3	6.6	37.6	42.4	57.1	45.5	52.3	56.2	46.1	17.9	-8.5	21.6	9.5	100.8	-999	1.9	59.3	53.0	26.9	62.5	-999
LARABICALEM1108_LARLEM1108_36_94_Y.trna1	Tyr	51.1	69.4	54.6	20.8	72.4	34.6	20.9	42.7	60.2	56.9	-1.5	62.3	44.6	56.8	27.5	-999	-5.5	74.3	68.1	83.7	51.1	-24.1
LARABICALEM1108_LARLEM1108_36_95_T.trna1	Thr	53.8	69.3	53.9	38.7	57.3	43.3	8.6	34.9	40.1	69.2	-999	60.0	70.5	38.2	37.0	-999	-999	84.8	68.0	48.5	55.7	2.8
LARABICALEM1108_LARLEM1108_36_96_T.trna1	Thr	53.8	69.3	53.9	38.7	57.3	43.3	8.6	34.9	40.1	69.2	-999	60.0	70.5	38.2	37.0	-999	-999	84.8	68.0	48.5	55.7	2.8
LARABICALEM1108_LARLEM1108_36_97_Y.trna1	Tyr	51.1	69.4	54.6	20.8	72.4	34.6	20.9	42.7	60.2	56.9	-1.5	62.3	44.6	56.8	27.5	-999	-5.5	74.3	68.1	83.7	51.1	-24.1
LARABICALEM1108_LARLEM1108_SCAF000107_99_S.trna1	Ser	29.3	49.4	25.7	16.1	47.7	37.5	8.2	6.0	43.5	27.2	52.0	9.8	16.7	6.5	-999	-11.0	89.3	50.2	28.5	53.1	25.1	-999
LARABICALEM1108_LARLEM1108_SCAF000107_100_L.trna1	Leu	50.1	59.6	16.1	19.7	57.6	49.8	12.1	43.5	71.9	55.5	93.5	13.9	38.5	13.2	28.0	-999	71.8	56.9	41.6	38.5	39.4	-999
LARABICALEM1108_LARLEM1108_SCAF000107_101_M.trna1	Met	51.9	58.0	48.1	17.5	47.3	41.5	19.5	29.4	51.5	82.0	11.1	56.0	96.0	53.3	24.0	-999	6.9	82.3	46.0	38.3	63.1	2.6
LARABICALEM1108_LARLEM1108_SCAF000107_102_I.trna1	Ile	66.3	81.3	64.1	57.8	67.3	47.5	26.1	43.6	60.4	96.6	13.8	63.1	77.5	62.3	33.2	-999	32.7	92.8	62.5	68.1	71.5	0.7
LARABICALEM1108_LARLEM1108_SCAF000107_103_V.trna1	Val	56.5	54.6	3.9	40.1	30.5	30.4	62.4	42.7	51.2	51.1	17.9	9.5	32.0	-11.1	47.7	-999	10.6	66.6	23.1	12.1	69.1	-999
LGERBILLILEM452_LGELEM452_03_2_K.trna1	Lys	64.8	72.1	68.0	36.1	61.4	45.8	18.3	63.0	52.5	65.4	13.7	86.1	81.0	48.6	37.7	-999	21.9	77.1	64.3	58.8	59.3	5.2
LGERBILLILEM452_LGELEM452_05_4_R.trna1	Arg	41.2	93.5	63.7	22.5	61.2	29.2	6.1	32.1	58.1	57.5	9.8	59.9	42.4	32.2	25.3	-999	16.2	65.5	79.3	47.0	29.5	3.5
LGERBILLILEM452_LGELEM452_07_7_R.trna1	Arg	41.2	93.5	63.7	22.5	61.2	29.2	6.1	32.1	58.1	57.5	9.8	59.9	42.4	32.2	25.3	-999	16.2	65.5	79.3	47.0	29.5	3.5
LGERBILLILEM452_LGELEM452_09_9_X.trna1	iMet	32.3	45.8	39.6	-999	48.4	21.1	-999	-999	41.4	56.7	-2.5	30.6	66.5	27.4	9.7	-999	6.8	59.7	35.4	44.6	50.8	101.5
LGERBILLILEM452_LGELEM452_09_10_L.trna1	Leu	38.4	37.5	-8.0	12.8	38.2	43.3	20.6	41.9	70.0	47.0	87.6	-11.7	22.3	-10.5	28.8	-999	55.7	42.9	24.7	19.1	35.8	-999
LGERBILLILEM452_LGELEM452_09_11_V.trna1	Val	47.2	59.4	31.6	42.9	51.0	40.3	66.3	52.5	67.1	44.7	7.5	6.2	48.2	15.4	43.7	-999	11.3	63.1	45.0	40.0	66.3	-999
LGERBILLILEM452_LGELEM452_09_12_H.trna1	His	51.4	45.8	-999	44.0	64.2	44.7	21.9	48.3	65.4	19.3	3.8	27.0	25.1	41.8	33.5	-999	-11.3	54.7	29.9	40.2	29.3	-999
LGERBILLILEM452_LGELEM452_09_13_F.trna1	Phe	57.2	66.3	51.4	50.0	88.1	42.4	25.4	47.4	65.3	72.5	17.7	73.5	83.0	113.6	45.0	-999	14.5	86.2	76.5	86.5	62.8	7.8
LGERBILLILEM452_LGELEM452_09_14_E.trna1	Glu	37.2	48.8	17.9	68.5	36.4	51.3	88.4	49.7	65.0	23.8	-999	24.1	22.3	-0.8	12.2	-999	-13.7	45.6	36.6	4.4	29.7	-999
LGERBILLILEM452_LGELEM452_09_15_V.trna1	Val	47.2	59.4	31.6	42.9	51.0	40.3	66.3	52.5	67.1	44.7	7.5	6.2	48.2	15.4	43.7	-999	11.3	63.1	45.0	40.0	66.3	-999
LGERBILLILEM452_LGELEM452_09_16_R.trna1	Arg	44.2	89.2	57.9	18.7	47.7	30.7	-999	13.1	46.3	57.0	3.4	48.5	52.9	36.6	18.4	-999	10.5	57.3	72.3	24.7	26.3	-2.7
LGERBILLILEM452_LGELEM452_09_17_H.trna1	His	51.4	45.8	-999	44.0	64.2	44.7	21.9	48.3	65.4	19.3	3.8	27.0	25.1	41.8	33.5	-999	-11.3	54.7	29.9	40.2	29.3	-999
LGERBILLILEM452_LGELEM452_10_18_K.trna1	Lys	64.8	72.1	68.0	36.1	61.4	45.8	18.3	63.0	52.5	65.4	13.7	86.1	81.0	48.6	37.7	-999	21.9	77.1	64.3	58.8	59.3	5.2
LGERBILLILEM452_LGELEM452_10_19_G.trna1	Gly	62.8	45.0	-8.2	76.1	41.1	37.3	75.4	97.3	60.6	33.8	15.4	24.7	26.0	20.1	71.5	-999	5.0	54.7	45.8	37.1	41.7	-999
LGERBILLILEM452_LGELEM452_10_20_N.trna1	Asn	21.7	60.9	79.4	12.1	53.4	38.5	21.2	32.4	50.0	45.6	4.3	65.5	71.0	22.5	22.1	-999	6.9	61.0	48.5	48.8	47.5	36.8
LGERBILLILEM452_LGELEM452_11_21_L.trna1	Leu	58.9	45.2	-0.6	18.8	56.6	58.3	15.3	33.7	64.2	47.4	87.4	-4.4	21.6	8.6	32.5	-999	67.7	48.5	42.4	32.7	33.6	-999
LGERBILLILEM452_LGELEM452_11_22_A.trna1	Ala	97.1	50.3	25.5	34.5	54.3	31.6	3.6	39.8	31.2	50.9	6.3	42.1	49.1	31.6	62.5	-999	-15.2	71.0	55.6	20.2	52.8	-999
LGERBILLILEM452_LGELEM452_11_23_A.trna1	Ala	97.1	50.3	25.5	34.5	54.3	31.6	3.6	39.8	31.2	50.9	6.3	42.1	49.1	31.6	62.5	-999	-15.2	71.0	55.6	20.2	52.8	-999
LGERBILLILEM452_LGELEM452_11_24_G.trna1	Gly	44.2	49.9	-999	58.9	34.2	56.2	51.2	91.3	69.0	30.1	22.8	4.6	23.3	-999	46.7	-10.6	21.5	58.7	32.6	42.0	53.3	-999
LGERBILLILEM452_LGELEM452_11_25_M.trna1	Met	51.9	58.0	48.1	17.5	47.3	41.5	19.5	29.4	51.5	82.0	11.1	56.0	96.0	53.3	24.0	-999	6.9	82.3	46.0	38.3	63.1	2.6
LGERBILLILEM452_LGELEM452_11_26_R.trna1	Arg	41.2	93.5	63.7	22.5	61.2	29.2	6.1	32.1	58.1	57.5	9.8	59.9	42.4	32.2	25.3	-999	16.2	65.5	79.3	47.0	29.5	3.5
LGERBILLILEM452_LGELEM452_15_27_D.trna1	Asp	47.0	55.5	32.4	106.5	37.5	61.9	70.2	72.9	70.5	29.7	1.2	10.2	36.9	-999	44.9	-999	0.6	62.3	44.0	31.2	52.8	-999
LGERBILLILEM452_LGELEM452_15_28_E.trna1	Glu	42.1	50.1	14.3	73.3	36.7	44.0	87.7	60.4	70.6	28.0	-1.6	25.9	26.3	-0.1	21.2	-999	0.0	48.6	26.4	10.5	37.8	-999
LGERBILLILEM452_LGELEM452_16_29_Q.trna1	Gln	28.3	50.6	41.9	47.9	35.4	82.5	47.2	44.0	58.8	44.2	-999	13.3	27.0	3.1	4.6	-999	31.2	53.9	22.5	37.7	49.7	-999
LGERBILLILEM452_LGELEM452_21_33_S.trna1	Ser	54.6	57.9	20.1	30.3	45.0	42.7	17.4	48.8	52.5	51.0	70.3	17.0	39.5	-999	12.5	-20.8	89.9	63.1	43.4	44.0	34.7	-25.2
LGERBILLILEM452_LGELEM452_21_36_P.trna1	Pro	73.1	46.1	10.3	58.1	41.5	51.7	53.1	59.5	57.0	31.9	5.6	-999	19.9	-5.8	105.4	-999	-10.1	54.4	46.7	23.9	66.2	-999
LGERBILLILEM452_LGELEM452_21_37_V.trna1	Val	56.5	54.6	3.9	40.1	30.5	30.4	62.4	42.7	51.2	51.1	17.9	9.5	32.0	-11.1	47.7	-999	10.6	66.6	23.1	12.1	69.1	-999
LGERBILLILEM452_LGELEM452_21_38_K.trna1	Lys	64.8	72.1	68.0	36.1	61.4	45.8	18.3	63.0	52.5	65.4	13.7	86.1	81.0	48.6	37.7	-999	21.9	77.1	64.3	58.8	59.3	5.2
LGERBILLILEM452_LGELEM452_23_40_I.trna1	Ile	55.1	77.7	56.9	53.8	48.0	72.3	45.7	57.4	62.6	82.8	48.4	30.4	69.4	33.8	52.6	-999	37.1	78.5	64.5	58.3	84.4	-18.9
LGERBILLILEM452_LGELEM452_23_41_V.trna1	Val	52.8	62.9	36.8	46.3	36.0	44.9	62.0	58.6	59.4	56.9	25.5	14.3	41.6	8.2	56.2	-999	33.1	64.0	40.4	37.3	81.7	-999
LGERBILLILEM452_LGELEM452_23_42_Q.trna1	Gln	60.5	64.3	41.6	70.1	48.4	101.7	57.8	61.4	85.8	68.5	26.3	13.1	43.7	5.6	42.0	-999	44.9	73.3	51.4	55.8	72.9	-15.7
LGERBILLILEM452_LGELEM452_23_43_R.trna1	Arg	41.2	93.5	63.7	22.5	61.2	29.2	6.1	32.1	58.1	57.5	9.8	59.9	42.4	32.2	25.3	-999	16.2	65.5	79.3	47.0	29.5	3.5
LGERBILLILEM452_LGELEM452_23_44_L.trna1	Leu	38.4	37.5	-8.0	12.8	38.2	43.3	20.6	41.9	70.0	47.0	87.6	-11.7	22.3	-10.5	28.8	-999	55.7	42.9	24.7	19.1	35.8	-999
LGERBILLILEM452_LGELEM452_23_45_T.trna1	Thr	64.1	64.1	37.6	42.7	61.4	57.6	17.9	31.7	54.3	54.3	-2.5	51.3	70.0	37.1	50.1	-999	1.2	89.4	58.9	41.3	52.1	-6.5
LGERBILLILEM452_LGELEM452_23_46_R.trna1	Arg	25.3	95.1	56.3	17.9	51.0	39.1	-999	33.9	50.5	64.1	9.4	63.0	59.4	28.9	20.0	-999	18.0	62.2	75.6	41.2	41.3	-7.8
LGERBILLILEM452_LGELEM452_23_47_K.trna1	Lys	66.4	68.0	62.0	24.6	55.0	37.6	11.3	55.4	41.7	71.6	27.2	94.4	68.2	29.4	28.4	-999	24.7	65.7	52.3	42.3	52.1	-3.7
LGERBILLILEM452_LGELEM452_23_48_G.trna1	Gly	52.7	55.8	10.2	70.2	33.0	52.8	57.7	83.7	54.9	34.3	31.4	-0.9	34.3	-7.1	35.1	-21.8	29.0	54.7	51.0	17.4	42.9	-999
LGERBILLILEM452_LGELEM452_23_49_W.trna1	Trp	68.1	65.9	34.6	20.4	82.5	39.3	8.0	39.4	51.2	54.1	9.3	51.7	56.1	55.2	37.6	-999	20.2	78.2	78.2	52.7	39.2	-11.6
LGERBILLILEM452_LGELEM452_24_52_P.trna1	Pro	70.6	46.0	17.0	52.9	43.7	47.7	45.1	58.5	57.0	41.5	17.8	8.6	27.9	-0.5	104.6	-6.3	-3.9	60.2	58.8	27.0	62.8	-999
LGERBILLILEM452_LGELEM452_24_53_Q.trna1	Gln	28.3	50.6	41.9	47.9	35.4	82.5	47.2	44.0	58.8	44.2	-999	13.3	27.0	3.1	4.6	-999	31.2	53.9	22.5	37.7	49.7	-999
LGERBILLILEM452_LGELEM452_24_54_L.trna1	Leu	42.9	42.5	17.4	-6.8	51.8	26.5	-5.6	9.3	49.1	54.6	78.1	25.6	33.9	13.9	8.9	-18.6	54.2	38.0	27.0	40.2	26.5	-999
LGERBILLILEM452_LGELEM452_24_55_I.trna1	Ile	66.3	81.3	64.1	57.8	67.3	47.5	26.1	43.6	60.4	96.6	13.8	63.1	77.5	62.3	33.2	-999	32.7	92.8	62.5	68.1	71.5	0.7
LGERBILLILEM452_LGELEM452_24_56_I.trna1	Ile	66.3	81.3	64.1	57.8	67.3	47.5	26.1	43.6	60.4	96.6	13.8	63.1	77.5	62.3	33.2	-999	32.7	92.8	62.5	68.1	71.5	0.7
LGERBILLILEM452_LGELEM452_24_57_D.trna1	Asp	47.0	55.5	32.4	106.5	37.5	61.9	70.2	72.9	70.5	29.7	1.2	10.2	36.9	-999	44.9	-999	0.6	62.3	44.0	31.2	52.8	-999
LGERBILLILEM452_LGELEM452_29_59_L.trna1	Leu	31.4	44.7	7.4	7.0	61.8	52.6	2.7	47.4	63.0	53.4	94.3	7.4	24.1	6.8	13.8	-999	72.2	48.3	32.9	48.6	29.4	-999
LGERBILLILEM452_LGELEM452_29_60_S.trna1	Ser	15.1	45.4	28.9	18.2	52.8	48.7	8.8	27.0	48.8	24.0	50.8	-4.3	8.6	-4.2	-999	-10.8	87.7	48.3	27.8	59.0	22.1	-999
LGERBILLILEM452_LGELEM452_30_62_T.trna1	Thr	51.3	65.7	35.8	29.0	51.2	46.2	14.5	33.2	56.0	59.6	1.8	48.0	69.4	26.0	36.0	-999	1.5	85.7	46.2	37.8	51.1	-999
LGERBILLILEM452_LGELEM452_31_63_F.trna1	Phe	57.2	66.3	51.4	50.0	88.1	42.4	25.4	47.4	65.3	72.5	17.7	73.5	83.0	113.6	45.0	-999	14.5	86.2	76.5	86.5	62.8	7.8
LGERBILLILEM452_LGELEM452_31_64_S.trna1	Ser	16.3	48.8	20.1	19.5	51.9	43.1	9.4	26.0	47.5	27.0	48.8	1.1	10.1	-5.1	-999	-4.3	90.7	50.4	31.1	62.4	24.7	-999
LGERBILLILEM452_LGELEM452_31_65_A.trna1	Ala	85.5	25.9	-7.1	12.6	37.1	-999	-999	16.9	15.6	21.4	-999	13.6	20.6	23.8	32.5	-999	-999	43.0	21.7	-4.9	29.7	-14.0
LGERBILLILEM452_LGELEM452_33_67_R.trna1	Arg	63.0	91.1	63.3	38.0	43.0	46.4	49.2	45.6	62.5	66.2	8.2	40.3	48.9	7.3	46.1	-999	34.1	75.0	66.2	36.9	74.6	-999
LGERBILLILEM452_LGELEM452_33_68_R.trna1	Arg	45.2	96.2	63.0	31.3	49.5	62.5	37.9	37.2	65.0	76.6	33.7	34.3	53.9	21.7	25.6	-8.2	40.0	74.2	63.8	60.1	57.0	-4.6
LGERBILLILEM452_LGELEM452_33_69_A.trna1	Ala	94.5	50.6	18.5	27.8	57.9	34.1	1.8	40.3	33.6	52.7	15.7	38.8	45.4	20.7	64.1	-999	-5.1	71.9	53.5	21.7	50.2	-25.6
LGERBILLILEM452_LGELEM452_33_70_K.trna1	Lys	64.8	72.1	68.0	36.1	61.4	45.8	18.3	63.0	52.5	65.4	13.7	86.1	81.0	48.6	37.7	-999	21.9	77.1	64.3	58.8	59.3	5.2
LGERBILLILEM452_LGELEM452_34_71_N.trna1	Asn	21.7	60.9	79.4	12.1	53.4	38.5	21.2	32.4	50.0	45.6	4.3	65.5	71.0	22.5	22.1	-999	6.9	61.0	48.5	48.8	47.5	36.8
LGERBILLILEM452_LGELEM452_34_72_Y.trna1	Tyr	51.1	69.4	54.6	20.8	72.4	34.6	20.9	42.7	60.2	56.9	-1.5	62.3	44.6	56.8	27.5	-999	-5.5	74.3	68.1	83.7	51.1	-24.1
LGERBILLILEM452_LGELEM452_34_73_T.trna1	Thr	51.3	65.7	35.8	29.0	51.2	46.2	14.5	33.2	56.0	59.6	1.8	48.0	69.4	26.0	36.0	-999	1.5	85.7	46.2	37.8	51.1	-999
LGERBILLILEM452_LGELEM452_34_74_P.trna1	Pro	70.6	46.0	17.0	52.9	43.7	47.7	45.1	58.5	57.0	41.5	17.8	8.6	27.9	-0.5	104.6	-6.3	-3.9	60.2	58.8	27.0	62.8	-999
LGERBILLILEM452_LGELEM452_34_75_N.trna1	Asn	21.7	60.9	79.4	12.1	53.4	38.5	21.2	32.4	50.0	45.6	4.3	65.5	71.0	22.5	22.1	-999	6.9	61.0	48.5	48.8	47.5	36.8
LGERBILLILEM452_LGELEM452_36_77_T.trna1	Thr	53.8	69.3	53.9	38.7	57.3	43.3	8.6	34.9	40.1	69.2	-999	60.0	70.5	38.2	37.0	-999	-999	84.8	68.0	48.5	55.7	2.8
LGERBILLILEM452_LGELEM452_36_78_G.trna1	Gly	62.8	45.0	-8.2	76.1	41.1	37.3	75.4	97.3	60.6	33.8	15.4	24.7	26.0	20.1	71.5	-999	5.0	54.7	45.8	37.1	41.7	-999
LGERBILLILEM452_LGELEM452_36_79_P.trna1	Pro	73.1	46.1	10.3	58.1	41.5	51.7	53.1	59.5	57.0	31.9	5.6	-999	19.9	-5.8	105.4	-999	-10.1	54.4	46.7	23.9	66.2	-999
LGERBILLILEM452_LGELEM452_36_80_Q.trna1	Gln	28.3	50.6	41.9	47.9	35.4	82.5	47.2	44.0	58.8	44.2	-999	13.3	27.0	3.1	4.6	-999	31.2	53.9	22.5	37.7	49.7	-999
LGERBILLILEM452_LGELEM452_36_83_C.trna1	Cys	57.8	54.7	47.7	27.2	87.3	58.0	7.1	38.1	53.0	48.3	5.3	39.1	53.4	54.8	54.9	-999	3.1	70.8	65.0	50.7	60.9	-19.8
LGERBILLILEM452_LGELEM452_36_84_L.trna1	Leu	58.9	45.2	-0.6	18.8	56.6	58.3	15.3	33.7	64.2	47.4	87.4	-4.4	21.6	8.6	32.5	-999	67.7	48.5	42.4	32.7	33.6	-999
LGERBILLILEM452_LGELEM452_36_85_X.trna1	iMet	32.3	45.8	39.6	-999	48.4	21.1	-999	-999	41.4	56.7	-2.5	30.6	66.5	27.4	9.7	-999	6.8	59.7	35.4	44.6	50.8	101.5
LGERBILLILEM452_LGELEM452_36_86_P.trna1	Pro	71.9	45.3	6.6	37.6	42.4	57.1	45.5	52.3	56.2	46.1	17.9	-8.5	21.6	9.5	100.8	-999	1.9	59.3	53.0	26.9	62.5	-999
LGERBILLILEM452_LGELEM452_36_87_Y.trna1	Tyr	51.1	69.4	54.6	20.8	72.4	34.6	20.9	42.7	60.2	56.9	-1.5	62.3	44.6	56.8	27.5	-999	-5.5	74.3	68.1	83.7	51.1	-24.1
LGERBILLILEM452_LGELEM452_36_88_T.trna1	Thr	53.8	69.3	53.9	38.7	57.3	43.3	8.6	34.9	40.1	69.2	-999	60.0	70.5	38.2	37.0	-999	-999	84.8	68.0	48.5	55.7	2.8
LGERBILLILEM452_LGELEM452_36_91_G.trna1	Gly	62.8	45.0	-8.2	76.1	41.1	37.3	75.4	97.3	60.6	33.8	15.4	24.7	26.0	20.1	71.5	-999	5.0	54.7	45.8	37.1	41.7	-999
LGERBILLILEM452_LGELEM452_SCAF000007_92_S.trna1	Ser	29.3	49.4	25.7	16.1	47.7	37.5	8.2	6.0	43.5	27.2	52.0	9.8	16.7	6.5	-999	-11.0	89.3	50.2	28.5	53.1	25.1	-999
LGERBILLILEM452_LGELEM452_SCAF000007_93_L.trna1	Leu	50.1	59.6	16.1	19.7	57.6	49.8	12.1	43.5	71.9	55.5	93.5	13.9	38.5	13.2	28.0	-999	71.8	56.9	41.6	38.5	39.4	-999
LGERBILLILEM452_LGELEM452_SCAF000007_94_M.trna1	Met	51.9	58.0	48.1	17.5	47.3	41.5	19.5	29.4	51.5	82.0	11.1	56.0	96.0	53.3	24.0	-999	6.9	82.3	46.0	38.3	63.1	2.6
LGERBILLILEM452_LGELEM452_SCAF000007_95_I.trna1	Ile	66.3	81.3	64.1	57.8	67.3	47.5	26.1	43.6	60.4	96.6	13.8	63.1	77.5	62.3	33.2	-999	32.7	92.8	62.5	68.1	71.5	0.7
LGERBILLILEM452_LGELEM452_SCAF000007_96_V.trna1	Val	56.5	54.6	3.9	40.1	30.5	30.4	62.4	42.7	51.2	51.1	17.9	9.5	32.0	-11.1	47.7	-999	10.6	66.6	23.1	12.1	69.1	-999
LGERBILLILEM452_LGELEM452_SCAF000066_97_E.trna1	Glu	42.1	50.1	14.3	73.3	36.7	44.0	87.7	60.4	70.6	28.0	-1.6	25.9	26.3	-0.1	21.2	-999	0.0	48.6	26.4	10.5	37.8	-999
LGERBILLILEM452_LGELEM452_SCAF000066_98_G.trna1	Gly	62.8	45.0	-8.2	76.1	41.1	37.3	75.4	97.3	60.6	33.8	15.4	24.7	26.0	20.1	71.5	-999	5.0	54.7	45.8	37.1	41.7	-999
LGERBILLILEM452_LGELEM452_SCAF000082_99_A.trna1	Ala	85.5	25.9	-7.1	12.6	37.1	-999	-999	16.9	15.6	21.4	-999	13.6	20.6	23.8	32.5	-999	-999	43.0	21.7	-4.9	29.7	-14.0
LGERBILLILEM452_LGELEM452_SCAF000082_100_S.trna1	Ser	55.3	52.8	17.0	27.3	46.7	37.2	20.1	49.2	50.9	44.7	70.2	13.9	34.2	-999	6.4	-20.8	89.4	61.6	41.6	42.0	31.9	-999
LGERBILLILEM452_LGELEM452_SCAF000082_101_D.trna1	Asp	47.0	55.5	32.4	106.5	37.5	61.9	70.2	72.9	70.5	29.7	1.2	10.2	36.9	-999	44.9	-999	0.6	62.3	44.0	31.2	52.8	-999
LMAJORFRIEDLIN_LMJF-03_2_K.trna1	Lys	64.8	72.1	68.0	36.1	61.4	45.8	18.3	63.0	52.5	65.4	13.7	86.1	81.0	48.6	37.7	-999	21.9	77.1	64.3	58.8	59.3	5.2
LMAJORFRIEDLIN_LMJF-05_5_R.trna1	Arg	41.2	93.5	63.7	22.5	61.2	29.2	6.1	32.1	58.1	57.5	9.8	59.9	42.4	32.2	25.3	-999	16.2	65.5	79.3	47.0	29.5	3.5
LMAJORFRIEDLIN_LMJF-07_8_R.trna1	Arg	41.2	93.5	63.7	22.5	61.2	29.2	6.1	32.1	58.1	57.5	9.8	59.9	42.4	32.2	25.3	-999	16.2	65.5	79.3	47.0	29.5	3.5
LMAJORFRIEDLIN_LMJF-09_9_X.trna1	iMet	32.3	45.8	39.6	-999	48.4	21.1	-999	-999	41.4	56.7	-2.5	30.6	66.5	27.4	9.7	-999	6.8	59.7	35.4	44.6	50.8	101.5
LMAJORFRIEDLIN_LMJF-09_10_L.trna1	Leu	38.4	37.5	-8.0	12.8	38.2	43.3	20.6	41.9	70.0	47.0	87.6	-11.7	22.3	-10.5	28.8	-999	55.7	42.9	24.7	19.1	35.8	-999
LMAJORFRIEDLIN_LMJF-09_11_V.trna1	Val	47.2	59.4	31.6	42.9	51.0	40.3	66.3	52.5	67.1	44.7	7.5	6.2	48.2	15.4	43.7	-999	11.3	63.1	45.0	40.0	66.3	-999
LMAJORFRIEDLIN_LMJF-09_12_H.trna1	His	51.4	45.8	-999	44.0	64.2	44.7	21.9	48.3	65.4	19.3	3.8	27.0	25.1	41.8	33.5	-999	-11.3	54.7	29.9	40.2	29.3	-999
LMAJORFRIEDLIN_LMJF-09_13_F.trna1	Phe	57.2	66.3	51.4	50.0	88.1	42.4	25.4	47.4	65.3	72.5	17.7	73.5	83.0	113.6	45.0	-999	14.5	86.2	76.5	86.5	62.8	7.8
LMAJORFRIEDLIN_LMJF-09_14_E.trna1	Glu	37.2	48.8	17.9	68.5	36.4	51.3	88.4	49.7	65.0	23.8	-999	24.1	22.3	-0.8	12.2	-999	-13.7	45.6	36.6	4.4	29.7	-999
LMAJORFRIEDLIN_LMJF-09_15_V.trna1	Val	47.2	59.4	31.6	42.9	51.0	40.3	66.3	52.5	67.1	44.7	7.5	6.2	48.2	15.4	43.7	-999	11.3	63.1	45.0	40.0	66.3	-999
LMAJORFRIEDLIN_LMJF-09_16_R.trna1	Arg	44.2	89.2	57.9	18.7	47.7	30.7	-999	13.1	46.3	57.0	3.4	48.5	52.9	36.6	18.4	-999	10.5	57.3	72.3	24.7	26.3	-2.7
LMAJORFRIEDLIN_LMJF-09_17_H.trna1	His	51.4	45.8	-999	44.0	64.2	44.7	21.9	48.3	65.4	19.3	3.8	27.0	25.1	41.8	33.5	-999	-11.3	54.7	29.9	40.2	29.3	-999
LMAJORFRIEDLIN_LMJF-10_18_K.trna1	Lys	64.8	72.1	68.0	36.1	61.4	45.8	18.3	63.0	52.5	65.4	13.7	86.1	81.0	48.6	37.7	-999	21.9	77.1	64.3	58.8	59.3	5.2
LMAJORFRIEDLIN_LMJF-10_19_G.trna1	Gly	62.8	45.0	-8.2	76.1	41.1	37.3	75.4	97.3	60.6	33.8	15.4	24.7	26.0	20.1	71.5	-999	5.0	54.7	45.8	37.1	41.7	-999
LMAJORFRIEDLIN_LMJF-10_20_N.trna1	Asn	21.7	60.9	79.4	12.1	53.4	38.5	21.2	32.4	50.0	45.6	4.3	65.5	71.0	22.5	22.1	-999	6.9	61.0	48.5	48.8	47.5	36.8
LMAJORFRIEDLIN_LMJF-11_21_L.trna1	Leu	58.9	45.2	-0.6	18.8	56.6	58.3	15.3	33.7	64.2	47.4	87.4	-4.4	21.6	8.6	32.5	-999	67.7	48.5	42.4	32.7	33.6	-999
LMAJORFRIEDLIN_LMJF-11_22_A.trna1	Ala	97.8	54.2	26.7	34.0	53.6	32.1	4.3	43.1	34.5	52.0	8.5	43.0	52.3	32.5	61.4	-999	-13.3	71.7	54.9	20.8	55.6	-999
LMAJORFRIEDLIN_LMJF-11_23_G.trna1	Gly	44.2	49.9	-999	58.9	34.2	56.2	51.2	91.3	69.0	30.1	22.8	4.6	23.3	-999	46.7	-10.6	21.5	58.7	32.6	42.0	53.3	-999
LMAJORFRIEDLIN_LMJF-11_24_A.trna1	Ala	97.8	54.2	26.7	34.0	53.6	32.1	4.3	43.1	34.5	52.0	8.5	43.0	52.3	32.5	61.4	-999	-13.3	71.7	54.9	20.8	55.6	-999
LMAJORFRIEDLIN_LMJF-11_25_L.trna1	Leu	58.9	45.2	-0.6	18.8	56.6	58.3	15.3	33.7	64.2	47.4	87.4	-4.4	21.6	8.6	32.5	-999	67.7	48.5	42.4	32.7	33.6	-999
LMAJORFRIEDLIN_LMJF-11_26_M.trna1	Met	51.9	58.0	48.1	17.5	47.3	41.5	19.5	29.4	51.5	82.0	11.1	56.0	96.0	53.3	24.0	-999	6.9	82.3	46.0	38.3	63.1	2.6
LMAJORFRIEDLIN_LMJF-11_27_R.trna1	Arg	41.2	93.5	63.7	22.5	61.2	29.2	6.1	32.1	58.1	57.5	9.8	59.9	42.4	32.2	25.3	-999	16.2	65.5	79.3	47.0	29.5	3.5
LMAJORFRIEDLIN_LMJF-15_30_D.trna1	Asp	47.0	55.5	32.4	106.5	37.5	61.9	70.2	72.9	70.5	29.7	1.2	10.2	36.9	-999	44.9	-999	0.6	62.3	44.0	31.2	52.8	-999
LMAJORFRIEDLIN_LMJF-15_31_E.trna1	Glu	42.1	50.1	14.3	73.3	36.7	44.0	87.7	60.4	70.6	28.0	-1.6	25.9	26.3	-0.1	21.2	-999	0.0	48.6	26.4	10.5	37.8	-999
LMAJORFRIEDLIN_LMJF-16_33_Q.trna1	Gln	28.3	50.6	41.9	47.9	35.4	82.5	47.2	44.0	58.8	44.2	-999	13.3	27.0	3.1	4.6	-999	31.2	53.9	22.5	37.7	49.7	-999
LMAJORFRIEDLIN_LMJF-17_34_D.trna1	Asp	47.0	55.5	32.4	106.5	37.5	61.9	70.2	72.9	70.5	29.7	1.2	10.2	36.9	-999	44.9	-999	0.6	62.3	44.0	31.2	52.8	-999
LMAJORFRIEDLIN_LMJF-17_35_S.trna1	Ser	55.3	52.8	17.0	27.3	46.7	37.2	20.1	49.2	50.9	44.7	70.2	13.9	34.2	-999	6.4	-20.8	89.4	61.6	41.6	42.0	31.9	-999
LMAJORFRIEDLIN_LMJF-17_36_A.trna1	Ala	85.5	25.9	-7.1	12.6	37.1	-999	-999	16.9	15.6	21.4	-999	13.6	20.6	23.8	32.5	-999	-999	43.0	21.7	-4.9	29.7	-14.0
LMAJORFRIEDLIN_LMJF-21_39_S.trna1	Ser	54.6	57.9	20.1	30.3	45.0	42.7	17.4	48.8	52.5	51.0	70.3	17.0	39.5	-999	12.5	-20.8	89.9	63.1	43.4	44.0	34.7	-25.2
LMAJORFRIEDLIN_LMJF-21_43_P.trna1	Pro	73.1	46.1	10.3	58.1	41.5	51.7	53.1	59.5	57.0	31.9	5.6	-999	19.9	-5.8	105.4	-999	-10.1	54.4	46.7	23.9	66.2	-999
LMAJORFRIEDLIN_LMJF-21_44_V.trna1	Val	56.5	54.6	3.9	40.1	30.5	30.4	62.4	42.7	51.2	51.1	17.9	9.5	32.0	-11.1	47.7	-999	10.6	66.6	23.1	12.1	69.1	-999
LMAJORFRIEDLIN_LMJF-21_45_K.trna1	Lys	64.8	72.1	68.0	36.1	61.4	45.8	18.3	63.0	52.5	65.4	13.7	86.1	81.0	48.6	37.7	-999	21.9	77.1	64.3	58.8	59.3	5.2
LMAJORFRIEDLIN_LMJF-23_50_I.trna1	Ile	55.1	77.7	56.9	53.8	48.0	72.3	45.7	57.4	62.6	82.8	48.4	30.4	69.4	33.8	52.6	-999	37.1	78.5	64.5	58.3	84.4	-18.9
LMAJORFRIEDLIN_LMJF-23_51_V.trna1	Val	52.8	62.9	36.8	46.3	36.0	44.9	62.0	58.6	59.4	56.9	25.5	14.3	41.6	8.2	56.2	-999	33.1	64.0	40.4	37.3	81.7	-999
LMAJORFRIEDLIN_LMJF-23_52_Q.trna1	Gln	60.5	64.3	41.6	70.1	48.4	101.7	57.8	61.4	85.8	68.5	26.3	13.1	43.7	5.6	42.0	-999	44.9	73.3	51.4	55.8	72.9	-15.7
LMAJORFRIEDLIN_LMJF-23_53_R.trna1	Arg	41.2	93.5	63.7	22.5	61.2	29.2	6.1	32.1	58.1	57.5	9.8	59.9	42.4	32.2	25.3	-999	16.2	65.5	79.3	47.0	29.5	3.5
LMAJORFRIEDLIN_LMJF-23_54_L.trna1	Leu	38.4	37.5	-8.0	12.8	38.2	43.3	20.6	41.9	70.0	47.0	87.6	-11.7	22.3	-10.5	28.8	-999	55.7	42.9	24.7	19.1	35.8	-999
LMAJORFRIEDLIN_LMJF-23_55_T.trna1	Thr	64.1	64.1	37.6	42.7	61.4	57.6	17.9	31.7	54.3	54.3	-2.5	51.3	70.0	37.1	50.1	-999	1.2	89.4	58.9	41.3	52.1	-6.5
LMAJORFRIEDLIN_LMJF-23_56_R.trna1	Arg	25.3	95.1	56.3	17.9	51.0	39.1	-999	33.9	50.5	64.1	9.4	63.0	59.4	28.9	20.0	-999	18.0	62.2	75.6	41.2	41.3	-7.8
LMAJORFRIEDLIN_LMJF-23_57_K.trna1	Lys	66.4	68.0	62.0	24.6	55.0	37.6	11.3	55.4	41.7	71.6	27.2	94.4	68.2	29.4	28.4	-999	24.7	65.7	52.3	42.3	52.1	-3.7
LMAJORFRIEDLIN_LMJF-23_58_G.trna1	Gly	52.7	55.8	10.2	70.2	33.0	52.8	57.7	83.7	54.9	34.3	31.4	-0.9	34.3	-7.1	35.1	-21.8	29.0	54.7	51.0	17.4	42.9	-999
LMAJORFRIEDLIN_LMJF-23_59_W.trna1	Trp	68.1	65.9	34.6	20.4	82.5	39.3	8.0	39.4	51.2	54.1	9.3	51.7	56.1	55.2	37.6	-999	20.2	78.2	78.2	52.7	39.2	-11.6
LMAJORFRIEDLIN_LMJF-24_61_P.trna1	Pro	70.6	46.0	17.0	52.9	43.7	47.7	45.1	58.5	57.0	41.5	17.8	8.6	27.9	-0.5	104.6	-6.3	-3.9	60.2	58.8	27.0	62.8	-999
LMAJORFRIEDLIN_LMJF-24_62_Q.trna1	Gln	28.3	50.6	41.9	47.9	35.4	82.5	47.2	44.0	58.8	44.2	-999	13.3	27.0	3.1	4.6	-999	31.2	53.9	22.5	37.7	49.7	-999
LMAJORFRIEDLIN_LMJF-24_63_L.trna1	Leu	42.9	42.5	17.4	-6.8	51.8	26.5	-5.6	9.3	49.1	54.6	78.1	25.6	33.9	13.9	8.9	-18.6	54.2	38.0	27.0	40.2	26.5	-999
LMAJORFRIEDLIN_LMJF-24_64_I.trna1	Ile	66.3	81.3	64.1	57.8	67.3	47.5	26.1	43.6	60.4	96.6	13.8	63.1	77.5	62.3	33.2	-999	32.7	92.8	62.5	68.1	71.5	0.7
LMAJORFRIEDLIN_LMJF-24_65_I.trna1	Ile	66.3	81.3	64.1	57.8	67.3	47.5	26.1	43.6	60.4	96.6	13.8	63.1	77.5	62.3	33.2	-999	32.7	92.8	62.5	68.1	71.5	0.7
LMAJORFRIEDLIN_LMJF-24_66_D.trna1	Asp	47.0	55.5	32.4	106.5	37.5	61.9	70.2	72.9	70.5	29.7	1.2	10.2	36.9	-999	44.9	-999	0.6	62.3	44.0	31.2	52.8	-999
LMAJORFRIEDLIN_LMJF-29_68_L.trna1	Leu	31.4	44.7	7.4	7.0	61.8	52.6	2.7	47.4	63.0	53.4	94.3	7.4	24.1	6.8	13.8	-999	72.2	48.3	32.9	48.6	29.4	-999
LMAJORFRIEDLIN_LMJF-29_69_S.trna1	Ser	15.1	45.4	28.9	18.2	52.8	48.7	8.8	27.0	48.8	24.0	50.8	-4.3	8.6	-4.2	-999	-10.8	87.7	48.3	27.8	59.0	22.1	-999
LMAJORFRIEDLIN_LMJF-30_70_T.trna1	Thr	51.3	65.7	35.8	29.0	51.2	46.2	14.5	33.2	56.0	59.6	1.8	48.0	69.4	26.0	36.0	-999	1.5	85.7	46.2	37.8	51.1	-999
LMAJORFRIEDLIN_LMJF-31_72_F.trna1	Phe	57.2	66.3	51.4	50.0	88.1	42.4	25.4	47.4	65.3	72.5	17.7	73.5	83.0	113.6	45.0	-999	14.5	86.2	76.5	86.5	62.8	7.8
LMAJORFRIEDLIN_LMJF-31_73_S.trna1	Ser	16.3	48.8	20.1	19.5	51.9	43.1	9.4	26.0	47.5	27.0	48.8	1.1	10.1	-5.1	-999	-4.3	90.7	50.4	31.1	62.4	24.7	-999
LMAJORFRIEDLIN_LMJF-31_74_A.trna1	Ala	85.5	25.9	-7.1	12.6	37.1	-999	-999	16.9	15.6	21.4	-999	13.6	20.6	23.8	32.5	-999	-999	43.0	21.7	-4.9	29.7	-14.0
LMAJORFRIEDLIN_LMJF-31_75_G.trna1	Gly	62.8	45.0	-8.2	76.1	41.1	37.3	75.4	97.3	60.6	33.8	15.4	24.7	26.0	20.1	71.5	-999	5.0	54.7	45.8	37.1	41.7	-999
LMAJORFRIEDLIN_LMJF-31_76_E.trna1	Glu	42.1	50.1	14.3	73.3	36.7	44.0	87.7	60.4	70.6	28.0	-1.6	25.9	26.3	-0.1	21.2	-999	0.0	48.6	26.4	10.5	37.8	-999
LMAJORFRIEDLIN_LMJF-33_77_R.trna1	Arg	63.0	91.1	63.3	38.0	43.0	46.4	49.2	45.6	62.5	66.2	8.2	40.3	48.9	7.3	46.1	-999	34.1	75.0	66.2	36.9	74.6	-999
LMAJORFRIEDLIN_LMJF-33_78_R.trna1	Arg	40.9	91.0	59.5	26.8	48.1	60.0	36.0	32.9	59.3	74.0	32.9	29.5	51.5	17.9	23.6	-15.1	36.8	71.0	62.5	59.1	53.5	-3.0
LMAJORFRIEDLIN_LMJF-33_79_A.trna1	Ala	94.5	50.6	18.5	27.8	57.9	34.1	1.8	40.3	33.6	52.7	15.7	38.8	45.4	20.7	64.1	-999	-5.1	71.9	53.5	21.7	50.2	-25.6
LMAJORFRIEDLIN_LMJF-34_83_N.trna1	Asn	21.7	60.9	79.4	12.1	53.4	38.5	21.2	32.4	50.0	45.6	4.3	65.5	71.0	22.5	22.1	-999	6.9	61.0	48.5	48.8	47.5	36.8
LMAJORFRIEDLIN_LMJF-34_84_Y.trna1	Tyr	51.1	69.4	54.6	20.8	72.4	34.6	20.9	42.7	60.2	56.9	-1.5	62.3	44.6	56.8	27.5	-999	-5.5	74.3	68.1	83.7	51.1	-24.1
LMAJORFRIEDLIN_LMJF-34_85_T.trna1	Thr	51.3	65.7	35.8	29.0	51.2	46.2	14.5	33.2	56.0	59.6	1.8	48.0	69.4	26.0	36.0	-999	1.5	85.7	46.2	37.8	51.1	-999
LMAJORFRIEDLIN_LMJF-34_86_P.trna1	Pro	70.6	46.0	17.0	52.9	43.7	47.7	45.1	58.5	57.0	41.5	17.8	8.6	27.9	-0.5	104.6	-6.3	-3.9	60.2	58.8	27.0	62.8	-999
LMAJORFRIEDLIN_LMJF-34_87_N.trna1	Asn	21.7	60.9	79.4	12.1	53.4	38.5	21.2	32.4	50.0	45.6	4.3	65.5	71.0	22.5	22.1	-999	6.9	61.0	48.5	48.8	47.5	36.8
LMAJORFRIEDLIN_LMJF-34_88_V.trna1	Val	56.5	54.6	3.9	40.1	30.5	30.4	62.4	42.7	51.2	51.1	17.9	9.5	32.0	-11.1	47.7	-999	10.6	66.6	23.1	12.1	69.1	-999
LMAJORFRIEDLIN_LMJF-34_89_I.trna1	Ile	66.3	81.3	64.1	57.8	67.3	47.5	26.1	43.6	60.4	96.6	13.8	63.1	77.5	62.3	33.2	-999	32.7	92.8	62.5	68.1	71.5	0.7
LMAJORFRIEDLIN_LMJF-34_90_M.trna1	Met	51.9	58.0	48.1	17.5	47.3	41.5	19.5	29.4	51.5	82.0	11.1	56.0	96.0	53.3	24.0	-999	6.9	82.3	46.0	38.3	63.1	2.6
LMAJORFRIEDLIN_LMJF-34_91_L.trna1	Leu	50.1	59.6	16.1	19.7	57.6	49.8	12.1	43.5	71.9	55.5	93.5	13.9	38.5	13.2	28.0	-999	71.8	56.9	41.6	38.5	39.4	-999
LMAJORFRIEDLIN_LMJF-34_92_S.trna1	Ser	29.3	49.4	25.7	16.1	47.7	37.5	8.2	6.0	43.5	27.2	52.0	9.8	16.7	6.5	-999	-11.0	89.3	50.2	28.5	53.1	25.1	-999
LMAJORFRIEDLIN_LMJF-36_93_G.trna1	Gly	62.8	45.0	-8.2	76.1	41.1	37.3	75.4	97.3	60.6	33.8	15.4	24.7	26.0	20.1	71.5	-999	5.0	54.7	45.8	37.1	41.7	-999
LMAJORFRIEDLIN_LMJF-36_94_T.trna1	Thr	53.8	69.3	53.9	38.7	57.3	43.3	8.6	34.9	40.1	69.2	-999	60.0	70.5	38.2	37.0	-999	-999	84.8	68.0	48.5	55.7	2.8
LMAJORFRIEDLIN_LMJF-36_95_G.trna1	Gly	62.8	45.0	-8.2	76.1	41.1	37.3	75.4	97.3	60.6	33.8	15.4	24.7	26.0	20.1	71.5	-999	5.0	54.7	45.8	37.1	41.7	-999
LMAJORFRIEDLIN_LMJF-36_96_P.trna1	Pro	73.1	46.1	10.3	58.1	41.5	51.7	53.1	59.5	57.0	31.9	5.6	-999	19.9	-5.8	105.4	-999	-10.1	54.4	46.7	23.9	66.2	-999
LMAJORFRIEDLIN_LMJF-36_97_Q.trna1	Gln	28.3	50.6	41.9	47.9	35.4	82.5	47.2	44.0	58.8	44.2	-999	13.3	27.0	3.1	4.6	-999	31.2	53.9	22.5	37.7	49.7	-999
LMAJORFRIEDLIN_LMJF-36_99_C.trna1	Cys	57.8	54.7	47.7	27.2	87.3	58.0	7.1	38.1	53.0	48.3	5.3	39.1	53.4	54.8	54.9	-999	3.1	70.8	65.0	50.7	60.9	-19.8
LMAJORFRIEDLIN_LMJF-36_100_L.trna1	Leu	58.9	45.2	-0.6	18.8	56.6	58.3	15.3	33.7	64.2	47.4	87.4	-4.4	21.6	8.6	32.5	-999	67.7	48.5	42.4	32.7	33.6	-999
LMAJORFRIEDLIN_LMJF-36_101_X.trna1	iMet	32.3	45.8	39.6	-999	48.4	21.1	-999	-999	41.4	56.7	-2.5	30.6	66.5	27.4	9.7	-999	6.8	59.7	35.4	44.6	50.8	101.5
LMAJORFRIEDLIN_LMJF-36_102_P.trna1	Pro	71.9	45.3	6.6	37.6	42.4	57.1	45.5	52.3	56.2	46.1	17.9	-8.5	21.6	9.5	100.8	-999	1.9	59.3	53.0	26.9	62.5	-999
LMAJORFRIEDLIN_LMJF-36_103_Y.trna1	Tyr	51.1	69.4	54.6	20.8	72.4	34.6	20.9	42.7	60.2	56.9	-1.5	62.3	44.6	56.8	27.5	-999	-5.5	74.3	68.1	83.7	51.1	-24.1
LMAJORFRIEDLIN_LMJF-36_104_T.trna1	Thr	53.8	69.3	53.9	38.7	57.3	43.3	8.6	34.9	40.1	69.2	-999	60.0	70.5	38.2	37.0	-999	-999	84.8	68.0	48.5	55.7	2.8
LMAJORFRIEDLIN_LMJF-36_105_T.trna1	Thr	53.8	69.3	53.9	38.7	57.3	43.3	8.6	34.9	40.1	69.2	-999	60.0	70.5	38.2	37.0	-999	-999	84.8	68.0	48.5	55.7	2.8
LMAJORFRIEDLIN_LMJF-36_106_Y.trna1	Tyr	51.1	69.4	54.6	20.8	72.4	34.6	20.9	42.7	60.2	56.9	-1.5	62.3	44.6	56.8	27.5	-999	-5.5	74.3	68.1	83.7	51.1	-24.1
LMAJORLV39C5_LMJLV39_03_2_K.trna1	Lys	64.8	72.1	68.0	36.1	61.4	45.8	18.3	63.0	52.5	65.4	13.7	86.1	81.0	48.6	37.7	-999	21.9	77.1	64.3	58.8	59.3	5.2
LMAJORLV39C5_LMJLV39_05_6_R.trna1	Arg	41.2	93.5	63.7	22.5	61.2	29.2	6.1	32.1	58.1	57.5	9.8	59.9	42.4	32.2	25.3	-999	16.2	65.5	79.3	47.0	29.5	3.5
LMAJORLV39C5_LMJLV39_07_9_R.trna1	Arg	41.2	93.5	63.7	22.5	61.2	29.2	6.1	32.1	58.1	57.5	9.8	59.9	42.4	32.2	25.3	-999	16.2	65.5	79.3	47.0	29.5	3.5
LMAJORLV39C5_LMJLV39_09_10_X.trna1	iMet	32.3	45.8	39.6	-999	48.4	21.1	-999	-999	41.4	56.7	-2.5	30.6	66.5	27.4	9.7	-999	6.8	59.7	35.4	44.6	50.8	101.5
LMAJORLV39C5_LMJLV39_09_11_L.trna1	Leu	38.4	37.5	-8.0	12.8	38.2	43.3	20.6	41.9	70.0	47.0	87.6	-11.7	22.3	-10.5	28.8	-999	55.7	42.9	24.7	19.1	35.8	-999
LMAJORLV39C5_LMJLV39_09_12_V.trna1	Val	47.2	59.4	31.6	42.9	51.0	40.3	66.3	52.5	67.1	44.7	7.5	6.2	48.2	15.4	43.7	-999	11.3	63.1	45.0	40.0	66.3	-999
LMAJORLV39C5_LMJLV39_09_13_H.trna1	His	51.4	45.8	-999	44.0	64.2	44.7	21.9	48.3	65.4	19.3	3.8	27.0	25.1	41.8	33.5	-999	-11.3	54.7	29.9	40.2	29.3	-999
LMAJORLV39C5_LMJLV39_09_14_F.trna1	Phe	57.2	66.3	51.4	50.0	88.1	42.4	25.4	47.4	65.3	72.5	17.7	73.5	83.0	113.6	45.0	-999	14.5	86.2	76.5	86.5	62.8	7.8
LMAJORLV39C5_LMJLV39_09_15_E.trna1	Glu	37.2	48.8	17.9	68.5	36.4	51.3	88.4	49.7	65.0	23.8	-999	24.1	22.3	-0.8	12.2	-999	-13.7	45.6	36.6	4.4	29.7	-999
LMAJORLV39C5_LMJLV39_09_16_V.trna1	Val	47.2	59.4	31.6	42.9	51.0	40.3	66.3	52.5	67.1	44.7	7.5	6.2	48.2	15.4	43.7	-999	11.3	63.1	45.0	40.0	66.3	-999
LMAJORLV39C5_LMJLV39_09_17_R.trna1	Arg	44.2	89.2	57.9	18.7	47.7	30.7	-999	13.1	46.3	57.0	3.4	48.5	52.9	36.6	18.4	-999	10.5	57.3	72.3	24.7	26.3	-2.7
LMAJORLV39C5_LMJLV39_09_18_H.trna1	His	51.4	45.8	-999	44.0	64.2	44.7	21.9	48.3	65.4	19.3	3.8	27.0	25.1	41.8	33.5	-999	-11.3	54.7	29.9	40.2	29.3	-999
LMAJORLV39C5_LMJLV39_10_19_K.trna1	Lys	64.8	72.1	68.0	36.1	61.4	45.8	18.3	63.0	52.5	65.4	13.7	86.1	81.0	48.6	37.7	-999	21.9	77.1	64.3	58.8	59.3	5.2
LMAJORLV39C5_LMJLV39_10_20_G.trna1	Gly	62.8	45.0	-8.2	76.1	41.1	37.3	75.4	97.3	60.6	33.8	15.4	24.7	26.0	20.1	71.5	-999	5.0	54.7	45.8	37.1	41.7	-999
LMAJORLV39C5_LMJLV39_10_21_N.trna1	Asn	21.7	60.9	79.4	12.1	53.4	38.5	21.2	32.4	50.0	45.6	4.3	65.5	71.0	22.5	22.1	-999	6.9	61.0	48.5	48.8	47.5	36.8
LMAJORLV39C5_LMJLV39_11_22_L.trna1	Leu	58.9	45.2	-0.6	18.8	56.6	58.3	15.3	33.7	64.2	47.4	87.4	-4.4	21.6	8.6	32.5	-999	67.7	48.5	42.4	32.7	33.6	-999
LMAJORLV39C5_LMJLV39_11_23_A.trna1	Ala	97.8	54.2	26.7	34.0	53.6	32.1	4.3	43.1	34.5	52.0	8.5	43.0	52.3	32.5	61.4	-999	-13.3	71.7	54.9	20.8	55.6	-999
LMAJORLV39C5_LMJLV39_11_24_M.trna1	Met	51.9	58.0	48.1	17.5	47.3	41.5	19.5	29.4	51.5	82.0	11.1	56.0	96.0	53.3	24.0	-999	6.9	82.3	46.0	38.3	63.1	2.6
LMAJORLV39C5_LMJLV39_11_25_R.trna1	Arg	41.2	93.5	63.7	22.5	61.2	29.2	6.1	32.1	58.1	57.5	9.8	59.9	42.4	32.2	25.3	-999	16.2	65.5	79.3	47.0	29.5	3.5
LMAJORLV39C5_LMJLV39_15_28_D.trna1	Asp	47.0	55.5	32.4	106.5	37.5	61.9	70.2	72.9	70.5	29.7	1.2	10.2	36.9	-999	44.9	-999	0.6	62.3	44.0	31.2	52.8	-999
LMAJORLV39C5_LMJLV39_15_29_E.trna1	Glu	42.1	50.1	14.3	73.3	36.7	44.0	87.7	60.4	70.6	28.0	-1.6	25.9	26.3	-0.1	21.2	-999	0.0	48.6	26.4	10.5	37.8	-999
LMAJORLV39C5_LMJLV39_16_31_Q.trna1	Gln	28.3	50.6	41.9	47.9	35.4	82.5	47.2	44.0	58.8	44.2	-999	13.3	27.0	3.1	4.6	-999	31.2	53.9	22.5	37.7	49.7	-999
LMAJORLV39C5_LMJLV39_17_32_D.trna1	Asp	47.0	55.5	32.4	106.5	37.5	61.9	70.2	72.9	70.5	29.7	1.2	10.2	36.9	-999	44.9	-999	0.6	62.3	44.0	31.2	52.8	-999
LMAJORLV39C5_LMJLV39_17_33_S.trna1	Ser	55.3	52.8	17.0	27.3	46.7	37.2	20.1	49.2	50.9	44.7	70.2	13.9	34.2	-999	6.4	-20.8	89.4	61.6	41.6	42.0	31.9	-999
LMAJORLV39C5_LMJLV39_17_34_A.trna1	Ala	85.5	25.9	-7.1	12.6	37.1	-999	-999	16.9	15.6	21.4	-999	13.6	20.6	23.8	32.5	-999	-999	43.0	21.7	-4.9	29.7	-14.0
LMAJORLV39C5_LMJLV39_21_37_S.trna1	Ser	54.6	57.9	20.1	30.3	45.0	42.7	17.4	48.8	52.5	51.0	70.3	17.0	39.5	-999	12.5	-20.8	89.9	63.1	43.4	44.0	34.7	-25.2
LMAJORLV39C5_LMJLV39_21_41_P.trna1	Pro	73.1	46.1	10.3	58.1	41.5	51.7	53.1	59.5	57.0	31.9	5.6	-999	19.9	-5.8	105.4	-999	-10.1	54.4	46.7	23.9	66.2	-999
LMAJORLV39C5_LMJLV39_21_42_V.trna1	Val	56.5	54.6	3.9	40.1	30.5	30.4	62.4	42.7	51.2	51.1	17.9	9.5	32.0	-11.1	47.7	-999	10.6	66.6	23.1	12.1	69.1	-999
LMAJORLV39C5_LMJLV39_21_43_K.trna1	Lys	64.8	72.1	68.0	36.1	61.4	45.8	18.3	63.0	52.5	65.4	13.7	86.1	81.0	48.6	37.7	-999	21.9	77.1	64.3	58.8	59.3	5.2
LMAJORLV39C5_LMJLV39_23_48_I.trna1	Ile	55.1	77.7	56.9	53.8	48.0	72.3	45.7	57.4	62.6	82.8	48.4	30.4	69.4	33.8	52.6	-999	37.1	78.5	64.5	58.3	84.4	-18.9
LMAJORLV39C5_LMJLV39_23_49_V.trna1	Val	52.8	62.9	36.8	46.3	36.0	44.9	62.0	58.6	59.4	56.9	25.5	14.3	41.6	8.2	56.2	-999	33.1	64.0	40.4	37.3	81.7	-999
LMAJORLV39C5_LMJLV39_23_50_Q.trna1	Gln	60.5	64.3	41.6	70.1	48.4	101.7	57.8	61.4	85.8	68.5	26.3	13.1	43.7	5.6	42.0	-999	44.9	73.3	51.4	55.8	72.9	-15.7
LMAJORLV39C5_LMJLV39_23_51_R.trna1	Arg	41.2	93.5	63.7	22.5	61.2	29.2	6.1	32.1	58.1	57.5	9.8	59.9	42.4	32.2	25.3	-999	16.2	65.5	79.3	47.0	29.5	3.5
LMAJORLV39C5_LMJLV39_23_52_L.trna1	Leu	38.4	37.5	-8.0	12.8	38.2	43.3	20.6	41.9	70.0	47.0	87.6	-11.7	22.3	-10.5	28.8	-999	55.7	42.9	24.7	19.1	35.8	-999
LMAJORLV39C5_LMJLV39_23_53_T.trna1	Thr	64.1	64.1	37.6	42.7	61.4	57.6	17.9	31.7	54.3	54.3	-2.5	51.3	70.0	37.1	50.1	-999	1.2	89.4	58.9	41.3	52.1	-6.5
LMAJORLV39C5_LMJLV39_23_54_R.trna1	Arg	25.3	95.1	56.3	17.9	51.0	39.1	-999	33.9	50.5	64.1	9.4	63.0	59.4	28.9	20.0	-999	18.0	62.2	75.6	41.2	41.3	-7.8
LMAJORLV39C5_LMJLV39_23_55_K.trna1	Lys	66.4	68.0	62.0	24.6	55.0	37.6	11.3	55.4	41.7	71.6	27.2	94.4	68.2	29.4	28.4	-999	24.7	65.7	52.3	42.3	52.1	-3.7
LMAJORLV39C5_LMJLV39_23_56_G.trna1	Gly	52.7	55.8	10.2	70.2	33.0	52.8	57.7	83.7	54.9	34.3	31.4	-0.9	34.3	-7.1	35.1	-21.8	29.0	54.7	51.0	17.4	42.9	-999
LMAJORLV39C5_LMJLV39_23_57_W.trna1	Trp	68.1	65.9	34.6	20.4	82.5	39.3	8.0	39.4	51.2	54.1	9.3	51.7	56.1	55.2	37.6	-999	20.2	78.2	78.2	52.7	39.2	-11.6
LMAJORLV39C5_LMJLV39_24_59_P.trna1	Pro	70.6	46.0	17.0	52.9	43.7	47.7	45.1	58.5	57.0	41.5	17.8	8.6	27.9	-0.5	104.6	-6.3	-3.9	60.2	58.8	27.0	62.8	-999
LMAJORLV39C5_LMJLV39_24_60_Q.trna1	Gln	28.3	50.6	41.9	47.9	35.4	82.5	47.2	44.0	58.8	44.2	-999	13.3	27.0	3.1	4.6	-999	31.2	53.9	22.5	37.7	49.7	-999
LMAJORLV39C5_LMJLV39_24_61_L.trna1	Leu	42.9	42.5	17.4	-6.8	51.8	26.5	-5.6	9.3	49.1	54.6	78.1	25.6	33.9	13.9	8.9	-18.6	54.2	38.0	27.0	40.2	26.5	-999
LMAJORLV39C5_LMJLV39_24_62_I.trna1	Ile	66.3	81.3	64.1	57.8	67.3	47.5	26.1	43.6	60.4	96.6	13.8	63.1	77.5	62.3	33.2	-999	32.7	92.8	62.5	68.1	71.5	0.7
LMAJORLV39C5_LMJLV39_24_63_I.trna1	Ile	66.3	81.3	64.1	57.8	67.3	47.5	26.1	43.6	60.4	96.6	13.8	63.1	77.5	62.3	33.2	-999	32.7	92.8	62.5	68.1	71.5	0.7
LMAJORLV39C5_LMJLV39_24_64_D.trna1	Asp	47.0	55.5	32.4	106.5	37.5	61.9	70.2	72.9	70.5	29.7	1.2	10.2	36.9	-999	44.9	-999	0.6	62.3	44.0	31.2	52.8	-999
LMAJORLV39C5_LMJLV39_29_67_L.trna1	Leu	31.4	44.7	7.4	7.0	61.8	52.6	2.7	47.4	63.0	53.4	94.3	7.4	24.1	6.8	13.8	-999	72.2	48.3	32.9	48.6	29.4	-999
LMAJORLV39C5_LMJLV39_29_68_S.trna1	Ser	15.1	45.4	28.9	18.2	52.8	48.7	8.8	27.0	48.8	24.0	50.8	-4.3	8.6	-4.2	-999	-10.8	87.7	48.3	27.8	59.0	22.1	-999
LMAJORLV39C5_LMJLV39_30_69_T.trna1	Thr	51.3	65.7	35.8	29.0	51.2	46.2	14.5	33.2	56.0	59.6	1.8	48.0	69.4	26.0	36.0	-999	1.5	85.7	46.2	37.8	51.1	-999
LMAJORLV39C5_LMJLV39_31_70_F.trna1	Phe	57.2	66.3	51.4	50.0	88.1	42.4	25.4	47.4	65.3	72.5	17.7	73.5	83.0	113.6	45.0	-999	14.5	86.2	76.5	86.5	62.8	7.8
LMAJORLV39C5_LMJLV39_31_71_S.trna1	Ser	16.3	48.8	20.1	19.5	51.9	43.1	9.4	26.0	47.5	27.0	48.8	1.1	10.1	-5.1	-999	-4.3	90.7	50.4	31.1	62.4	24.7	-999
LMAJORLV39C5_LMJLV39_31_72_A.trna1	Ala	85.5	25.9	-7.1	12.6	37.1	-999	-999	16.9	15.6	21.4	-999	13.6	20.6	23.8	32.5	-999	-999	43.0	21.7	-4.9	29.7	-14.0
LMAJORLV39C5_LMJLV39_31_73_G.trna1	Gly	62.8	45.0	-8.2	76.1	41.1	37.3	75.4	97.3	60.6	33.8	15.4	24.7	26.0	20.1	71.5	-999	5.0	54.7	45.8	37.1	41.7	-999
LMAJORLV39C5_LMJLV39_31_74_E.trna1	Glu	42.1	50.1	14.3	73.3	36.7	44.0	87.7	60.4	70.6	28.0	-1.6	25.9	26.3	-0.1	21.2	-999	0.0	48.6	26.4	10.5	37.8	-999
LMAJORLV39C5_LMJLV39_33_76_R.trna1	Arg	63.0	91.1	63.3	38.0	43.0	46.4	49.2	45.6	62.5	66.2	8.2	40.3	48.9	7.3	46.1	-999	34.1	75.0	66.2	36.9	74.6	-999
LMAJORLV39C5_LMJLV39_33_77_R.trna1	Arg	40.9	91.0	59.5	26.8	48.1	60.0	36.0	32.9	59.3	74.0	32.9	29.5	51.5	17.9	23.6	-15.1	36.8	71.0	62.5	59.1	53.5	-3.0
LMAJORLV39C5_LMJLV39_33_78_A.trna1	Ala	94.5	50.6	18.5	27.8	57.9	34.1	1.8	40.3	33.6	52.7	15.7	38.8	45.4	20.7	64.1	-999	-5.1	71.9	53.5	21.7	50.2	-25.6
LMAJORLV39C5_LMJLV39_34_83_N.trna1	Asn	21.7	60.9	79.4	12.1	53.4	38.5	21.2	32.4	50.0	45.6	4.3	65.5	71.0	22.5	22.1	-999	6.9	61.0	48.5	48.8	47.5	36.8
LMAJORLV39C5_LMJLV39_34_84_Y.trna1	Tyr	51.1	69.4	54.6	20.8	72.4	34.6	20.9	42.7	60.2	56.9	-1.5	62.3	44.6	56.8	27.5	-999	-5.5	74.3	68.1	83.7	51.1	-24.1
LMAJORLV39C5_LMJLV39_34_85_T.trna1	Thr	51.3	65.7	35.8	29.0	51.2	46.2	14.5	33.2	56.0	59.6	1.8	48.0	69.4	26.0	36.0	-999	1.5	85.7	46.2	37.8	51.1	-999
LMAJORLV39C5_LMJLV39_34_86_P.trna1	Pro	70.6	46.0	17.0	52.9	43.7	47.7	45.1	58.5	57.0	41.5	17.8	8.6	27.9	-0.5	104.6	-6.3	-3.9	60.2	58.8	27.0	62.8	-999
LMAJORLV39C5_LMJLV39_34_87_N.trna1	Asn	21.7	60.9	79.4	12.1	53.4	38.5	21.2	32.4	50.0	45.6	4.3	65.5	71.0	22.5	22.1	-999	6.9	61.0	48.5	48.8	47.5	36.8
LMAJORLV39C5_LMJLV39_34_88_V.trna1	Val	56.5	54.6	3.9	40.1	30.5	30.4	62.4	42.7	51.2	51.1	17.9	9.5	32.0	-11.1	47.7	-999	10.6	66.6	23.1	12.1	69.1	-999
LMAJORLV39C5_LMJLV39_34_89_I.trna1	Ile	66.3	81.3	64.1	57.8	67.3	47.5	26.1	43.6	60.4	96.6	13.8	63.1	77.5	62.3	33.2	-999	32.7	92.8	62.5	68.1	71.5	0.7
LMAJORLV39C5_LMJLV39_34_90_M.trna1	Met	51.9	58.0	48.1	17.5	47.3	41.5	19.5	29.4	51.5	82.0	11.1	56.0	96.0	53.3	24.0	-999	6.9	82.3	46.0	38.3	63.1	2.6
LMAJORLV39C5_LMJLV39_34_91_L.trna1	Leu	50.1	59.6	16.1	19.7	57.6	49.8	12.1	43.5	71.9	55.5	93.5	13.9	38.5	13.2	28.0	-999	71.8	56.9	41.6	38.5	39.4	-999
LMAJORLV39C5_LMJLV39_34_92_S.trna1	Ser	29.3	49.4	25.7	16.1	47.7	37.5	8.2	6.0	43.5	27.2	52.0	9.8	16.7	6.5	-999	-11.0	89.3	50.2	28.5	53.1	25.1	-999
LMAJORLV39C5_LMJLV39_36_93_G.trna1	Gly	62.8	45.0	-8.2	76.1	41.1	37.3	75.4	97.3	60.6	33.8	15.4	24.7	26.0	20.1	71.5	-999	5.0	54.7	45.8	37.1	41.7	-999
LMAJORLV39C5_LMJLV39_36_94_T.trna1	Thr	53.8	69.3	53.9	38.7	57.3	43.3	8.6	34.9	40.1	69.2	-999	60.0	70.5	38.2	37.0	-999	-999	84.8	68.0	48.5	55.7	2.8
LMAJORLV39C5_LMJLV39_36_95_G.trna1	Gly	62.8	45.0	-8.2	76.1	41.1	37.3	75.4	97.3	60.6	33.8	15.4	24.7	26.0	20.1	71.5	-999	5.0	54.7	45.8	37.1	41.7	-999
LMAJORLV39C5_LMJLV39_36_96_P.trna1	Pro	73.1	46.1	10.3	58.1	41.5	51.7	53.1	59.5	57.0	31.9	5.6	-999	19.9	-5.8	105.4	-999	-10.1	54.4	46.7	23.9	66.2	-999
LMAJORLV39C5_LMJLV39_36_97_Q.trna1	Gln	28.3	50.6	41.9	47.9	35.4	82.5	47.2	44.0	58.8	44.2	-999	13.3	27.0	3.1	4.6	-999	31.2	53.9	22.5	37.7	49.7	-999
LMAJORLV39C5_LMJLV39_36_99_C.trna1	Cys	57.8	54.7	47.7	27.2	87.3	58.0	7.1	38.1	53.0	48.3	5.3	39.1	53.4	54.8	54.9	-999	3.1	70.8	65.0	50.7	60.9	-19.8
LMAJORLV39C5_LMJLV39_36_100_L.trna1	Leu	58.9	45.2	-0.6	18.8	56.6	58.3	15.3	33.7	64.2	47.4	87.4	-4.4	21.6	8.6	32.5	-999	67.7	48.5	42.4	32.7	33.6	-999
LMAJORLV39C5_LMJLV39_36_101_X.trna1	iMet	32.3	45.8	39.6	-999	48.4	21.1	-999	-999	41.4	56.7	-2.5	30.6	66.5	27.4	9.7	-999	6.8	59.7	35.4	44.6	50.8	101.5
LMAJORLV39C5_LMJLV39_36_102_P.trna1	Pro	71.9	45.3	6.6	37.6	42.4	57.1	45.5	52.3	56.2	46.1	17.9	-8.5	21.6	9.5	100.8	-999	1.9	59.3	53.0	26.9	62.5	-999
LMAJORLV39C5_LMJLV39_36_103_T.trna1	Thr	53.8	69.3	53.9	38.7	57.3	43.3	8.6	34.9	40.1	69.2	-999	60.0	70.5	38.2	37.0	-999	-999	84.8	68.0	48.5	55.7	2.8
LMAJORLV39C5_LMJLV39_36_104_Y.trna1	Tyr	51.1	69.4	54.6	20.8	72.4	34.6	20.9	42.7	60.2	56.9	-1.5	62.3	44.6	56.8	27.5	-999	-5.5	74.3	68.1	83.7	51.1	-24.1
LMAJORLV39C5_LMJLV39_SCAF000544_107_G.trna1	Gly	44.2	49.9	-999	58.9	34.2	56.2	51.2	91.3	69.0	30.1	22.8	4.6	23.3	-999	46.7	-10.6	21.5	58.7	32.6	42.0	53.3	-999
LMAJORLV39C5_LMJLV39_SCAF000544_108_A.trna1	Ala	97.8	54.2	26.7	34.0	53.6	32.1	4.3	43.1	34.5	52.0	8.5	43.0	52.3	32.5	61.4	-999	-13.3	71.7	54.9	20.8	55.6	-999
LMAJORLV39C5_LMJLV39_SCAF000544_109_L.trna1	Leu	58.9	45.2	-0.6	18.8	56.6	58.3	15.3	33.7	64.2	47.4	87.4	-4.4	21.6	8.6	32.5	-999	67.7	48.5	42.4	32.7	33.6	-999
LMAJORLV39C5_LMJLV39_SCAF000576_110_A.trna1	Ala	97.8	54.2	26.7	34.0	53.6	32.1	4.3	43.1	34.5	52.0	8.5	43.0	52.3	32.5	61.4	-999	-13.3	71.7	54.9	20.8	55.6	-999
LMAJORLV39C5_LMJLV39_SCAF000576_111_L.trna1	Leu	58.9	45.2	-0.6	18.8	56.6	58.3	15.3	33.7	64.2	47.4	87.4	-4.4	21.6	8.6	32.5	-999	67.7	48.5	42.4	32.7	33.6	-999
LMAJORSD75_LMJSD75_03_2_K.trna1	Lys	64.8	72.1	68.0	36.1	61.4	45.8	18.3	63.0	52.5	65.4	13.7	86.1	81.0	48.6	37.7	-999	21.9	77.1	64.3	58.8	59.3	5.2
LMAJORSD75_LMJSD75_05_5_R.trna1	Arg	41.2	93.5	63.7	22.5	61.2	29.2	6.1	32.1	58.1	57.5	9.8	59.9	42.4	32.2	25.3	-999	16.2	65.5	79.3	47.0	29.5	3.5
LMAJORSD75_LMJSD75_07_8_R.trna1	Arg	41.2	93.5	63.7	22.5	61.2	29.2	6.1	32.1	58.1	57.5	9.8	59.9	42.4	32.2	25.3	-999	16.2	65.5	79.3	47.0	29.5	3.5
LMAJORSD75_LMJSD75_09_9_X.trna1	iMet	32.3	45.8	39.6	-999	48.4	21.1	-999	-999	41.4	56.7	-2.5	30.6	66.5	27.4	9.7	-999	6.8	59.7	35.4	44.6	50.8	101.5
LMAJORSD75_LMJSD75_09_10_L.trna1	Leu	38.4	37.5	-8.0	12.8	38.2	43.3	20.6	41.9	70.0	47.0	87.6	-11.7	22.3	-10.5	28.8	-999	55.7	42.9	24.7	19.1	35.8	-999
LMAJORSD75_LMJSD75_09_11_V.trna1	Val	47.2	59.4	31.6	42.9	51.0	40.3	66.3	52.5	67.1	44.7	7.5	6.2	48.2	15.4	43.7	-999	11.3	63.1	45.0	40.0	66.3	-999
LMAJORSD75_LMJSD75_09_12_H.trna1	His	51.4	45.8	-999	44.0	64.2	44.7	21.9	48.3	65.4	19.3	3.8	27.0	25.1	41.8	33.5	-999	-11.3	54.7	29.9	40.2	29.3	-999
LMAJORSD75_LMJSD75_09_13_F.trna1	Phe	57.2	66.3	51.4	50.0	88.1	42.4	25.4	47.4	65.3	72.5	17.7	73.5	83.0	113.6	45.0	-999	14.5	86.2	76.5	86.5	62.8	7.8
LMAJORSD75_LMJSD75_09_14_E.trna1	Glu	37.2	48.8	17.9	68.5	36.4	51.3	88.4	49.7	65.0	23.8	-999	24.1	22.3	-0.8	12.2	-999	-13.7	45.6	36.6	4.4	29.7	-999
LMAJORSD75_LMJSD75_09_15_V.trna1	Val	47.2	59.4	31.6	42.9	51.0	40.3	66.3	52.5	67.1	44.7	7.5	6.2	48.2	15.4	43.7	-999	11.3	63.1	45.0	40.0	66.3	-999
LMAJORSD75_LMJSD75_09_16_R.trna1	Arg	44.2	89.2	57.9	18.7	47.7	30.7	-999	13.1	46.3	57.0	3.4	48.5	52.9	36.6	18.4	-999	10.5	57.3	72.3	24.7	26.3	-2.7
LMAJORSD75_LMJSD75_09_17_H.trna1	His	51.4	45.8	-999	44.0	64.2	44.7	21.9	48.3	65.4	19.3	3.8	27.0	25.1	41.8	33.5	-999	-11.3	54.7	29.9	40.2	29.3	-999
LMAJORSD75_LMJSD75_10_18_K.trna1	Lys	64.8	72.1	68.0	36.1	61.4	45.8	18.3	63.0	52.5	65.4	13.7	86.1	81.0	48.6	37.7	-999	21.9	77.1	64.3	58.8	59.3	5.2
LMAJORSD75_LMJSD75_10_19_G.trna1	Gly	62.8	45.0	-8.2	76.1	41.1	37.3	75.4	97.3	60.6	33.8	15.4	24.7	26.0	20.1	71.5	-999	5.0	54.7	45.8	37.1	41.7	-999
LMAJORSD75_LMJSD75_10_20_N.trna1	Asn	21.7	60.9	79.4	12.1	53.4	38.5	21.2	32.4	50.0	45.6	4.3	65.5	71.0	22.5	22.1	-999	6.9	61.0	48.5	48.8	47.5	36.8
LMAJORSD75_LMJSD75_11_21_L.trna1	Leu	58.9	45.2	-0.6	18.8	56.6	58.3	15.3	33.7	64.2	47.4	87.4	-4.4	21.6	8.6	32.5	-999	67.7	48.5	42.4	32.7	33.6	-999
LMAJORSD75_LMJSD75_11_22_A.trna1	Ala	97.8	54.2	26.7	34.0	53.6	32.1	4.3	43.1	34.5	52.0	8.5	43.0	52.3	32.5	61.4	-999	-13.3	71.7	54.9	20.8	55.6	-999
LMAJORSD75_LMJSD75_11_23_G.trna1	Gly	44.2	49.9	-999	58.9	34.2	56.2	51.2	91.3	69.0	30.1	22.8	4.6	23.3	-999	46.7	-10.6	21.5	58.7	32.6	42.0	53.3	-999
LMAJORSD75_LMJSD75_11_24_A.trna1	Ala	97.8	54.2	26.7	34.0	53.6	32.1	4.3	43.1	34.5	52.0	8.5	43.0	52.3	32.5	61.4	-999	-13.3	71.7	54.9	20.8	55.6	-999
LMAJORSD75_LMJSD75_11_25_L.trna1	Leu	58.9	45.2	-0.6	18.8	56.6	58.3	15.3	33.7	64.2	47.4	87.4	-4.4	21.6	8.6	32.5	-999	67.7	48.5	42.4	32.7	33.6	-999
LMAJORSD75_LMJSD75_11_26_M.trna1	Met	51.9	58.0	48.1	17.5	47.3	41.5	19.5	29.4	51.5	82.0	11.1	56.0	96.0	53.3	24.0	-999	6.9	82.3	46.0	38.3	63.1	2.6
LMAJORSD75_LMJSD75_11_27_R.trna1	Arg	41.2	93.5	63.7	22.5	61.2	29.2	6.1	32.1	58.1	57.5	9.8	59.9	42.4	32.2	25.3	-999	16.2	65.5	79.3	47.0	29.5	3.5
LMAJORSD75_LMJSD75_15_30_D.trna1	Asp	47.0	55.5	32.4	106.5	37.5	61.9	70.2	72.9	70.5	29.7	1.2	10.2	36.9	-999	44.9	-999	0.6	62.3	44.0	31.2	52.8	-999
LMAJORSD75_LMJSD75_15_31_E.trna1	Glu	42.1	50.1	14.3	73.3	36.7	44.0	87.7	60.4	70.6	28.0	-1.6	25.9	26.3	-0.1	21.2	-999	0.0	48.6	26.4	10.5	37.8	-999
LMAJORSD75_LMJSD75_16_33_Q.trna1	Gln	28.3	50.6	41.9	47.9	35.4	82.5	47.2	44.0	58.8	44.2	-999	13.3	27.0	3.1	4.6	-999	31.2	53.9	22.5	37.7	49.7	-999
LMAJORSD75_LMJSD75_17_34_D.trna1	Asp	47.0	55.5	32.4	106.5	37.5	61.9	70.2	72.9	70.5	29.7	1.2	10.2	36.9	-999	44.9	-999	0.6	62.3	44.0	31.2	52.8	-999
LMAJORSD75_LMJSD75_17_35_S.trna1	Ser	55.3	52.8	17.0	27.3	46.7	37.2	20.1	49.2	50.9	44.7	70.2	13.9	34.2	-999	6.4	-20.8	89.4	61.6	41.6	42.0	31.9	-999
LMAJORSD75_LMJSD75_17_36_A.trna1	Ala	85.5	25.9	-7.1	12.6	37.1	-999	-999	16.9	15.6	21.4	-999	13.6	20.6	23.8	32.5	-999	-999	43.0	21.7	-4.9	29.7	-14.0
LMAJORSD75_LMJSD75_21_39_S.trna1	Ser	54.6	57.9	20.1	30.3	45.0	42.7	17.4	48.8	52.5	51.0	70.3	17.0	39.5	-999	12.5	-20.8	89.9	63.1	43.4	44.0	34.7	-25.2
LMAJORSD75_LMJSD75_21_43_P.trna1	Pro	73.1	46.1	10.3	58.1	41.5	51.7	53.1	59.5	57.0	31.9	5.6	-999	19.9	-5.8	105.4	-999	-10.1	54.4	46.7	23.9	66.2	-999
LMAJORSD75_LMJSD75_21_44_V.trna1	Val	56.5	54.6	3.9	40.1	30.5	30.4	62.4	42.7	51.2	51.1	17.9	9.5	32.0	-11.1	47.7	-999	10.6	66.6	23.1	12.1	69.1	-999
LMAJORSD75_LMJSD75_21_45_K.trna1	Lys	64.8	72.1	68.0	36.1	61.4	45.8	18.3	63.0	52.5	65.4	13.7	86.1	81.0	48.6	37.7	-999	21.9	77.1	64.3	58.8	59.3	5.2
LMAJORSD75_LMJSD75_23_50_I.trna1	Ile	55.1	77.7	56.9	53.8	48.0	72.3	45.7	57.4	62.6	82.8	48.4	30.4	69.4	33.8	52.6	-999	37.1	78.5	64.5	58.3	84.4	-18.9
LMAJORSD75_LMJSD75_23_51_V.trna1	Val	52.8	62.9	36.8	46.3	36.0	44.9	62.0	58.6	59.4	56.9	25.5	14.3	41.6	8.2	56.2	-999	33.1	64.0	40.4	37.3	81.7	-999
LMAJORSD75_LMJSD75_23_52_Q.trna1	Gln	60.5	64.3	41.6	70.1	48.4	101.7	57.8	61.4	85.8	68.5	26.3	13.1	43.7	5.6	42.0	-999	44.9	73.3	51.4	55.8	72.9	-15.7
LMAJORSD75_LMJSD75_23_53_R.trna1	Arg	41.2	93.5	63.7	22.5	61.2	29.2	6.1	32.1	58.1	57.5	9.8	59.9	42.4	32.2	25.3	-999	16.2	65.5	79.3	47.0	29.5	3.5
LMAJORSD75_LMJSD75_23_54_L.trna1	Leu	38.4	37.5	-8.0	12.8	38.2	43.3	20.6	41.9	70.0	47.0	87.6	-11.7	22.3	-10.5	28.8	-999	55.7	42.9	24.7	19.1	35.8	-999
LMAJORSD75_LMJSD75_23_55_T.trna1	Thr	64.1	64.1	37.6	42.7	61.4	57.6	17.9	31.7	54.3	54.3	-2.5	51.3	70.0	37.1	50.1	-999	1.2	89.4	58.9	41.3	52.1	-6.5
LMAJORSD75_LMJSD75_23_56_R.trna1	Arg	25.3	95.1	56.3	17.9	51.0	39.1	-999	33.9	50.5	64.1	9.4	63.0	59.4	28.9	20.0	-999	18.0	62.2	75.6	41.2	41.3	-7.8
LMAJORSD75_LMJSD75_23_57_K.trna1	Lys	66.4	68.0	62.0	24.6	55.0	37.6	11.3	55.4	41.7	71.6	27.2	94.4	68.2	29.4	28.4	-999	24.7	65.7	52.3	42.3	52.1	-3.7
LMAJORSD75_LMJSD75_23_58_G.trna1	Gly	52.7	55.8	10.2	70.2	33.0	52.8	57.7	83.7	54.9	34.3	31.4	-0.9	34.3	-7.1	35.1	-21.8	29.0	54.7	51.0	17.4	42.9	-999
LMAJORSD75_LMJSD75_23_59_W.trna1	Trp	68.1	65.9	34.6	20.4	82.5	39.3	8.0	39.4	51.2	54.1	9.3	51.7	56.1	55.2	37.6	-999	20.2	78.2	78.2	52.7	39.2	-11.6
LMAJORSD75_LMJSD75_24_61_P.trna1	Pro	70.6	46.0	17.0	52.9	43.7	47.7	45.1	58.5	57.0	41.5	17.8	8.6	27.9	-0.5	104.6	-6.3	-3.9	60.2	58.8	27.0	62.8	-999
LMAJORSD75_LMJSD75_24_62_Q.trna1	Gln	28.3	50.6	41.9	47.9	35.4	82.5	47.2	44.0	58.8	44.2	-999	13.3	27.0	3.1	4.6	-999	31.2	53.9	22.5	37.7	49.7	-999
LMAJORSD75_LMJSD75_24_63_L.trna1	Leu	42.9	42.5	17.4	-6.8	51.8	26.5	-5.6	9.3	49.1	54.6	78.1	25.6	33.9	13.9	8.9	-18.6	54.2	38.0	27.0	40.2	26.5	-999
LMAJORSD75_LMJSD75_24_64_I.trna1	Ile	66.3	81.3	64.1	57.8	67.3	47.5	26.1	43.6	60.4	96.6	13.8	63.1	77.5	62.3	33.2	-999	32.7	92.8	62.5	68.1	71.5	0.7
LMAJORSD75_LMJSD75_24_65_I.trna1	Ile	66.3	81.3	64.1	57.8	67.3	47.5	26.1	43.6	60.4	96.6	13.8	63.1	77.5	62.3	33.2	-999	32.7	92.8	62.5	68.1	71.5	0.7
LMAJORSD75_LMJSD75_24_66_D.trna1	Asp	47.0	55.5	32.4	106.5	37.5	61.9	70.2	72.9	70.5	29.7	1.2	10.2	36.9	-999	44.9	-999	0.6	62.3	44.0	31.2	52.8	-999
LMAJORSD75_LMJSD75_29_68_L.trna1	Leu	31.4	44.7	7.4	7.0	61.8	52.6	2.7	47.4	63.0	53.4	94.3	7.4	24.1	6.8	13.8	-999	72.2	48.3	32.9	48.6	29.4	-999
LMAJORSD75_LMJSD75_29_69_S.trna1	Ser	15.1	45.4	28.9	18.2	52.8	48.7	8.8	27.0	48.8	24.0	50.8	-4.3	8.6	-4.2	-999	-10.8	87.7	48.3	27.8	59.0	22.1	-999
LMAJORSD75_LMJSD75_30_70_T.trna1	Thr	51.3	65.7	35.8	29.0	51.2	46.2	14.5	33.2	56.0	59.6	1.8	48.0	69.4	26.0	36.0	-999	1.5	85.7	46.2	37.8	51.1	-999
LMAJORSD75_LMJSD75_31_71_F.trna1	Phe	57.2	66.3	51.4	50.0	88.1	42.4	25.4	47.4	65.3	72.5	17.7	73.5	83.0	113.6	45.0	-999	14.5	86.2	76.5	86.5	62.8	7.8
LMAJORSD75_LMJSD75_31_72_S.trna1	Ser	16.3	48.8	20.1	19.5	51.9	43.1	9.4	26.0	47.5	27.0	48.8	1.1	10.1	-5.1	-999	-4.3	90.7	50.4	31.1	62.4	24.7	-999
LMAJORSD75_LMJSD75_31_73_A.trna1	Ala	85.5	25.9	-7.1	12.6	37.1	-999	-999	16.9	15.6	21.4	-999	13.6	20.6	23.8	32.5	-999	-999	43.0	21.7	-4.9	29.7	-14.0
LMAJORSD75_LMJSD75_31_74_G.trna1	Gly	62.8	45.0	-8.2	76.1	41.1	37.3	75.4	97.3	60.6	33.8	15.4	24.7	26.0	20.1	71.5	-999	5.0	54.7	45.8	37.1	41.7	-999
LMAJORSD75_LMJSD75_31_75_E.trna1	Glu	42.1	50.1	14.3	73.3	36.7	44.0	87.7	60.4	70.6	28.0	-1.6	25.9	26.3	-0.1	21.2	-999	0.0	48.6	26.4	10.5	37.8	-999
LMAJORSD75_LMJSD75_33_77_R.trna1	Arg	63.0	91.1	63.3	38.0	43.0	46.4	49.2	45.6	62.5	66.2	8.2	40.3	48.9	7.3	46.1	-999	34.1	75.0	66.2	36.9	74.6	-999
LMAJORSD75_LMJSD75_33_78_R.trna1	Arg	40.9	91.0	59.5	26.8	48.1	60.0	36.0	32.9	59.3	74.0	32.9	29.5	51.5	17.9	23.6	-15.1	36.8	71.0	62.5	59.1	53.5	-3.0
LMAJORSD75_LMJSD75_33_79_A.trna1	Ala	94.5	50.6	18.5	27.8	57.9	34.1	1.8	40.3	33.6	52.7	15.7	38.8	45.4	20.7	64.1	-999	-5.1	71.9	53.5	21.7	50.2	-25.6
LMAJORSD75_LMJSD75_34_83_N.trna1	Asn	21.7	60.9	79.4	12.1	53.4	38.5	21.2	32.4	50.0	45.6	4.3	65.5	71.0	22.5	22.1	-999	6.9	61.0	48.5	48.8	47.5	36.8
LMAJORSD75_LMJSD75_34_84_Y.trna1	Tyr	51.1	69.4	54.6	20.8	72.4	34.6	20.9	42.7	60.2	56.9	-1.5	62.3	44.6	56.8	27.5	-999	-5.5	74.3	68.1	83.7	51.1	-24.1
LMAJORSD75_LMJSD75_34_85_T.trna1	Thr	51.3	65.7	35.8	29.0	51.2	46.2	14.5	33.2	56.0	59.6	1.8	48.0	69.4	26.0	36.0	-999	1.5	85.7	46.2	37.8	51.1	-999
LMAJORSD75_LMJSD75_34_86_P.trna1	Pro	70.6	46.0	17.0	52.9	43.7	47.7	45.1	58.5	57.0	41.5	17.8	8.6	27.9	-0.5	104.6	-6.3	-3.9	60.2	58.8	27.0	62.8	-999
LMAJORSD75_LMJSD75_34_87_N.trna1	Asn	21.7	60.9	79.4	12.1	53.4	38.5	21.2	32.4	50.0	45.6	4.3	65.5	71.0	22.5	22.1	-999	6.9	61.0	48.5	48.8	47.5	36.8
LMAJORSD75_LMJSD75_34_88_V.trna1	Val	56.5	54.6	3.9	40.1	30.5	30.4	62.4	42.7	51.2	51.1	17.9	9.5	32.0	-11.1	47.7	-999	10.6	66.6	23.1	12.1	69.1	-999
LMAJORSD75_LMJSD75_34_89_I.trna1	Ile	66.3	81.3	64.1	57.8	67.3	47.5	26.1	43.6	60.4	96.6	13.8	63.1	77.5	62.3	33.2	-999	32.7	92.8	62.5	68.1	71.5	0.7
LMAJORSD75_LMJSD75_34_90_M.trna1	Met	51.9	58.0	48.1	17.5	47.3	41.5	19.5	29.4	51.5	82.0	11.1	56.0	96.0	53.3	24.0	-999	6.9	82.3	46.0	38.3	63.1	2.6
LMAJORSD75_LMJSD75_34_91_L.trna1	Leu	50.1	59.6	16.1	19.7	57.6	49.8	12.1	43.5	71.9	55.5	93.5	13.9	38.5	13.2	28.0	-999	71.8	56.9	41.6	38.5	39.4	-999
LMAJORSD75_LMJSD75_34_92_S.trna1	Ser	29.3	49.4	25.7	16.1	47.7	37.5	8.2	6.0	43.5	27.2	52.0	9.8	16.7	6.5	-999	-11.0	89.3	50.2	28.5	53.1	25.1	-999
LMAJORSD75_LMJSD75_36_93_G.trna1	Gly	62.8	45.0	-8.2	76.1	41.1	37.3	75.4	97.3	60.6	33.8	15.4	24.7	26.0	20.1	71.5	-999	5.0	54.7	45.8	37.1	41.7	-999
LMAJORSD75_LMJSD75_36_94_T.trna1	Thr	53.8	69.3	53.9	38.7	57.3	43.3	8.6	34.9	40.1	69.2	-999	60.0	70.5	38.2	37.0	-999	-999	84.8	68.0	48.5	55.7	2.8
LMAJORSD75_LMJSD75_36_95_G.trna1	Gly	62.8	45.0	-8.2	76.1	41.1	37.3	75.4	97.3	60.6	33.8	15.4	24.7	26.0	20.1	71.5	-999	5.0	54.7	45.8	37.1	41.7	-999
LMAJORSD75_LMJSD75_36_96_P.trna1	Pro	73.1	46.1	10.3	58.1	41.5	51.7	53.1	59.5	57.0	31.9	5.6	-999	19.9	-5.8	105.4	-999	-10.1	54.4	46.7	23.9	66.2	-999
LMAJORSD75_LMJSD75_36_97_Q.trna1	Gln	28.3	50.6	41.9	47.9	35.4	82.5	47.2	44.0	58.8	44.2	-999	13.3	27.0	3.1	4.6	-999	31.2	53.9	22.5	37.7	49.7	-999
LMAJORSD75_LMJSD75_36_99_C.trna1	Cys	57.8	54.7	47.7	27.2	87.3	58.0	7.1	38.1	53.0	48.3	5.3	39.1	53.4	54.8	54.9	-999	3.1	70.8	65.0	50.7	60.9	-19.8
LMAJORSD75_LMJSD75_36_100_L.trna1	Leu	58.9	45.2	-0.6	18.8	56.6	58.3	15.3	33.7	64.2	47.4	87.4	-4.4	21.6	8.6	32.5	-999	67.7	48.5	42.4	32.7	33.6	-999
LMAJORSD75_LMJSD75_36_101_X.trna1	iMet	32.3	45.8	39.6	-999	48.4	21.1	-999	-999	41.4	56.7	-2.5	30.6	66.5	27.4	9.7	-999	6.8	59.7	35.4	44.6	50.8	101.5
LMAJORSD75_LMJSD75_36_102_P.trna1	Pro	71.9	45.3	6.6	37.6	42.4	57.1	45.5	52.3	56.2	46.1	17.9	-8.5	21.6	9.5	100.8	-999	1.9	59.3	53.0	26.9	62.5	-999
LMAJORSD75_LMJSD75_36_103_T.trna1	Thr	53.8	69.3	53.9	38.7	57.3	43.3	8.6	34.9	40.1	69.2	-999	60.0	70.5	38.2	37.0	-999	-999	84.8	68.0	48.5	55.7	2.8
LMAJORSD75_LMJSD75_36_104_Y.trna1	Tyr	51.1	69.4	54.6	20.8	72.4	34.6	20.9	42.7	60.2	56.9	-1.5	62.3	44.6	56.8	27.5	-999	-5.5	74.3	68.1	83.7	51.1	-24.1
LTROPICAL590_LTRL590_03_3_K.trna1	Lys	64.8	72.1	68.0	36.1	61.4	45.8	18.3	63.0	52.5	65.4	13.7	86.1	81.0	48.6	37.7	-999	21.9	77.1	64.3	58.8	59.3	5.2
LTROPICAL590_LTRL590_05_5_R.trna1	Arg	41.2	93.5	63.7	22.5	61.2	29.2	6.1	32.1	58.1	57.5	9.8	59.9	42.4	32.2	25.3	-999	16.2	65.5	79.3	47.0	29.5	3.5
LTROPICAL590_LTRL590_07_7_R.trna1	Arg	41.2	93.5	63.7	22.5	61.2	29.2	6.1	32.1	58.1	57.5	9.8	59.9	42.4	32.2	25.3	-999	16.2	65.5	79.3	47.0	29.5	3.5
LTROPICAL590_LTRL590_09_8_X.trna1	iMet	32.3	45.8	39.6	-999	48.4	21.1	-999	-999	41.4	56.7	-2.5	30.6	66.5	27.4	9.7	-999	6.8	59.7	35.4	44.6	50.8	101.5
LTROPICAL590_LTRL590_09_9_L.trna1	Leu	38.4	37.5	-8.0	12.8	38.2	43.3	20.6	41.9	70.0	47.0	87.6	-11.7	22.3	-10.5	28.8	-999	55.7	42.9	24.7	19.1	35.8	-999
LTROPICAL590_LTRL590_09_10_V.trna1	Val	47.2	59.4	31.6	42.9	51.0	40.3	66.3	52.5	67.1	44.7	7.5	6.2	48.2	15.4	43.7	-999	11.3	63.1	45.0	40.0	66.3	-999
LTROPICAL590_LTRL590_09_11_H.trna1	His	51.4	45.8	-999	44.0	64.2	44.7	21.9	48.3	65.4	19.3	3.8	27.0	25.1	41.8	33.5	-999	-11.3	54.7	29.9	40.2	29.3	-999
LTROPICAL590_LTRL590_09_12_F.trna1	Phe	57.2	66.3	51.4	50.0	88.1	42.4	25.4	47.4	65.3	72.5	17.7	73.5	83.0	113.6	45.0	-999	14.5	86.2	76.5	86.5	62.8	7.8
LTROPICAL590_LTRL590_09_13_E.trna1	Glu	37.2	48.8	17.9	68.5	36.4	51.3	88.4	49.7	65.0	23.8	-999	24.1	22.3	-0.8	12.2	-999	-13.7	45.6	36.6	4.4	29.7	-999
LTROPICAL590_LTRL590_09_14_V.trna1	Val	47.2	59.4	31.6	42.9	51.0	40.3	66.3	52.5	67.1	44.7	7.5	6.2	48.2	15.4	43.7	-999	11.3	63.1	45.0	40.0	66.3	-999
LTROPICAL590_LTRL590_09_15_R.trna1	Arg	44.2	89.2	57.9	18.7	47.7	30.7	-999	13.1	46.3	57.0	3.4	48.5	52.9	36.6	18.4	-999	10.5	57.3	72.3	24.7	26.3	-2.7
LTROPICAL590_LTRL590_09_16_H.trna1	His	51.4	45.8	-999	44.0	64.2	44.7	21.9	48.3	65.4	19.3	3.8	27.0	25.1	41.8	33.5	-999	-11.3	54.7	29.9	40.2	29.3	-999
LTROPICAL590_LTRL590_10_17_K.trna1	Lys	64.8	72.1	68.0	36.1	61.4	45.8	18.3	63.0	52.5	65.4	13.7	86.1	81.0	48.6	37.7	-999	21.9	77.1	64.3	58.8	59.3	5.2
LTROPICAL590_LTRL590_10_18_G.trna1	Gly	62.8	45.0	-8.2	76.1	41.1	37.3	75.4	97.3	60.6	33.8	15.4	24.7	26.0	20.1	71.5	-999	5.0	54.7	45.8	37.1	41.7	-999
LTROPICAL590_LTRL590_10_19_N.trna1	Asn	21.7	60.9	79.4	12.1	53.4	38.5	21.2	32.4	50.0	45.6	4.3	65.5	71.0	22.5	22.1	-999	6.9	61.0	48.5	48.8	47.5	36.8
LTROPICAL590_LTRL590_11_20_L.trna1	Leu	58.9	45.2	-0.6	18.8	56.6	58.3	15.3	33.7	64.2	47.4	87.4	-4.4	21.6	8.6	32.5	-999	67.7	48.5	42.4	32.7	33.6	-999
LTROPICAL590_LTRL590_11_21_A.trna1	Ala	97.8	54.2	26.7	34.0	53.6	32.1	4.3	43.1	34.5	52.0	8.5	43.0	52.3	32.5	61.4	-999	-13.3	71.7	54.9	20.8	55.6	-999
LTROPICAL590_LTRL590_11_22_G.trna1	Gly	44.2	49.9	-999	58.9	34.2	56.2	51.2	91.3	69.0	30.1	22.8	4.6	23.3	-999	46.7	-10.6	21.5	58.7	32.6	42.0	53.3	-999
LTROPICAL590_LTRL590_11_23_A.trna1	Ala	97.8	54.2	26.7	34.0	53.6	32.1	4.3	43.1	34.5	52.0	8.5	43.0	52.3	32.5	61.4	-999	-13.3	71.7	54.9	20.8	55.6	-999
LTROPICAL590_LTRL590_11_24_L.trna1	Leu	58.9	45.2	-0.6	18.8	56.6	58.3	15.3	33.7	64.2	47.4	87.4	-4.4	21.6	8.6	32.5	-999	67.7	48.5	42.4	32.7	33.6	-999
LTROPICAL590_LTRL590_11_25_G.trna1	Gly	44.2	49.9	-999	58.9	34.2	56.2	51.2	91.3	69.0	30.1	22.8	4.6	23.3	-999	46.7	-10.6	21.5	58.7	32.6	42.0	53.3	-999
LTROPICAL590_LTRL590_11_26_A.trna1	Ala	97.8	54.2	26.7	34.0	53.6	32.1	4.3	43.1	34.5	52.0	8.5	43.0	52.3	32.5	61.4	-999	-13.3	71.7	54.9	20.8	55.6	-999
LTROPICAL590_LTRL590_11_27_L.trna1	Leu	58.9	45.2	-0.6	18.8	56.6	58.3	15.3	33.7	64.2	47.4	87.4	-4.4	21.6	8.6	32.5	-999	67.7	48.5	42.4	32.7	33.6	-999
LTROPICAL590_LTRL590_11_29_M.trna1	Met	51.9	58.0	48.1	17.5	47.3	41.5	19.5	29.4	51.5	82.0	11.1	56.0	96.0	53.3	24.0	-999	6.9	82.3	46.0	38.3	63.1	2.6
LTROPICAL590_LTRL590_11_30_R.trna1	Arg	41.2	93.5	63.7	22.5	61.2	29.2	6.1	32.1	58.1	57.5	9.8	59.9	42.4	32.2	25.3	-999	16.2	65.5	79.3	47.0	29.5	3.5
LTROPICAL590_LTRL590_15_33_D.trna1	Asp	47.0	55.5	32.4	106.5	37.5	61.9	70.2	72.9	70.5	29.7	1.2	10.2	36.9	-999	44.9	-999	0.6	62.3	44.0	31.2	52.8	-999
LTROPICAL590_LTRL590_15_34_E.trna1	Glu	42.1	50.1	14.3	73.3	36.7	44.0	87.7	60.4	70.6	28.0	-1.6	25.9	26.3	-0.1	21.2	-999	0.0	48.6	26.4	10.5	37.8	-999
LTROPICAL590_LTRL590_16_35_Q.trna1	Gln	28.3	50.6	41.9	47.9	35.4	82.5	47.2	44.0	58.8	44.2	-999	13.3	27.0	3.1	4.6	-999	31.2	53.9	22.5	37.7	49.7	-999
LTROPICAL590_LTRL590_17_37_D.trna1	Asp	47.0	55.5	32.4	106.5	37.5	61.9	70.2	72.9	70.5	29.7	1.2	10.2	36.9	-999	44.9	-999	0.6	62.3	44.0	31.2	52.8	-999
LTROPICAL590_LTRL590_17_38_S.trna1	Ser	55.3	52.8	17.0	27.3	46.7	37.2	20.1	49.2	50.9	44.7	70.2	13.9	34.2	-999	6.4	-20.8	89.4	61.6	41.6	42.0	31.9	-999
LTROPICAL590_LTRL590_17_39_A.trna1	Ala	85.5	25.9	-7.1	12.6	37.1	-999	-999	16.9	15.6	21.4	-999	13.6	20.6	23.8	32.5	-999	-999	43.0	21.7	-4.9	29.7	-14.0
LTROPICAL590_LTRL590_21_43_S.trna1	Ser	54.6	57.9	20.1	30.3	45.0	42.7	17.4	48.8	52.5	51.0	70.3	17.0	39.5	-999	12.5	-20.8	89.9	63.1	43.4	44.0	34.7	-25.2
LTROPICAL590_LTRL590_21_45_P.trna1	Pro	73.1	46.1	10.3	58.1	41.5	51.7	53.1	59.5	57.0	31.9	5.6	-999	19.9	-5.8	105.4	-999	-10.1	54.4	46.7	23.9	66.2	-999
LTROPICAL590_LTRL590_21_46_V.trna1	Val	56.5	54.6	3.9	40.1	30.5	30.4	62.4	42.7	51.2	51.1	17.9	9.5	32.0	-11.1	47.7	-999	10.6	66.6	23.1	12.1	69.1	-999
LTROPICAL590_LTRL590_21_47_K.trna1	Lys	64.8	72.1	68.0	36.1	61.4	45.8	18.3	63.0	52.5	65.4	13.7	86.1	81.0	48.6	37.7	-999	21.9	77.1	64.3	58.8	59.3	5.2
LTROPICAL590_LTRL590_23_49_I.trna1	Ile	55.1	77.7	56.9	53.8	48.0	72.3	45.7	57.4	62.6	82.8	48.4	30.4	69.4	33.8	52.6	-999	37.1	78.5	64.5	58.3	84.4	-18.9
LTROPICAL590_LTRL590_23_50_V.trna1	Val	52.8	62.9	36.8	46.3	36.0	44.9	62.0	58.6	59.4	56.9	25.5	14.3	41.6	8.2	56.2	-999	33.1	64.0	40.4	37.3	81.7	-999
LTROPICAL590_LTRL590_23_51_Q.trna1	Gln	60.5	64.3	41.6	70.1	48.4	101.7	57.8	61.4	85.8	68.5	26.3	13.1	43.7	5.6	42.0	-999	44.9	73.3	51.4	55.8	72.9	-15.7
LTROPICAL590_LTRL590_23_52_R.trna1	Arg	41.2	93.5	63.7	22.5	61.2	29.2	6.1	32.1	58.1	57.5	9.8	59.9	42.4	32.2	25.3	-999	16.2	65.5	79.3	47.0	29.5	3.5
LTROPICAL590_LTRL590_23_53_L.trna1	Leu	38.4	37.5	-8.0	12.8	38.2	43.3	20.6	41.9	70.0	47.0	87.6	-11.7	22.3	-10.5	28.8	-999	55.7	42.9	24.7	19.1	35.8	-999
LTROPICAL590_LTRL590_23_54_T.trna1	Thr	64.1	64.1	37.6	42.7	61.4	57.6	17.9	31.7	54.3	54.3	-2.5	51.3	70.0	37.1	50.1	-999	1.2	89.4	58.9	41.3	52.1	-6.5
LTROPICAL590_LTRL590_23_55_R.trna1	Arg	25.3	95.1	56.3	17.9	51.0	39.1	-999	33.9	50.5	64.1	9.4	63.0	59.4	28.9	20.0	-999	18.0	62.2	75.6	41.2	41.3	-7.8
LTROPICAL590_LTRL590_23_56_K.trna1	Lys	67.1	62.9	58.7	21.6	56.7	32.0	15.9	55.7	40.1	65.4	27.2	91.4	62.9	27.0	22.3	-999	24.1	64.3	50.5	42.3	49.3	-3.7
LTROPICAL590_LTRL590_23_57_G.trna1	Gly	52.7	55.8	10.2	70.2	33.0	52.8	57.7	83.7	54.9	34.3	31.4	-0.9	34.3	-7.1	35.1	-21.8	29.0	54.7	51.0	17.4	42.9	-999
LTROPICAL590_LTRL590_23_58_W.trna1	Trp	68.1	65.9	34.6	20.4	82.5	39.3	8.0	39.4	51.2	54.1	9.3	51.7	56.1	55.2	37.6	-999	20.2	78.2	78.2	52.7	39.2	-11.6
LTROPICAL590_LTRL590_24_60_P.trna1	Pro	71.7	43.3	14.5	53.9	46.2	47.1	43.7	56.2	57.4	42.0	10.5	11.5	28.1	6.5	101.4	-6.3	-999	60.2	57.3	28.8	62.9	-999
LTROPICAL590_LTRL590_24_61_Q.trna1	Gln	28.3	50.6	41.9	47.9	35.4	82.5	47.2	44.0	58.8	44.2	-999	13.3	27.0	3.1	4.6	-999	31.2	53.9	22.5	37.7	49.7	-999
LTROPICAL590_LTRL590_24_62_L.trna1	Leu	42.9	42.5	17.4	-6.8	51.8	26.5	-5.6	9.3	49.1	54.6	78.1	25.6	33.9	13.9	8.9	-18.6	54.2	38.0	27.0	40.2	26.5	-999
LTROPICAL590_LTRL590_24_63_I.trna1	Ile	66.3	81.3	64.1	57.8	67.3	47.5	26.1	43.6	60.4	96.6	13.8	63.1	77.5	62.3	33.2	-999	32.7	92.8	62.5	68.1	71.5	0.7
LTROPICAL590_LTRL590_24_64_I.trna1	Ile	66.3	81.3	64.1	57.8	67.3	47.5	26.1	43.6	60.4	96.6	13.8	63.1	77.5	62.3	33.2	-999	32.7	92.8	62.5	68.1	71.5	0.7
LTROPICAL590_LTRL590_24_65_D.trna1	Asp	47.0	55.5	32.4	106.5	37.5	61.9	70.2	72.9	70.5	29.7	1.2	10.2	36.9	-999	44.9	-999	0.6	62.3	44.0	31.2	52.8	-999
LTROPICAL590_LTRL590_29_71_L.trna1	Leu	31.4	44.7	7.4	7.0	61.8	52.6	2.7	47.4	63.0	53.4	94.3	7.4	24.1	6.8	13.8	-999	72.2	48.3	32.9	48.6	29.4	-999
LTROPICAL590_LTRL590_29_72_S.trna1	Ser	15.1	45.4	28.9	18.2	52.8	48.7	8.8	27.0	48.8	24.0	50.8	-4.3	8.6	-4.2	-999	-10.8	87.7	48.3	27.8	59.0	22.1	-999
LTROPICAL590_LTRL590_30_74_T.trna1	Thr	51.3	65.7	35.8	29.0	51.2	46.2	14.5	33.2	56.0	59.6	1.8	48.0	69.4	26.0	36.0	-999	1.5	85.7	46.2	37.8	51.1	-999
LTROPICAL590_LTRL590_31_75_F.trna1	Phe	57.2	66.3	51.4	50.0	88.1	42.4	25.4	47.4	65.3	72.5	17.7	73.5	83.0	113.6	45.0	-999	14.5	86.2	76.5	86.5	62.8	7.8
LTROPICAL590_LTRL590_31_76_S.trna1	Ser	16.3	48.8	20.1	19.5	51.9	43.1	9.4	26.0	47.5	27.0	48.8	1.1	10.1	-5.1	-999	-4.3	90.7	50.4	31.1	62.4	24.7	-999
LTROPICAL590_LTRL590_31_77_A.trna1	Ala	85.5	25.9	-7.1	12.6	37.1	-999	-999	16.9	15.6	21.4	-999	13.6	20.6	23.8	32.5	-999	-999	43.0	21.7	-4.9	29.7	-14.0
LTROPICAL590_LTRL590_31_78_A.trna1	Ala	85.5	25.9	-7.1	12.6	37.1	-999	-999	16.9	15.6	21.4	-999	13.6	20.6	23.8	32.5	-999	-999	43.0	21.7	-4.9	29.7	-14.0
LTROPICAL590_LTRL590_31_79_G.trna1	Gly	62.8	45.0	-8.2	76.1	41.1	37.3	75.4	97.3	60.6	33.8	15.4	24.7	26.0	20.1	71.5	-999	5.0	54.7	45.8	37.1	41.7	-999
LTROPICAL590_LTRL590_31_80_E.trna1	Glu	42.1	50.1	14.3	73.3	36.7	44.0	87.7	60.4	70.6	28.0	-1.6	25.9	26.3	-0.1	21.2	-999	0.0	48.6	26.4	10.5	37.8	-999
LTROPICAL590_LTRL590_33_83_R.trna1	Arg	63.0	91.1	63.3	38.0	43.0	46.4	49.2	45.6	62.5	66.2	8.2	40.3	48.9	7.3	46.1	-999	34.1	75.0	66.2	36.9	74.6	-999
LTROPICAL590_LTRL590_33_84_R.trna1	Arg	40.9	91.0	59.5	26.8	48.1	60.0	36.0	32.9	59.3	74.0	32.9	29.5	51.5	17.9	23.6	-15.1	36.8	71.0	62.5	59.1	53.5	-3.0
LTROPICAL590_LTRL590_33_85_A.trna1	Ala	94.5	50.6	18.5	27.8	57.9	34.1	1.8	40.3	33.6	52.7	15.7	38.8	45.4	20.7	64.1	-999	-5.1	71.9	53.5	21.7	50.2	-25.6
LTROPICAL590_LTRL590_34_87_N.trna1	Asn	21.7	60.9	79.4	12.1	53.4	38.5	21.2	32.4	50.0	45.6	4.3	65.5	71.0	22.5	22.1	-999	6.9	61.0	48.5	48.8	47.5	36.8
LTROPICAL590_LTRL590_34_88_Y.trna1	Tyr	51.1	69.4	54.6	20.8	72.4	34.6	20.9	42.7	60.2	56.9	-1.5	62.3	44.6	56.8	27.5	-999	-5.5	74.3	68.1	83.7	51.1	-24.1
LTROPICAL590_LTRL590_34_89_T.trna1	Thr	51.3	65.7	35.8	29.0	51.2	46.2	14.5	33.2	56.0	59.6	1.8	48.0	69.4	26.0	36.0	-999	1.5	85.7	46.2	37.8	51.1	-999
LTROPICAL590_LTRL590_34_90_P.trna1	Pro	71.7	43.3	14.5	53.9	46.2	47.1	43.7	56.2	57.4	42.0	10.5	11.5	28.1	6.5	101.4	-6.3	-999	60.2	57.3	28.8	62.9	-999
LTROPICAL590_LTRL590_34_91_N.trna1	Asn	21.7	60.9	79.4	12.1	53.4	38.5	21.2	32.4	50.0	45.6	4.3	65.5	71.0	22.5	22.1	-999	6.9	61.0	48.5	48.8	47.5	36.8
LTROPICAL590_LTRL590_34_92_V.trna1	Val	56.5	54.6	3.9	40.1	30.5	30.4	62.4	42.7	51.2	51.1	17.9	9.5	32.0	-11.1	47.7	-999	10.6	66.6	23.1	12.1	69.1	-999
LTROPICAL590_LTRL590_34_93_I.trna1	Ile	66.3	81.3	64.1	57.8	67.3	47.5	26.1	43.6	60.4	96.6	13.8	63.1	77.5	62.3	33.2	-999	32.7	92.8	62.5	68.1	71.5	0.7
LTROPICAL590_LTRL590_34_94_M.trna1	Met	51.9	58.0	48.1	17.5	47.3	41.5	19.5	29.4	51.5	82.0	11.1	56.0	96.0	53.3	24.0	-999	6.9	82.3	46.0	38.3	63.1	2.6
LTROPICAL590_LTRL590_34_95_L.trna1	Leu	50.1	59.6	16.1	19.7	57.6	49.8	12.1	43.5	71.9	55.5	93.5	13.9	38.5	13.2	28.0	-999	71.8	56.9	41.6	38.5	39.4	-999
LTROPICAL590_LTRL590_34_96_S.trna1	Ser	29.3	49.4	25.7	16.1	47.7	37.5	8.2	6.0	43.5	27.2	52.0	9.8	16.7	6.5	-999	-11.0	89.3	50.2	28.5	53.1	25.1	-999
LTROPICAL590_LTRL590_36_100_G.trna1	Gly	62.8	45.0	-8.2	76.1	41.1	37.3	75.4	97.3	60.6	33.8	15.4	24.7	26.0	20.1	71.5	-999	5.0	54.7	45.8	37.1	41.7	-999
LTROPICAL590_LTRL590_36_101_T.trna1	Thr	53.8	69.3	53.9	38.7	57.3	43.3	8.6	34.9	40.1	69.2	-999	60.0	70.5	38.2	37.0	-999	-999	84.8	68.0	48.5	55.7	2.8
LTROPICAL590_LTRL590_36_102_G.trna1	Gly	62.8	45.0	-8.2	76.1	41.1	37.3	75.4	97.3	60.6	33.8	15.4	24.7	26.0	20.1	71.5	-999	5.0	54.7	45.8	37.1	41.7	-999
LTROPICAL590_LTRL590_36_103_P.trna1	Pro	73.1	46.1	10.3	58.1	41.5	51.7	53.1	59.5	57.0	31.9	5.6	-999	19.9	-5.8	105.4	-999	-10.1	54.4	46.7	23.9	66.2	-999
LTROPICAL590_LTRL590_36_105_Q.trna1	Gln	28.3	50.6	41.9	47.9	35.4	82.5	47.2	44.0	58.8	44.2	-999	13.3	27.0	3.1	4.6	-999	31.2	53.9	22.5	37.7	49.7	-999
LTROPICAL590_LTRL590_36_107_C.trna1	Cys	57.8	54.7	47.7	27.2	87.3	58.0	7.1	38.1	53.0	48.3	5.3	39.1	53.4	54.8	54.9	-999	3.1	70.8	65.0	50.7	60.9	-19.8
LTROPICAL590_LTRL590_36_108_L.trna1	Leu	58.9	45.2	-0.6	18.8	56.6	58.3	15.3	33.7	64.2	47.4	87.4	-4.4	21.6	8.6	32.5	-999	67.7	48.5	42.4	32.7	33.6	-999
LTROPICAL590_LTRL590_36_109_X.trna1	iMet	32.3	45.8	39.6	-999	48.4	21.1	-999	-999	41.4	56.7	-2.5	30.6	66.5	27.4	9.7	-999	6.8	59.7	35.4	44.6	50.8	101.5
LTROPICAL590_LTRL590_36_110_P.trna1	Pro	71.9	45.3	6.6	37.6	42.4	57.1	45.5	52.3	56.2	46.1	17.9	-8.5	21.6	9.5	100.8	-999	1.9	59.3	53.0	26.9	62.5	-999
LTROPICAL590_LTRL590_36_111_Y.trna1	Tyr	51.1	69.4	54.6	20.8	72.4	34.6	20.9	42.7	60.2	56.9	-1.5	62.3	44.6	56.8	27.5	-999	-5.5	74.3	68.1	83.7	51.1	-24.1
LTROPICAL590_LTRL590_36_112_T.trna1	Thr	53.8	69.3	53.9	38.7	57.3	43.3	8.6	34.9	40.1	69.2	-999	60.0	70.5	38.2	37.0	-999	-999	84.8	68.0	48.5	55.7	2.8
LTROPICAL590_LTRL590_36_113_T.trna1	Thr	53.8	69.3	53.9	38.7	57.3	43.3	8.6	34.9	40.1	69.2	-999	60.0	70.5	38.2	37.0	-999	-999	84.8	68.0	48.5	55.7	2.8
LTROPICAL590_LTRL590_36_114_Y.trna1	Tyr	51.1	69.4	54.6	20.8	72.4	34.6	20.9	42.7	60.2	56.9	-1.5	62.3	44.6	56.8	27.5	-999	-5.5	74.3	68.1	83.7	51.1	-24.1
LTURANICALEM423_LTULEM423_03_2_K.trna1	Lys	64.8	72.1	68.0	36.1	61.4	45.8	18.3	63.0	52.5	65.4	13.7	86.1	81.0	48.6	37.7	-999	21.9	77.1	64.3	58.8	59.3	5.2
LTURANICALEM423_LTULEM423_05_4_R.trna1	Arg	41.2	93.5	63.7	22.5	61.2	29.2	6.1	32.1	58.1	57.5	9.8	59.9	42.4	32.2	25.3	-999	16.2	65.5	79.3	47.0	29.5	3.5
LTURANICALEM423_LTULEM423_07_7_R.trna1	Arg	41.2	93.5	63.7	22.5	61.2	29.2	6.1	32.1	58.1	57.5	9.8	59.9	42.4	32.2	25.3	-999	16.2	65.5	79.3	47.0	29.5	3.5
LTURANICALEM423_LTULEM423_09_9_X.trna1	iMet	32.3	45.8	39.6	-999	48.4	21.1	-999	-999	41.4	56.7	-2.5	30.6	66.5	27.4	9.7	-999	6.8	59.7	35.4	44.6	50.8	101.5
LTURANICALEM423_LTULEM423_09_10_L.trna1	Leu	38.4	37.5	-8.0	12.8	38.2	43.3	20.6	41.9	70.0	47.0	87.6	-11.7	22.3	-10.5	28.8	-999	55.7	42.9	24.7	19.1	35.8	-999
LTURANICALEM423_LTULEM423_09_11_V.trna1	Val	47.2	59.4	31.6	42.9	51.0	40.3	66.3	52.5	67.1	44.7	7.5	6.2	48.2	15.4	43.7	-999	11.3	63.1	45.0	40.0	66.3	-999
LTURANICALEM423_LTULEM423_09_12_H.trna1	His	51.4	45.8	-999	44.0	64.2	44.7	21.9	48.3	65.4	19.3	3.8	27.0	25.1	41.8	33.5	-999	-11.3	54.7	29.9	40.2	29.3	-999
LTURANICALEM423_LTULEM423_09_13_F.trna1	Phe	57.2	66.3	51.4	50.0	88.1	42.4	25.4	47.4	65.3	72.5	17.7	73.5	83.0	113.6	45.0	-999	14.5	86.2	76.5	86.5	62.8	7.8
LTURANICALEM423_LTULEM423_09_14_E.trna1	Glu	37.2	48.8	17.9	68.5	36.4	51.3	88.4	49.7	65.0	23.8	-999	24.1	22.3	-0.8	12.2	-999	-13.7	45.6	36.6	4.4	29.7	-999
LTURANICALEM423_LTULEM423_09_15_V.trna1	Val	47.2	59.4	31.6	42.9	51.0	40.3	66.3	52.5	67.1	44.7	7.5	6.2	48.2	15.4	43.7	-999	11.3	63.1	45.0	40.0	66.3	-999
LTURANICALEM423_LTULEM423_09_16_R.trna1	Arg	44.2	89.2	57.9	18.7	47.7	30.7	-999	13.1	46.3	57.0	3.4	48.5	52.9	36.6	18.4	-999	10.5	57.3	72.3	24.7	26.3	-2.7
LTURANICALEM423_LTULEM423_09_17_H.trna1	His	51.4	45.8	-999	44.0	64.2	44.7	21.9	48.3	65.4	19.3	3.8	27.0	25.1	41.8	33.5	-999	-11.3	54.7	29.9	40.2	29.3	-999
LTURANICALEM423_LTULEM423_10_18_K.trna1	Lys	64.8	72.1	68.0	36.1	61.4	45.8	18.3	63.0	52.5	65.4	13.7	86.1	81.0	48.6	37.7	-999	21.9	77.1	64.3	58.8	59.3	5.2
LTURANICALEM423_LTULEM423_10_19_G.trna1	Gly	62.8	45.0	-8.2	76.1	41.1	37.3	75.4	97.3	60.6	33.8	15.4	24.7	26.0	20.1	71.5	-999	5.0	54.7	45.8	37.1	41.7	-999
LTURANICALEM423_LTULEM423_10_20_N.trna1	Asn	21.7	60.9	79.4	12.1	53.4	38.5	21.2	32.4	50.0	45.6	4.3	65.5	71.0	22.5	22.1	-999	6.9	61.0	48.5	48.8	47.5	36.8
LTURANICALEM423_LTULEM423_11_21_L.trna1	Leu	58.9	45.2	-0.6	18.8	56.6	58.3	15.3	33.7	64.2	47.4	87.4	-4.4	21.6	8.6	32.5	-999	67.7	48.5	42.4	32.7	33.6	-999
LTURANICALEM423_LTULEM423_11_22_A.trna1	Ala	97.1	50.3	25.5	34.5	54.3	31.6	3.6	39.8	31.2	50.9	6.3	42.1	49.1	31.6	62.5	-999	-15.2	71.0	55.6	20.2	52.8	-999
LTURANICALEM423_LTULEM423_11_23_G.trna1	Gly	44.2	49.9	-999	58.9	34.2	56.2	51.2	91.3	69.0	30.1	22.8	4.6	23.3	-999	46.7	-10.6	21.5	58.7	32.6	42.0	53.3	-999
LTURANICALEM423_LTULEM423_11_24_M.trna1	Met	51.9	58.0	48.1	17.5	47.3	41.5	19.5	29.4	51.5	82.0	11.1	56.0	96.0	53.3	24.0	-999	6.9	82.3	46.0	38.3	63.1	2.6
LTURANICALEM423_LTULEM423_11_25_R.trna1	Arg	41.2	93.5	63.7	22.5	61.2	29.2	6.1	32.1	58.1	57.5	9.8	59.9	42.4	32.2	25.3	-999	16.2	65.5	79.3	47.0	29.5	3.5
LTURANICALEM423_LTULEM423_15_27_D.trna1	Asp	47.0	55.5	32.4	106.5	37.5	61.9	70.2	72.9	70.5	29.7	1.2	10.2	36.9	-999	44.9	-999	0.6	62.3	44.0	31.2	52.8	-999
LTURANICALEM423_LTULEM423_15_28_E.trna1	Glu	42.1	50.1	14.3	73.3	36.7	44.0	87.7	60.4	70.6	28.0	-1.6	25.9	26.3	-0.1	21.2	-999	0.0	48.6	26.4	10.5	37.8	-999
LTURANICALEM423_LTULEM423_16_29_Q.trna1	Gln	28.3	50.6	41.9	47.9	35.4	82.5	47.2	44.0	58.8	44.2	-999	13.3	27.0	3.1	4.6	-999	31.2	53.9	22.5	37.7	49.7	-999
LTURANICALEM423_LTULEM423_17_31_D.trna1	Asp	47.0	55.5	32.4	106.5	37.5	61.9	70.2	72.9	70.5	29.7	1.2	10.2	36.9	-999	44.9	-999	0.6	62.3	44.0	31.2	52.8	-999
LTURANICALEM423_LTULEM423_17_32_S.trna1	Ser	55.3	52.8	17.0	27.3	46.7	37.2	20.1	49.2	50.9	44.7	70.2	13.9	34.2	-999	6.4	-20.8	89.4	61.6	41.6	42.0	31.9	-999
LTURANICALEM423_LTULEM423_17_33_A.trna1	Ala	85.5	25.9	-7.1	12.6	37.1	-999	-999	16.9	15.6	21.4	-999	13.6	20.6	23.8	32.5	-999	-999	43.0	21.7	-4.9	29.7	-14.0
LTURANICALEM423_LTULEM423_21_35_S.trna1	Ser	54.6	57.9	20.1	30.3	45.0	42.7	17.4	48.8	52.5	51.0	70.3	17.0	39.5	-999	12.5	-20.8	89.9	63.1	43.4	44.0	34.7	-25.2
LTURANICALEM423_LTULEM423_21_38_P.trna1	Pro	73.1	46.1	10.3	58.1	41.5	51.7	53.1	59.5	57.0	31.9	5.6	-999	19.9	-5.8	105.4	-999	-10.1	54.4	46.7	23.9	66.2	-999
LTURANICALEM423_LTULEM423_21_39_V.trna1	Val	56.5	54.6	3.9	40.1	30.5	30.4	62.4	42.7	51.2	51.1	17.9	9.5	32.0	-11.1	47.7	-999	10.6	66.6	23.1	12.1	69.1	-999
LTURANICALEM423_LTULEM423_21_40_K.trna1	Lys	64.8	72.1	68.0	36.1	61.4	45.8	18.3	63.0	52.5	65.4	13.7	86.1	81.0	48.6	37.7	-999	21.9	77.1	64.3	58.8	59.3	5.2
LTURANICALEM423_LTULEM423_23_42_I.trna1	Ile	55.1	77.7	56.9	53.8	48.0	72.3	45.7	57.4	62.6	82.8	48.4	30.4	69.4	33.8	52.6	-999	37.1	78.5	64.5	58.3	84.4	-18.9
LTURANICALEM423_LTULEM423_23_43_V.trna1	Val	52.8	62.9	36.8	46.3	36.0	44.9	62.0	58.6	59.4	56.9	25.5	14.3	41.6	8.2	56.2	-999	33.1	64.0	40.4	37.3	81.7	-999
LTURANICALEM423_LTULEM423_23_44_Q.trna1	Gln	60.5	64.3	41.6	70.1	48.4	101.7	57.8	61.4	85.8	68.5	26.3	13.1	43.7	5.6	42.0	-999	44.9	73.3	51.4	55.8	72.9	-15.7
LTURANICALEM423_LTULEM423_23_45_R.trna1	Arg	41.2	93.5	63.7	22.5	61.2	29.2	6.1	32.1	58.1	57.5	9.8	59.9	42.4	32.2	25.3	-999	16.2	65.5	79.3	47.0	29.5	3.5
LTURANICALEM423_LTULEM423_23_46_L.trna1	Leu	38.4	37.5	-8.0	12.8	38.2	43.3	20.6	41.9	70.0	47.0	87.6	-11.7	22.3	-10.5	28.8	-999	55.7	42.9	24.7	19.1	35.8	-999
LTURANICALEM423_LTULEM423_23_47_T.trna1	Thr	64.1	64.1	37.6	42.7	61.4	57.6	17.9	31.7	54.3	54.3	-2.5	51.3	70.0	37.1	50.1	-999	1.2	89.4	58.9	41.3	52.1	-6.5
LTURANICALEM423_LTULEM423_23_48_R.trna1	Arg	25.3	95.1	56.3	17.9	51.0	39.1	-999	33.9	50.5	64.1	9.4	63.0	59.4	28.9	20.0	-999	18.0	62.2	75.6	41.2	41.3	-7.8
LTURANICALEM423_LTULEM423_23_49_K.trna1	Lys	70.4	61.8	54.8	21.0	59.0	32.9	15.9	61.1	45.4	70.7	33.3	90.7	66.7	31.7	25.5	-999	21.0	68.5	55.0	42.3	55.4	-3.7
LTURANICALEM423_LTULEM423_23_50_G.trna1	Gly	52.7	55.8	10.2	70.2	33.0	52.8	57.7	83.7	54.9	34.3	31.4	-0.9	34.3	-7.1	35.1	-21.8	29.0	54.7	51.0	17.4	42.9	-999
LTURANICALEM423_LTULEM423_23_51_W.trna1	Trp	68.1	65.9	34.6	20.4	82.5	39.3	8.0	39.4	51.2	54.1	9.3	51.7	56.1	55.2	37.6	-999	20.2	78.2	78.2	52.7	39.2	-11.6
LTURANICALEM423_LTULEM423_24_54_P.trna1	Pro	70.6	46.0	17.0	52.9	43.7	47.7	45.1	58.5	57.0	41.5	17.8	8.6	27.9	-0.5	104.6	-6.3	-3.9	60.2	58.8	27.0	62.8	-999
LTURANICALEM423_LTULEM423_24_55_Q.trna1	Gln	28.3	50.6	41.9	47.9	35.4	82.5	47.2	44.0	58.8	44.2	-999	13.3	27.0	3.1	4.6	-999	31.2	53.9	22.5	37.7	49.7	-999
LTURANICALEM423_LTULEM423_24_56_L.trna1	Leu	42.9	42.5	17.4	-6.8	51.8	26.5	-5.6	9.3	49.1	54.6	78.1	25.6	33.9	13.9	8.9	-18.6	54.2	38.0	27.0	40.2	26.5	-999
LTURANICALEM423_LTULEM423_24_57_I.trna1	Ile	66.3	81.3	64.1	57.8	67.3	47.5	26.1	43.6	60.4	96.6	13.8	63.1	77.5	62.3	33.2	-999	32.7	92.8	62.5	68.1	71.5	0.7
LTURANICALEM423_LTULEM423_24_58_I.trna1	Ile	66.3	81.3	64.1	57.8	67.3	47.5	26.1	43.6	60.4	96.6	13.8	63.1	77.5	62.3	33.2	-999	32.7	92.8	62.5	68.1	71.5	0.7
LTURANICALEM423_LTULEM423_24_59_D.trna1	Asp	47.0	55.5	32.4	106.5	37.5	61.9	70.2	72.9	70.5	29.7	1.2	10.2	36.9	-999	44.9	-999	0.6	62.3	44.0	31.2	52.8	-999
LTURANICALEM423_LTULEM423_29_62_L.trna1	Leu	31.4	44.7	7.4	7.0	61.8	52.6	2.7	47.4	63.0	53.4	94.3	7.4	24.1	6.8	13.8	-999	72.2	48.3	32.9	48.6	29.4	-999
LTURANICALEM423_LTULEM423_29_63_S.trna1	Ser	15.1	45.4	28.9	18.2	52.8	48.7	8.8	27.0	48.8	24.0	50.8	-4.3	8.6	-4.2	-999	-10.8	87.7	48.3	27.8	59.0	22.1	-999
LTURANICALEM423_LTULEM423_30_65_T.trna1	Thr	51.3	65.7	35.8	29.0	51.2	46.2	14.5	33.2	56.0	59.6	1.8	48.0	69.4	26.0	36.0	-999	1.5	85.7	46.2	37.8	51.1	-999
LTURANICALEM423_LTULEM423_31_67_F.trna1	Phe	57.2	66.3	51.4	50.0	88.1	42.4	25.4	47.4	65.3	72.5	17.7	73.5	83.0	113.6	45.0	-999	14.5	86.2	76.5	86.5	62.8	7.8
LTURANICALEM423_LTULEM423_31_68_S.trna1	Ser	16.3	48.8	20.1	19.5	51.9	43.1	9.4	26.0	47.5	27.0	48.8	1.1	10.1	-5.1	-999	-4.3	90.7	50.4	31.1	62.4	24.7	-999
LTURANICALEM423_LTULEM423_31_69_A.trna1	Ala	85.5	25.9	-7.1	12.6	37.1	-999	-999	16.9	15.6	21.4	-999	13.6	20.6	23.8	32.5	-999	-999	43.0	21.7	-4.9	29.7	-14.0
LTURANICALEM423_LTULEM423_31_70_G.trna1	Gly	62.8	45.0	-8.2	76.1	41.1	37.3	75.4	97.3	60.6	33.8	15.4	24.7	26.0	20.1	71.5	-999	5.0	54.7	45.8	37.1	41.7	-999
LTURANICALEM423_LTULEM423_31_71_E.trna1	Glu	42.1	50.1	14.3	73.3	36.7	44.0	87.7	60.4	70.6	28.0	-1.6	25.9	26.3	-0.1	21.2	-999	0.0	48.6	26.4	10.5	37.8	-999
LTURANICALEM423_LTULEM423_33_72_R.trna1	Arg	63.0	91.1	63.3	38.0	43.0	46.4	49.2	45.6	62.5	66.2	8.2	40.3	48.9	7.3	46.1	-999	34.1	75.0	66.2	36.9	74.6	-999
LTURANICALEM423_LTULEM423_33_73_R.trna1	Arg	45.2	96.2	63.0	31.3	49.5	62.5	37.9	37.2	65.0	76.6	33.7	34.3	53.9	21.7	25.6	-8.2	40.0	74.2	63.8	60.1	57.0	-4.6
LTURANICALEM423_LTULEM423_33_74_A.trna1	Ala	94.5	50.6	18.5	27.8	57.9	34.1	1.8	40.3	33.6	52.7	15.7	38.8	45.4	20.7	64.1	-999	-5.1	71.9	53.5	21.7	50.2	-25.6
LTURANICALEM423_LTULEM423_34_75_N.trna1	Asn	21.7	60.9	79.4	12.1	53.4	38.5	21.2	32.4	50.0	45.6	4.3	65.5	71.0	22.5	22.1	-999	6.9	61.0	48.5	48.8	47.5	36.8
LTURANICALEM423_LTULEM423_34_76_Y.trna1	Tyr	51.1	69.4	54.6	20.8	72.4	34.6	20.9	42.7	60.2	56.9	-1.5	62.3	44.6	56.8	27.5	-999	-5.5	74.3	68.1	83.7	51.1	-24.1
LTURANICALEM423_LTULEM423_34_77_T.trna1	Thr	51.3	65.7	35.8	29.0	51.2	46.2	14.5	33.2	56.0	59.6	1.8	48.0	69.4	26.0	36.0	-999	1.5	85.7	46.2	37.8	51.1	-999
LTURANICALEM423_LTULEM423_34_78_P.trna1	Pro	70.6	46.0	17.0	52.9	43.7	47.7	45.1	58.5	57.0	41.5	17.8	8.6	27.9	-0.5	104.6	-6.3	-3.9	60.2	58.8	27.0	62.8	-999
LTURANICALEM423_LTULEM423_34_79_N.trna1	Asn	21.7	60.9	79.4	12.1	53.4	38.5	21.2	32.4	50.0	45.6	4.3	65.5	71.0	22.5	22.1	-999	6.9	61.0	48.5	48.8	47.5	36.8
LTURANICALEM423_LTULEM423_36_81_Q.trna1	Gln	28.3	50.6	41.9	47.9	35.4	82.5	47.2	44.0	58.8	44.2	-999	13.3	27.0	3.1	4.6	-999	31.2	53.9	22.5	37.7	49.7	-999
LTURANICALEM423_LTULEM423_36_83_C.trna1	Cys	57.8	54.7	47.7	27.2	87.3	58.0	7.1	38.1	53.0	48.3	5.3	39.1	53.4	54.8	54.9	-999	3.1	70.8	65.0	50.7	60.9	-19.8
LTURANICALEM423_LTULEM423_36_84_L.trna1	Leu	58.9	45.2	-0.6	18.8	56.6	58.3	15.3	33.7	64.2	47.4	87.4	-4.4	21.6	8.6	32.5	-999	67.7	48.5	42.4	32.7	33.6	-999
LTURANICALEM423_LTULEM423_36_85_X.trna1	iMet	32.3	45.8	39.6	-999	48.4	21.1	-999	-999	41.4	56.7	-2.5	30.6	66.5	27.4	9.7	-999	6.8	59.7	35.4	44.6	50.8	101.5
LTURANICALEM423_LTULEM423_36_86_P.trna1	Pro	71.9	45.3	6.6	37.6	42.4	57.1	45.5	52.3	56.2	46.1	17.9	-8.5	21.6	9.5	100.8	-999	1.9	59.3	53.0	26.9	62.5	-999
LTURANICALEM423_LTULEM423_36_87_Y.trna1	Tyr	51.1	69.4	54.6	20.8	72.4	34.6	20.9	42.7	60.2	56.9	-1.5	62.3	44.6	56.8	27.5	-999	-5.5	74.3	68.1	83.7	51.1	-24.1
LTURANICALEM423_LTULEM423_36_88_T.trna1	Thr	53.8	69.3	53.9	38.7	57.3	43.3	8.6	34.9	40.1	69.2	-999	60.0	70.5	38.2	37.0	-999	-999	84.8	68.0	48.5	55.7	2.8
LTURANICALEM423_LTULEM423_36_89_T.trna1	Thr	53.8	69.3	53.9	38.7	57.3	43.3	8.6	34.9	40.1	69.2	-999	60.0	70.5	38.2	37.0	-999	-999	84.8	68.0	48.5	55.7	2.8
LTURANICALEM423_LTULEM423_36_90_Y.trna1	Tyr	51.1	69.4	54.6	20.8	72.4	34.6	20.9	42.7	60.2	56.9	-1.5	62.3	44.6	56.8	27.5	-999	-5.5	74.3	68.1	83.7	51.1	-24.1
LTURANICALEM423_LTULEM423_36_92_G.trna1	Gly	62.8	45.0	-8.2	76.1	41.1	37.3	75.4	97.3	60.6	33.8	15.4	24.7	26.0	20.1	71.5	-999	5.0	54.7	45.8	37.1	41.7	-999
LTURANICALEM423_LTULEM423_36_93_T.trna1	Thr	53.8	69.3	53.9	38.7	57.3	43.3	8.6	34.9	40.1	69.2	-999	60.0	70.5	38.2	37.0	-999	-999	84.8	68.0	48.5	55.7	2.8
LTURANICALEM423_LTULEM423_36_94_G.trna1	Gly	62.8	45.0	-8.2	76.1	41.1	37.3	75.4	97.3	60.6	33.8	15.4	24.7	26.0	20.1	71.5	-999	5.0	54.7	45.8	37.1	41.7	-999
LTURANICALEM423_LTULEM423_36_95_P.trna1	Pro	73.1	46.1	10.3	58.1	41.5	51.7	53.1	59.5	57.0	31.9	5.6	-999	19.9	-5.8	105.4	-999	-10.1	54.4	46.7	23.9	66.2	-999
LTURANICALEM423_LTULEM423_SCAF000129_97_M.trna1	Met	51.9	58.0	48.1	17.5	47.3	41.5	19.5	29.4	51.5	82.0	11.1	56.0	96.0	53.3	24.0	-999	6.9	82.3	46.0	38.3	63.1	2.6
LTURANICALEM423_LTULEM423_SCAF000129_98_I.trna1	Ile	66.3	81.3	64.1	57.8	67.3	47.5	26.1	43.6	60.4	96.6	13.8	63.1	77.5	62.3	33.2	-999	32.7	92.8	62.5	68.1	71.5	0.7
LTURANICALEM423_LTULEM423_SCAF000129_99_V.trna1	Val	56.5	54.6	3.9	40.1	30.5	30.4	62.4	42.7	51.2	51.1	17.9	9.5	32.0	-11.1	47.7	-999	10.6	66.6	23.1	12.1	69.1	-999
LTURANICALEM423_LTULEM423_SCAF000129_100_S.trna1	Ser	29.3	49.4	25.7	16.1	47.7	37.5	8.2	6.0	43.5	27.2	52.0	9.8	16.7	6.5	-999	-11.0	89.3	50.2	28.5	53.1	25.1	-999
LTURANICALEM423_LTULEM423_SCAF000129_101_L.trna1	Leu	50.1	59.6	16.1	19.7	57.6	49.8	12.1	43.5	71.9	55.5	93.5	13.9	38.5	13.2	28.0	-999	71.8	56.9	41.6	38.5	39.4	-999
LTURANICALEM423_LTULEM423_SCAF000130_102_V.trna1	Val	56.5	54.6	3.9	40.1	30.5	30.4	62.4	42.7	51.2	51.1	17.9	9.5	32.0	-11.1	47.7	-999	10.6	66.6	23.1	12.1	69.1	-999
LTURANICALEM423_LTULEM423_SCAF000130_103_I.trna1	Ile	66.3	81.3	64.1	57.8	67.3	47.5	26.1	43.6	60.4	96.6	13.8	63.1	77.5	62.3	33.2	-999	32.7	92.8	62.5	68.1	71.5	0.7
LTURANICALEM423_LTULEM423_SCAF000130_104_M.trna1	Met	51.9	58.0	48.1	17.5	47.3	41.5	19.5	29.4	51.5	82.0	11.1	56.0	96.0	53.3	24.0	-999	6.9	82.3	46.0	38.3	63.1	2.6
LTURANICALEM423_LTULEM423_SCAF000130_105_L.trna1	Leu	50.1	59.6	16.1	19.7	57.6	49.8	12.1	43.5	71.9	55.5	93.5	13.9	38.5	13.2	28.0	-999	71.8	56.9	41.6	38.5	39.4	-999
LTURANICALEM423_LTULEM423_SCAF000130_106_S.trna1	Ser	29.3	49.4	25.7	16.1	47.7	37.5	8.2	6.0	43.5	27.2	52.0	9.8	16.7	6.5	-999	-11.0	89.3	50.2	28.5	53.1	25.1	-999
