Sequence                       		tRNA	Bounds	tRNA	Anti	Intron Bounds	Inf	      
Name                           	tRNA #	Begin	End	Type	Codon	Begin	End	Score	Note
--------                       	------	-----	------	----	-----	-----	----	------	------
LAETHIOPICAL147_LAEL147_03_3_K 	1	1 	72	Lys	CTT	0	0	86.7	
LAETHIOPICAL147_LAEL147_05_4_R 	1	1 	72	Arg	ACG	0	0	72.0	
LAETHIOPICAL147_LAEL147_07_9_R 	1	1 	72	Arg	ACG	0	0	72.0	
LAETHIOPICAL147_LAEL147_09_12_X	1	1 	72	iMet	CAT	0	0	67.9	
LAETHIOPICAL147_LAEL147_09_13_L	1	1 	71	Leu	CAG	0	0	73.1	
LAETHIOPICAL147_LAEL147_09_14_V	1	1 	73	Val	CAC	0	0	65.2	
LAETHIOPICAL147_LAEL147_09_15_H	1	1 	71	His	GTG	0	0	62.0	
LAETHIOPICAL147_LAEL147_09_16_F	1	1 	72	Phe	GAA	0	0	90.5	
LAETHIOPICAL147_LAEL147_09_17_E	1	1 	72	Glu	TTC	0	0	61.0	
LAETHIOPICAL147_LAEL147_09_18_V	1	1 	73	Val	CAC	0	0	65.2	
LAETHIOPICAL147_LAEL147_09_19_R	1	1 	72	Arg	CCG	0	0	66.8	
LAETHIOPICAL147_LAEL147_09_20_H	1	1 	71	His	GTG	0	0	62.0	
LAETHIOPICAL147_LAEL147_10_21_K	1	1 	72	Lys	CTT	0	0	86.7	
LAETHIOPICAL147_LAEL147_10_22_G	1	1 	71	Gly	GCC	0	0	69.8	
LAETHIOPICAL147_LAEL147_10_23_N	1	1 	72	Asn	GTT	0	0	73.7	
LAETHIOPICAL147_LAEL147_11_24_L	1	1 	71	Leu	AAG	0	0	77.8	
LAETHIOPICAL147_LAEL147_11_25_A	1	1 	72	Ala	CGC	0	0	72.7	
LAETHIOPICAL147_LAEL147_11_26_G	1	1 	71	Gly	CCC	0	0	72.8	
LAETHIOPICAL147_LAEL147_11_27_A	1	1 	72	Ala	CGC	0	0	72.7	
LAETHIOPICAL147_LAEL147_11_28_M	1	1 	72	Met	CAT	0	0	73.0	
LAETHIOPICAL147_LAEL147_11_29_R	1	1 	72	Arg	ACG	0	0	72.0	
LAETHIOPICAL147_LAEL147_15_31_D	1	1 	72	Asp	GTC	0	0	70.6	
LAETHIOPICAL147_LAEL147_15_32_E	1	1 	72	Glu	CTC	0	0	65.2	
LAETHIOPICAL147_LAEL147_16_33_Q	1	1 	72	Gln	CTG	0	0	67.2	
LAETHIOPICAL147_LAEL147_17_34_D	1	1 	72	Asp	GTC	0	0	70.6	
LAETHIOPICAL147_LAEL147_17_35_S	1	1 	71	Ser	GCT	0	0	76.2	
LAETHIOPICAL147_LAEL147_17_36_A	1	1 	72	Ala	AGC	0	0	54.3	
LAETHIOPICAL147_LAEL147_21_37_S	1	1 	71	Ser	GCT	0	0	78.4	
LAETHIOPICAL147_LAEL147_21_41_P	1	1 	72	Pro	AGG	0	0	66.6	
LAETHIOPICAL147_LAEL147_21_42_V	1	1 	73	Val	AAC	0	0	61.3	
LAETHIOPICAL147_LAEL147_21_43_K	1	1 	72	Lys	CTT	0	0	86.7	
LAETHIOPICAL147_LAEL147_23_45_I	1	1 	73	Ile	TAT	0	0	80.2	
LAETHIOPICAL147_LAEL147_23_46_V	1	1 	73	Val	TAC	0	0	71.7	
LAETHIOPICAL147_LAEL147_23_47_Q	1	1 	72	Gln	TTG	0	0	80.2	
LAETHIOPICAL147_LAEL147_23_48_R	1	1 	72	Arg	ACG	0	0	72.0	
LAETHIOPICAL147_LAEL147_23_49_L	1	1 	71	Leu	CAG	0	0	73.1	
LAETHIOPICAL147_LAEL147_23_50_T	1	1 	72	Thr	TGT	0	0	72.8	
LAETHIOPICAL147_LAEL147_23_51_R	1	1 	72	Arg	TCG	0	0	73.4	
LAETHIOPICAL147_LAEL147_23_52_K	1	1 	72	Lys	TTT	0	0	81.9	
LAETHIOPICAL147_LAEL147_23_53_G	1	1 	72	Gly	TCC	0	0	66.0	
LAETHIOPICAL147_LAEL147_23_54_W	1	1 	72	Trp	CCA	0	0	74.9	
LAETHIOPICAL147_LAEL147_24_56_P	1	1 	72	Pro	CGG	0	0	70.5	
LAETHIOPICAL147_LAEL147_24_58_Q	1	1 	72	Gln	CTG	0	0	67.2	
LAETHIOPICAL147_LAEL147_24_59_L	1	1 	72	Leu	TAA	0	0	73.7	
LAETHIOPICAL147_LAEL147_24_60_I	1	1 	73	Ile	AAT	0	0	80.6	
LAETHIOPICAL147_LAEL147_24_61_I	1	1 	73	Ile	AAT	0	0	80.6	
LAETHIOPICAL147_LAEL147_24_62_D	1	1 	72	Asp	GTC	0	0	70.6	
LAETHIOPICAL147_LAEL147_29_66_L	1	1 	71	Leu	CAA	0	0	80.2	
LAETHIOPICAL147_LAEL147_29_67_S	1	1 	71	Ser	CGA	0	0	68.1	
LAETHIOPICAL147_LAEL147_30_68_T	1	1 	72	Thr	CGT	0	0	70.2	
LAETHIOPICAL147_LAEL147_31_69_F	1	1 	72	Phe	GAA	0	0	90.5	
LAETHIOPICAL147_LAEL147_31_70_S	1	1 	71	Ser	AGA	0	0	70.3	
LAETHIOPICAL147_LAEL147_31_71_A	1	1 	72	Ala	AGC	0	0	54.3	
LAETHIOPICAL147_LAEL147_31_72_G	1	1 	71	Gly	GCC	0	0	69.8	
LAETHIOPICAL147_LAEL147_31_73_E	1	1 	72	Glu	CTC	0	0	65.2	
LAETHIOPICAL147_LAEL147_33_75_R	1	1 	73	Arg	CCT	0	0	76.0	
LAETHIOPICAL147_LAEL147_33_76_R	1	1 	73	Arg	TCT	0	0	72.7	
LAETHIOPICAL147_LAEL147_33_77_A	1	1 	72	Ala	TGC	0	0	72.9	
LAETHIOPICAL147_LAEL147_34_79_N	1	1 	72	Asn	GTT	0	0	73.7	
LAETHIOPICAL147_LAEL147_34_80_P	1	1 	72	Pro	CGG	0	0	70.5	
LAETHIOPICAL147_LAEL147_34_81_T	1	1 	72	Thr	CGT	0	0	70.2	
LAETHIOPICAL147_LAEL147_34_82_Y	1	1 	72	Tyr	GTA	0	0	79.3	
LAETHIOPICAL147_LAEL147_34_83_N	1	1 	72	Asn	GTT	0	0	73.7	
LAETHIOPICAL147_LAEL147_34_84_V	1	1 	73	Val	AAC	0	0	61.3	
LAETHIOPICAL147_LAEL147_34_85_I	1	1 	73	Ile	AAT	0	0	80.6	
LAETHIOPICAL147_LAEL147_34_86_M	1	1 	72	Met	CAT	0	0	73.0	
LAETHIOPICAL147_LAEL147_34_87_L	1	1 	71	Leu	TAG	0	0	81.3	
LAETHIOPICAL147_LAEL147_34_88_S	1	1 	71	Ser	TGA	0	0	71.8	
LAETHIOPICAL147_LAEL147_36_91_G	1	1 	71	Gly	GCC	0	0	69.8	
LAETHIOPICAL147_LAEL147_36_92_T	1	1 	72	Thr	AGT	0	0	71.4	
LAETHIOPICAL147_LAEL147_36_93_G	1	1 	71	Gly	GCC	0	0	69.8	
LAETHIOPICAL147_LAEL147_36_94_P	1	1 	72	Pro	AGG	0	0	66.6	
LAETHIOPICAL147_LAEL147_36_96_Q	1	1 	72	Gln	CTG	0	0	67.2	
LAETHIOPICAL147_LAEL147_36_98_C	1	1 	72	Cys	GCA	0	0	77.9	
LAETHIOPICAL147_LAEL147_36_99_L	1	1 	71	Leu	AAG	0	0	77.8	
LAETHIOPICAL147_LAEL147_36_100_X	1	1 	72	iMet	CAT	0	0	67.9	
LAETHIOPICAL147_LAEL147_36_101_P	1	1 	72	Pro	TGG	0	0	68.7	
LAETHIOPICAL147_LAEL147_36_102_Y	1	1 	72	Tyr	GTA	0	0	79.3	
LAETHIOPICAL147_LAEL147_36_103_T	1	1 	72	Thr	AGT	0	0	71.4	
LAETHIOPICAL147_LAEL147_36_104_T	1	1 	72	Thr	AGT	0	0	71.4	
LAETHIOPICAL147_LAEL147_36_105_Y	1	1 	72	Tyr	GTA	0	0	79.3	
LARABICALEM1108_LARLEM1108_03_2_K	1	1 	72	Lys	CTT	0	0	83.9	
LARABICALEM1108_LARLEM1108_05_3_R	1	1 	72	Arg	ACG	0	0	72.0	
LARABICALEM1108_LARLEM1108_07_6_R	1	1 	72	Arg	ACG	0	0	72.0	
LARABICALEM1108_LARLEM1108_09_7_X	1	1 	72	iMet	CAT	0	0	67.9	
LARABICALEM1108_LARLEM1108_09_8_L	1	1 	71	Leu	CAG	0	0	73.1	
LARABICALEM1108_LARLEM1108_09_9_V	1	1 	73	Val	CAC	0	0	65.2	
LARABICALEM1108_LARLEM1108_09_10_H	1	1 	71	His	GTG	0	0	62.0	
LARABICALEM1108_LARLEM1108_09_11_F	1	1 	72	Phe	GAA	0	0	90.5	
LARABICALEM1108_LARLEM1108_09_12_E	1	1 	72	Glu	TTC	0	0	61.0	
LARABICALEM1108_LARLEM1108_09_13_V	1	1 	73	Val	CAC	0	0	65.2	
LARABICALEM1108_LARLEM1108_09_14_R	1	1 	72	Arg	CCG	0	0	66.8	
LARABICALEM1108_LARLEM1108_09_15_H	1	1 	71	His	GTG	0	0	62.0	
LARABICALEM1108_LARLEM1108_09_16_E	1	1 	72	Glu	TTC	0	0	61.0	
LARABICALEM1108_LARLEM1108_09_17_V	1	1 	73	Val	CAC	0	0	65.2	
LARABICALEM1108_LARLEM1108_09_18_R	1	1 	72	Arg	CCG	0	0	66.8	
LARABICALEM1108_LARLEM1108_09_19_H	1	1 	71	His	GTG	0	0	62.0	
LARABICALEM1108_LARLEM1108_10_20_K	1	1 	72	Lys	CTT	0	0	86.7	
LARABICALEM1108_LARLEM1108_10_21_G	1	1 	71	Gly	GCC	0	0	69.8	
LARABICALEM1108_LARLEM1108_10_22_N	1	1 	72	Asn	GTT	0	0	73.7	
LARABICALEM1108_LARLEM1108_11_23_L	1	1 	71	Leu	AAG	0	0	77.8	
LARABICALEM1108_LARLEM1108_11_24_A	1	1 	72	Ala	CGC	0	0	72.7	
LARABICALEM1108_LARLEM1108_11_25_G	1	1 	71	Gly	CCC	0	0	72.8	
LARABICALEM1108_LARLEM1108_11_26_A	1	1 	72	Ala	CGC	0	0	72.7	
LARABICALEM1108_LARLEM1108_11_27_L	1	1 	71	Leu	AAG	0	0	77.8	
LARABICALEM1108_LARLEM1108_11_28_M	1	1 	72	Met	CAT	0	0	73.0	
LARABICALEM1108_LARLEM1108_11_29_R	1	1 	72	Arg	ACG	0	0	72.0	
LARABICALEM1108_LARLEM1108_15_30_D	1	1 	72	Asp	GTC	0	0	70.6	
LARABICALEM1108_LARLEM1108_15_31_E	1	1 	72	Glu	CTC	0	0	65.2	
LARABICALEM1108_LARLEM1108_16_33_Q	1	1 	72	Gln	CTG	0	0	67.2	
LARABICALEM1108_LARLEM1108_17_34_D	1	1 	72	Asp	GTC	0	0	70.6	
LARABICALEM1108_LARLEM1108_17_35_S	1	1 	71	Ser	GCT	0	0	77.7	
LARABICALEM1108_LARLEM1108_17_36_A	1	1 	72	Ala	AGC	0	0	54.3	
LARABICALEM1108_LARLEM1108_21_39_S	1	1 	71	Ser	GCT	0	0	78.4	
LARABICALEM1108_LARLEM1108_21_42_P	1	1 	72	Pro	AGG	0	0	66.6	
LARABICALEM1108_LARLEM1108_21_43_V	1	1 	73	Val	AAC	0	0	61.3	
LARABICALEM1108_LARLEM1108_21_44_K	1	1 	72	Lys	CTT	0	0	86.7	
LARABICALEM1108_LARLEM1108_23_46_I	1	1 	73	Ile	TAT	0	0	80.2	
LARABICALEM1108_LARLEM1108_23_47_V	1	1 	73	Val	TAC	0	0	71.7	
LARABICALEM1108_LARLEM1108_23_48_Q	1	1 	72	Gln	TTG	0	0	80.2	
LARABICALEM1108_LARLEM1108_23_49_R	1	1 	72	Arg	ACG	0	0	72.0	
LARABICALEM1108_LARLEM1108_23_50_L	1	1 	71	Leu	CAG	0	0	73.1	
LARABICALEM1108_LARLEM1108_23_51_T	1	1 	72	Thr	TGT	0	0	72.8	
LARABICALEM1108_LARLEM1108_23_52_R	1	1 	72	Arg	TCG	0	0	73.4	
LARABICALEM1108_LARLEM1108_23_53_K	1	1 	72	Lys	TTT	0	0	81.9	
LARABICALEM1108_LARLEM1108_23_54_G	1	1 	72	Gly	TCC	0	0	66.0	
LARABICALEM1108_LARLEM1108_23_55_W	1	1 	72	Trp	CCA	0	0	74.9	
LARABICALEM1108_LARLEM1108_24_58_P	1	1 	72	Pro	CGG	0	0	70.8	
LARABICALEM1108_LARLEM1108_24_59_Q	1	1 	72	Gln	CTG	0	0	67.2	
LARABICALEM1108_LARLEM1108_24_60_L	1	1 	72	Leu	TAA	0	0	73.7	
LARABICALEM1108_LARLEM1108_24_61_I	1	1 	73	Ile	AAT	0	0	80.6	
LARABICALEM1108_LARLEM1108_24_62_I	1	1 	73	Ile	AAT	0	0	80.6	
LARABICALEM1108_LARLEM1108_24_63_D	1	1 	72	Asp	GTC	0	0	70.6	
LARABICALEM1108_LARLEM1108_29_66_L	1	1 	71	Leu	CAA	0	0	80.2	
LARABICALEM1108_LARLEM1108_29_67_S	1	1 	71	Ser	CGA	0	0	68.1	
LARABICALEM1108_LARLEM1108_30_68_T	1	1 	72	Thr	CGT	0	0	70.2	
LARABICALEM1108_LARLEM1108_31_70_F	1	1 	72	Phe	GAA	0	0	90.5	
LARABICALEM1108_LARLEM1108_31_71_S	1	1 	71	Ser	AGA	0	0	70.3	
LARABICALEM1108_LARLEM1108_31_72_A	1	1 	72	Ala	AGC	0	0	54.3	
LARABICALEM1108_LARLEM1108_33_74_R	1	1 	73	Arg	CCT	0	0	76.0	
LARABICALEM1108_LARLEM1108_33_75_R	1	1 	73	Arg	TCT	0	0	75.2	
LARABICALEM1108_LARLEM1108_33_76_A	1	1 	72	Ala	TGC	0	0	72.9	
LARABICALEM1108_LARLEM1108_34_77_N	1	1 	72	Asn	GTT	0	0	73.7	
LARABICALEM1108_LARLEM1108_34_78_Y	1	1 	72	Tyr	GTA	0	0	79.3	
LARABICALEM1108_LARLEM1108_34_79_T	1	1 	72	Thr	CGT	0	0	70.2	
LARABICALEM1108_LARLEM1108_34_80_P	1	1 	72	Pro	CGG	0	0	70.8	
LARABICALEM1108_LARLEM1108_34_81_N	1	1 	72	Asn	GTT	0	0	73.7	
LARABICALEM1108_LARLEM1108_36_83_G	1	1 	71	Gly	GCC	0	0	69.8	
LARABICALEM1108_LARLEM1108_36_84_T	1	1 	72	Thr	AGT	0	0	71.4	
LARABICALEM1108_LARLEM1108_36_85_G	1	1 	71	Gly	GCC	0	0	69.8	
LARABICALEM1108_LARLEM1108_36_86_P	1	1 	72	Pro	AGG	0	0	66.6	
LARABICALEM1108_LARLEM1108_36_87_Q	1	1 	72	Gln	CTG	0	0	67.2	
LARABICALEM1108_LARLEM1108_36_90_C	1	1 	72	Cys	GCA	0	0	77.9	
LARABICALEM1108_LARLEM1108_36_91_L	1	1 	71	Leu	AAG	0	0	77.8	
LARABICALEM1108_LARLEM1108_36_92_X	1	1 	72	iMet	CAT	0	0	67.9	
LARABICALEM1108_LARLEM1108_36_93_P	1	1 	72	Pro	TGG	0	0	68.7	
LARABICALEM1108_LARLEM1108_36_94_Y	1	1 	72	Tyr	GTA	0	0	79.3	
LARABICALEM1108_LARLEM1108_36_95_T	1	1 	72	Thr	AGT	0	0	71.4	
LARABICALEM1108_LARLEM1108_36_96_T	1	1 	72	Thr	AGT	0	0	71.4	
LARABICALEM1108_LARLEM1108_36_97_Y	1	1 	72	Tyr	GTA	0	0	79.3	
LARABICALEM1108_LARLEM1108_SCAF000107_99_S	1	1 	71	Ser	TGA	0	0	71.8	
LARABICALEM1108_LARLEM1108_SCAF000107_100_L	1	1 	71	Leu	TAG	0	0	81.3	
LARABICALEM1108_LARLEM1108_SCAF000107_101_M	1	1 	72	Met	CAT	0	0	73.0	
LARABICALEM1108_LARLEM1108_SCAF000107_102_I	1	1 	73	Ile	AAT	0	0	80.6	
LARABICALEM1108_LARLEM1108_SCAF000107_103_V	1	1 	73	Val	AAC	0	0	61.3	
LGERBILLILEM452_LGELEM452_03_2_K	1	1 	72	Lys	CTT	0	0	86.7	
LGERBILLILEM452_LGELEM452_05_4_R	1	1 	72	Arg	ACG	0	0	72.0	
LGERBILLILEM452_LGELEM452_07_7_R	1	1 	72	Arg	ACG	0	0	72.0	
LGERBILLILEM452_LGELEM452_09_9_X	1	1 	72	iMet	CAT	0	0	67.9	
LGERBILLILEM452_LGELEM452_09_10_L	1	1 	71	Leu	CAG	0	0	73.1	
LGERBILLILEM452_LGELEM452_09_11_V	1	1 	73	Val	CAC	0	0	65.2	
LGERBILLILEM452_LGELEM452_09_12_H	1	1 	71	His	GTG	0	0	62.0	
LGERBILLILEM452_LGELEM452_09_13_F	1	1 	72	Phe	GAA	0	0	90.5	
LGERBILLILEM452_LGELEM452_09_14_E	1	1 	72	Glu	TTC	0	0	61.0	
LGERBILLILEM452_LGELEM452_09_15_V	1	1 	73	Val	CAC	0	0	65.2	
LGERBILLILEM452_LGELEM452_09_16_R	1	1 	72	Arg	CCG	0	0	66.8	
LGERBILLILEM452_LGELEM452_09_17_H	1	1 	71	His	GTG	0	0	62.0	
LGERBILLILEM452_LGELEM452_10_18_K	1	1 	72	Lys	CTT	0	0	86.7	
LGERBILLILEM452_LGELEM452_10_19_G	1	1 	71	Gly	GCC	0	0	69.8	
LGERBILLILEM452_LGELEM452_10_20_N	1	1 	72	Asn	GTT	0	0	73.7	
LGERBILLILEM452_LGELEM452_11_21_L	1	1 	71	Leu	AAG	0	0	77.8	
LGERBILLILEM452_LGELEM452_11_22_A	1	1 	72	Ala	CGC	0	0	72.7	
LGERBILLILEM452_LGELEM452_11_23_A	1	1 	72	Ala	CGC	0	0	72.7	
LGERBILLILEM452_LGELEM452_11_24_G	1	1 	71	Gly	CCC	0	0	72.8	
LGERBILLILEM452_LGELEM452_11_25_M	1	1 	72	Met	CAT	0	0	73.0	
LGERBILLILEM452_LGELEM452_11_26_R	1	1 	72	Arg	ACG	0	0	72.0	
LGERBILLILEM452_LGELEM452_15_27_D	1	1 	72	Asp	GTC	0	0	70.6	
LGERBILLILEM452_LGELEM452_15_28_E	1	1 	72	Glu	CTC	0	0	65.2	
LGERBILLILEM452_LGELEM452_16_29_Q	1	1 	72	Gln	CTG	0	0	67.2	
LGERBILLILEM452_LGELEM452_21_33_S	1	1 	71	Ser	GCT	0	0	78.4	
LGERBILLILEM452_LGELEM452_21_36_P	1	1 	72	Pro	AGG	0	0	66.6	
LGERBILLILEM452_LGELEM452_21_37_V	1	1 	73	Val	AAC	0	0	61.3	
LGERBILLILEM452_LGELEM452_21_38_K	1	1 	72	Lys	CTT	0	0	86.7	
LGERBILLILEM452_LGELEM452_23_40_I	1	1 	73	Ile	TAT	0	0	80.2	
LGERBILLILEM452_LGELEM452_23_41_V	1	1 	73	Val	TAC	0	0	71.7	
LGERBILLILEM452_LGELEM452_23_42_Q	1	1 	72	Gln	TTG	0	0	80.2	
LGERBILLILEM452_LGELEM452_23_43_R	1	1 	72	Arg	ACG	0	0	72.0	
LGERBILLILEM452_LGELEM452_23_44_L	1	1 	71	Leu	CAG	0	0	73.1	
LGERBILLILEM452_LGELEM452_23_45_T	1	1 	72	Thr	TGT	0	0	72.8	
LGERBILLILEM452_LGELEM452_23_46_R	1	1 	72	Arg	TCG	0	0	73.4	
LGERBILLILEM452_LGELEM452_23_47_K	1	1 	72	Lys	TTT	0	0	84.2	
LGERBILLILEM452_LGELEM452_23_48_G	1	1 	72	Gly	TCC	0	0	66.0	
LGERBILLILEM452_LGELEM452_23_49_W	1	1 	72	Trp	CCA	0	0	74.9	
LGERBILLILEM452_LGELEM452_24_52_P	1	1 	72	Pro	CGG	0	0	70.8	
LGERBILLILEM452_LGELEM452_24_53_Q	1	1 	72	Gln	CTG	0	0	67.2	
LGERBILLILEM452_LGELEM452_24_54_L	1	1 	72	Leu	TAA	0	0	73.7	
LGERBILLILEM452_LGELEM452_24_55_I	1	1 	73	Ile	AAT	0	0	80.6	
LGERBILLILEM452_LGELEM452_24_56_I	1	1 	73	Ile	AAT	0	0	80.6	
LGERBILLILEM452_LGELEM452_24_57_D	1	1 	72	Asp	GTC	0	0	70.6	
LGERBILLILEM452_LGELEM452_29_59_L	1	1 	71	Leu	CAA	0	0	80.2	
LGERBILLILEM452_LGELEM452_29_60_S	1	1 	71	Ser	CGA	0	0	68.1	
LGERBILLILEM452_LGELEM452_30_62_T	1	1 	72	Thr	CGT	0	0	70.2	
LGERBILLILEM452_LGELEM452_31_63_F	1	1 	72	Phe	GAA	0	0	90.5	
LGERBILLILEM452_LGELEM452_31_64_S	1	1 	71	Ser	AGA	0	0	70.3	
LGERBILLILEM452_LGELEM452_31_65_A	1	1 	72	Ala	AGC	0	0	54.3	
LGERBILLILEM452_LGELEM452_33_67_R	1	1 	73	Arg	CCT	0	0	76.0	
LGERBILLILEM452_LGELEM452_33_68_R	1	1 	73	Arg	TCT	0	0	75.2	
LGERBILLILEM452_LGELEM452_33_69_A	1	1 	72	Ala	TGC	0	0	72.9	
LGERBILLILEM452_LGELEM452_33_70_K	1	1 	72	Lys	CTT	0	0	86.7	
LGERBILLILEM452_LGELEM452_34_71_N	1	1 	72	Asn	GTT	0	0	73.7	
LGERBILLILEM452_LGELEM452_34_72_Y	1	1 	72	Tyr	GTA	0	0	79.3	
LGERBILLILEM452_LGELEM452_34_73_T	1	1 	72	Thr	CGT	0	0	70.2	
LGERBILLILEM452_LGELEM452_34_74_P	1	1 	72	Pro	CGG	0	0	70.8	
LGERBILLILEM452_LGELEM452_34_75_N	1	1 	72	Asn	GTT	0	0	73.7	
LGERBILLILEM452_LGELEM452_36_77_T	1	1 	72	Thr	AGT	0	0	71.4	
LGERBILLILEM452_LGELEM452_36_78_G	1	1 	71	Gly	GCC	0	0	69.8	
LGERBILLILEM452_LGELEM452_36_79_P	1	1 	72	Pro	AGG	0	0	66.6	
LGERBILLILEM452_LGELEM452_36_80_Q	1	1 	72	Gln	CTG	0	0	67.2	
LGERBILLILEM452_LGELEM452_36_83_C	1	1 	72	Cys	GCA	0	0	77.9	
LGERBILLILEM452_LGELEM452_36_84_L	1	1 	71	Leu	AAG	0	0	77.8	
LGERBILLILEM452_LGELEM452_36_85_X	1	1 	72	iMet	CAT	0	0	67.9	
LGERBILLILEM452_LGELEM452_36_86_P	1	1 	72	Pro	TGG	0	0	68.7	
LGERBILLILEM452_LGELEM452_36_87_Y	1	1 	72	Tyr	GTA	0	0	79.3	
LGERBILLILEM452_LGELEM452_36_88_T	1	1 	72	Thr	AGT	0	0	71.4	
LGERBILLILEM452_LGELEM452_36_91_G	1	1 	71	Gly	GCC	0	0	69.8	
LGERBILLILEM452_LGELEM452_SCAF000007_92_S	1	1 	71	Ser	TGA	0	0	71.8	
LGERBILLILEM452_LGELEM452_SCAF000007_93_L	1	1 	71	Leu	TAG	0	0	81.3	
LGERBILLILEM452_LGELEM452_SCAF000007_94_M	1	1 	72	Met	CAT	0	0	73.0	
LGERBILLILEM452_LGELEM452_SCAF000007_95_I	1	1 	73	Ile	AAT	0	0	80.6	
LGERBILLILEM452_LGELEM452_SCAF000007_96_V	1	1 	73	Val	AAC	0	0	61.3	
LGERBILLILEM452_LGELEM452_SCAF000066_97_E	1	1 	72	Glu	CTC	0	0	65.2	
LGERBILLILEM452_LGELEM452_SCAF000066_98_G	1	1 	71	Gly	GCC	0	0	69.8	
LGERBILLILEM452_LGELEM452_SCAF000082_99_A	1	1 	72	Ala	AGC	0	0	54.3	
LGERBILLILEM452_LGELEM452_SCAF000082_100_S	1	1 	71	Ser	GCT	0	0	76.2	
LGERBILLILEM452_LGELEM452_SCAF000082_101_D	1	1 	72	Asp	GTC	0	0	70.6	
LMAJORFRIEDLIN_LMJF-03_2_K     	1	1 	72	Lys	CTT	0	0	86.7	
LMAJORFRIEDLIN_LMJF-05_5_R     	1	1 	72	Arg	ACG	0	0	72.0	
LMAJORFRIEDLIN_LMJF-07_8_R     	1	1 	72	Arg	ACG	0	0	72.0	
LMAJORFRIEDLIN_LMJF-09_9_X     	1	1 	72	iMet	CAT	0	0	67.9	
LMAJORFRIEDLIN_LMJF-09_10_L    	1	1 	71	Leu	CAG	0	0	73.1	
LMAJORFRIEDLIN_LMJF-09_11_V    	1	1 	73	Val	CAC	0	0	65.2	
LMAJORFRIEDLIN_LMJF-09_12_H    	1	1 	71	His	GTG	0	0	62.0	
LMAJORFRIEDLIN_LMJF-09_13_F    	1	1 	72	Phe	GAA	0	0	90.5	
LMAJORFRIEDLIN_LMJF-09_14_E    	1	1 	72	Glu	TTC	0	0	61.0	
LMAJORFRIEDLIN_LMJF-09_15_V    	1	1 	73	Val	CAC	0	0	65.2	
LMAJORFRIEDLIN_LMJF-09_16_R    	1	1 	72	Arg	CCG	0	0	66.8	
LMAJORFRIEDLIN_LMJF-09_17_H    	1	1 	71	His	GTG	0	0	62.0	
LMAJORFRIEDLIN_LMJF-10_18_K    	1	1 	72	Lys	CTT	0	0	86.7	
LMAJORFRIEDLIN_LMJF-10_19_G    	1	1 	71	Gly	GCC	0	0	69.8	
LMAJORFRIEDLIN_LMJF-10_20_N    	1	1 	72	Asn	GTT	0	0	73.7	
LMAJORFRIEDLIN_LMJF-11_21_L    	1	1 	71	Leu	AAG	0	0	77.8	
LMAJORFRIEDLIN_LMJF-11_22_A    	1	1 	72	Ala	CGC	0	0	73.8	
LMAJORFRIEDLIN_LMJF-11_23_G    	1	1 	71	Gly	CCC	0	0	72.8	
LMAJORFRIEDLIN_LMJF-11_24_A    	1	1 	72	Ala	CGC	0	0	73.8	
LMAJORFRIEDLIN_LMJF-11_25_L    	1	1 	71	Leu	AAG	0	0	77.8	
LMAJORFRIEDLIN_LMJF-11_26_M    	1	1 	72	Met	CAT	0	0	73.0	
LMAJORFRIEDLIN_LMJF-11_27_R    	1	1 	72	Arg	ACG	0	0	72.0	
LMAJORFRIEDLIN_LMJF-15_30_D    	1	1 	72	Asp	GTC	0	0	70.6	
LMAJORFRIEDLIN_LMJF-15_31_E    	1	1 	72	Glu	CTC	0	0	65.2	
LMAJORFRIEDLIN_LMJF-16_33_Q    	1	1 	72	Gln	CTG	0	0	67.2	
LMAJORFRIEDLIN_LMJF-17_34_D    	1	1 	72	Asp	GTC	0	0	70.6	
LMAJORFRIEDLIN_LMJF-17_35_S    	1	1 	71	Ser	GCT	0	0	76.2	
LMAJORFRIEDLIN_LMJF-17_36_A    	1	1 	72	Ala	AGC	0	0	54.3	
LMAJORFRIEDLIN_LMJF-21_39_S    	1	1 	71	Ser	GCT	0	0	78.4	
LMAJORFRIEDLIN_LMJF-21_43_P    	1	1 	72	Pro	AGG	0	0	66.6	
LMAJORFRIEDLIN_LMJF-21_44_V    	1	1 	73	Val	AAC	0	0	61.3	
LMAJORFRIEDLIN_LMJF-21_45_K    	1	1 	72	Lys	CTT	0	0	86.7	
LMAJORFRIEDLIN_LMJF-23_50_I    	1	1 	73	Ile	TAT	0	0	80.2	
LMAJORFRIEDLIN_LMJF-23_51_V    	1	1 	73	Val	TAC	0	0	71.7	
LMAJORFRIEDLIN_LMJF-23_52_Q    	1	1 	72	Gln	TTG	0	0	80.2	
LMAJORFRIEDLIN_LMJF-23_53_R    	1	1 	72	Arg	ACG	0	0	72.0	
LMAJORFRIEDLIN_LMJF-23_54_L    	1	1 	71	Leu	CAG	0	0	73.1	
LMAJORFRIEDLIN_LMJF-23_55_T    	1	1 	72	Thr	TGT	0	0	72.8	
LMAJORFRIEDLIN_LMJF-23_56_R    	1	1 	72	Arg	TCG	0	0	73.4	
LMAJORFRIEDLIN_LMJF-23_57_K    	1	1 	72	Lys	TTT	0	0	84.2	
LMAJORFRIEDLIN_LMJF-23_58_G    	1	1 	72	Gly	TCC	0	0	66.0	
LMAJORFRIEDLIN_LMJF-23_59_W    	1	1 	72	Trp	CCA	0	0	74.9	
LMAJORFRIEDLIN_LMJF-24_61_P    	1	1 	72	Pro	CGG	0	0	70.8	
LMAJORFRIEDLIN_LMJF-24_62_Q    	1	1 	72	Gln	CTG	0	0	67.2	
LMAJORFRIEDLIN_LMJF-24_63_L    	1	1 	72	Leu	TAA	0	0	73.7	
LMAJORFRIEDLIN_LMJF-24_64_I    	1	1 	73	Ile	AAT	0	0	80.6	
LMAJORFRIEDLIN_LMJF-24_65_I    	1	1 	73	Ile	AAT	0	0	80.6	
LMAJORFRIEDLIN_LMJF-24_66_D    	1	1 	72	Asp	GTC	0	0	70.6	
LMAJORFRIEDLIN_LMJF-29_68_L    	1	1 	71	Leu	CAA	0	0	80.2	
LMAJORFRIEDLIN_LMJF-29_69_S    	1	1 	71	Ser	CGA	0	0	68.1	
LMAJORFRIEDLIN_LMJF-30_70_T    	1	1 	72	Thr	CGT	0	0	70.2	
LMAJORFRIEDLIN_LMJF-31_72_F    	1	1 	72	Phe	GAA	0	0	90.5	
LMAJORFRIEDLIN_LMJF-31_73_S    	1	1 	71	Ser	AGA	0	0	70.3	
LMAJORFRIEDLIN_LMJF-31_74_A    	1	1 	72	Ala	AGC	0	0	54.3	
LMAJORFRIEDLIN_LMJF-31_75_G    	1	1 	71	Gly	GCC	0	0	69.8	
LMAJORFRIEDLIN_LMJF-31_76_E    	1	1 	72	Glu	CTC	0	0	65.2	
LMAJORFRIEDLIN_LMJF-33_77_R    	1	1 	73	Arg	CCT	0	0	76.0	
LMAJORFRIEDLIN_LMJF-33_78_R    	1	1 	73	Arg	TCT	0	0	72.7	
LMAJORFRIEDLIN_LMJF-33_79_A    	1	1 	72	Ala	TGC	0	0	72.9	
LMAJORFRIEDLIN_LMJF-34_83_N    	1	1 	72	Asn	GTT	0	0	73.7	
LMAJORFRIEDLIN_LMJF-34_84_Y    	1	1 	72	Tyr	GTA	0	0	79.3	
LMAJORFRIEDLIN_LMJF-34_85_T    	1	1 	72	Thr	CGT	0	0	70.2	
LMAJORFRIEDLIN_LMJF-34_86_P    	1	1 	72	Pro	CGG	0	0	70.8	
LMAJORFRIEDLIN_LMJF-34_87_N    	1	1 	72	Asn	GTT	0	0	73.7	
LMAJORFRIEDLIN_LMJF-34_88_V    	1	1 	73	Val	AAC	0	0	61.3	
LMAJORFRIEDLIN_LMJF-34_89_I    	1	1 	73	Ile	AAT	0	0	80.6	
LMAJORFRIEDLIN_LMJF-34_90_M    	1	1 	72	Met	CAT	0	0	73.0	
LMAJORFRIEDLIN_LMJF-34_91_L    	1	1 	71	Leu	TAG	0	0	81.3	
LMAJORFRIEDLIN_LMJF-34_92_S    	1	1 	71	Ser	TGA	0	0	71.8	
LMAJORFRIEDLIN_LMJF-36_93_G    	1	1 	71	Gly	GCC	0	0	69.8	
LMAJORFRIEDLIN_LMJF-36_94_T    	1	1 	72	Thr	AGT	0	0	71.4	
LMAJORFRIEDLIN_LMJF-36_95_G    	1	1 	71	Gly	GCC	0	0	69.8	
LMAJORFRIEDLIN_LMJF-36_96_P    	1	1 	72	Pro	AGG	0	0	66.6	
LMAJORFRIEDLIN_LMJF-36_97_Q    	1	1 	72	Gln	CTG	0	0	67.2	
LMAJORFRIEDLIN_LMJF-36_99_C    	1	1 	72	Cys	GCA	0	0	77.9	
LMAJORFRIEDLIN_LMJF-36_100_L   	1	1 	71	Leu	AAG	0	0	77.8	
LMAJORFRIEDLIN_LMJF-36_101_X   	1	1 	72	iMet	CAT	0	0	67.9	
LMAJORFRIEDLIN_LMJF-36_102_P   	1	1 	72	Pro	TGG	0	0	68.7	
LMAJORFRIEDLIN_LMJF-36_103_Y   	1	1 	72	Tyr	GTA	0	0	79.3	
LMAJORFRIEDLIN_LMJF-36_104_T   	1	1 	72	Thr	AGT	0	0	71.4	
LMAJORFRIEDLIN_LMJF-36_105_T   	1	1 	72	Thr	AGT	0	0	71.4	
LMAJORFRIEDLIN_LMJF-36_106_Y   	1	1 	72	Tyr	GTA	0	0	79.3	
LMAJORLV39C5_LMJLV39_03_2_K    	1	1 	72	Lys	CTT	0	0	86.7	
LMAJORLV39C5_LMJLV39_05_6_R    	1	1 	72	Arg	ACG	0	0	72.0	
LMAJORLV39C5_LMJLV39_07_9_R    	1	1 	72	Arg	ACG	0	0	72.0	
LMAJORLV39C5_LMJLV39_09_10_X   	1	1 	72	iMet	CAT	0	0	67.9	
LMAJORLV39C5_LMJLV39_09_11_L   	1	1 	71	Leu	CAG	0	0	73.1	
LMAJORLV39C5_LMJLV39_09_12_V   	1	1 	73	Val	CAC	0	0	65.2	
LMAJORLV39C5_LMJLV39_09_13_H   	1	1 	71	His	GTG	0	0	62.0	
LMAJORLV39C5_LMJLV39_09_14_F   	1	1 	72	Phe	GAA	0	0	90.5	
LMAJORLV39C5_LMJLV39_09_15_E   	1	1 	72	Glu	TTC	0	0	61.0	
LMAJORLV39C5_LMJLV39_09_16_V   	1	1 	73	Val	CAC	0	0	65.2	
LMAJORLV39C5_LMJLV39_09_17_R   	1	1 	72	Arg	CCG	0	0	66.8	
LMAJORLV39C5_LMJLV39_09_18_H   	1	1 	71	His	GTG	0	0	62.0	
LMAJORLV39C5_LMJLV39_10_19_K   	1	1 	72	Lys	CTT	0	0	86.7	
LMAJORLV39C5_LMJLV39_10_20_G   	1	1 	71	Gly	GCC	0	0	69.8	
LMAJORLV39C5_LMJLV39_10_21_N   	1	1 	72	Asn	GTT	0	0	73.7	
LMAJORLV39C5_LMJLV39_11_22_L   	1	1 	71	Leu	AAG	0	0	77.8	
LMAJORLV39C5_LMJLV39_11_23_A   	1	1 	72	Ala	CGC	0	0	73.8	
LMAJORLV39C5_LMJLV39_11_24_M   	1	1 	72	Met	CAT	0	0	73.0	
LMAJORLV39C5_LMJLV39_11_25_R   	1	1 	72	Arg	ACG	0	0	72.0	
LMAJORLV39C5_LMJLV39_15_28_D   	1	1 	72	Asp	GTC	0	0	70.6	
LMAJORLV39C5_LMJLV39_15_29_E   	1	1 	72	Glu	CTC	0	0	65.2	
LMAJORLV39C5_LMJLV39_16_31_Q   	1	1 	72	Gln	CTG	0	0	67.2	
LMAJORLV39C5_LMJLV39_17_32_D   	1	1 	72	Asp	GTC	0	0	70.6	
LMAJORLV39C5_LMJLV39_17_33_S   	1	1 	71	Ser	GCT	0	0	76.2	
LMAJORLV39C5_LMJLV39_17_34_A   	1	1 	72	Ala	AGC	0	0	54.3	
LMAJORLV39C5_LMJLV39_21_37_S   	1	1 	71	Ser	GCT	0	0	78.4	
LMAJORLV39C5_LMJLV39_21_41_P   	1	1 	72	Pro	AGG	0	0	66.6	
LMAJORLV39C5_LMJLV39_21_42_V   	1	1 	73	Val	AAC	0	0	61.3	
LMAJORLV39C5_LMJLV39_21_43_K   	1	1 	72	Lys	CTT	0	0	86.7	
LMAJORLV39C5_LMJLV39_23_48_I   	1	1 	73	Ile	TAT	0	0	80.2	
LMAJORLV39C5_LMJLV39_23_49_V   	1	1 	73	Val	TAC	0	0	71.7	
LMAJORLV39C5_LMJLV39_23_50_Q   	1	1 	72	Gln	TTG	0	0	80.2	
LMAJORLV39C5_LMJLV39_23_51_R   	1	1 	72	Arg	ACG	0	0	72.0	
LMAJORLV39C5_LMJLV39_23_52_L   	1	1 	71	Leu	CAG	0	0	73.1	
LMAJORLV39C5_LMJLV39_23_53_T   	1	1 	72	Thr	TGT	0	0	72.8	
LMAJORLV39C5_LMJLV39_23_54_R   	1	1 	72	Arg	TCG	0	0	73.4	
LMAJORLV39C5_LMJLV39_23_55_K   	1	1 	72	Lys	TTT	0	0	84.2	
LMAJORLV39C5_LMJLV39_23_56_G   	1	1 	72	Gly	TCC	0	0	66.0	
LMAJORLV39C5_LMJLV39_23_57_W   	1	1 	72	Trp	CCA	0	0	74.9	
LMAJORLV39C5_LMJLV39_24_59_P   	1	1 	72	Pro	CGG	0	0	70.8	
LMAJORLV39C5_LMJLV39_24_60_Q   	1	1 	72	Gln	CTG	0	0	67.2	
LMAJORLV39C5_LMJLV39_24_61_L   	1	1 	72	Leu	TAA	0	0	73.7	
LMAJORLV39C5_LMJLV39_24_62_I   	1	1 	73	Ile	AAT	0	0	80.6	
LMAJORLV39C5_LMJLV39_24_63_I   	1	1 	73	Ile	AAT	0	0	80.6	
LMAJORLV39C5_LMJLV39_24_64_D   	1	1 	72	Asp	GTC	0	0	70.6	
LMAJORLV39C5_LMJLV39_29_67_L   	1	1 	71	Leu	CAA	0	0	80.2	
LMAJORLV39C5_LMJLV39_29_68_S   	1	1 	71	Ser	CGA	0	0	68.1	
LMAJORLV39C5_LMJLV39_30_69_T   	1	1 	72	Thr	CGT	0	0	70.2	
LMAJORLV39C5_LMJLV39_31_70_F   	1	1 	72	Phe	GAA	0	0	90.5	
LMAJORLV39C5_LMJLV39_31_71_S   	1	1 	71	Ser	AGA	0	0	70.3	
LMAJORLV39C5_LMJLV39_31_72_A   	1	1 	72	Ala	AGC	0	0	54.3	
LMAJORLV39C5_LMJLV39_31_73_G   	1	1 	71	Gly	GCC	0	0	69.8	
LMAJORLV39C5_LMJLV39_31_74_E   	1	1 	72	Glu	CTC	0	0	65.2	
LMAJORLV39C5_LMJLV39_33_76_R   	1	1 	73	Arg	CCT	0	0	76.0	
LMAJORLV39C5_LMJLV39_33_77_R   	1	1 	73	Arg	TCT	0	0	72.7	
LMAJORLV39C5_LMJLV39_33_78_A   	1	1 	72	Ala	TGC	0	0	72.9	
LMAJORLV39C5_LMJLV39_34_83_N   	1	1 	72	Asn	GTT	0	0	73.7	
LMAJORLV39C5_LMJLV39_34_84_Y   	1	1 	72	Tyr	GTA	0	0	79.3	
LMAJORLV39C5_LMJLV39_34_85_T   	1	1 	72	Thr	CGT	0	0	70.2	
LMAJORLV39C5_LMJLV39_34_86_P   	1	1 	72	Pro	CGG	0	0	70.8	
LMAJORLV39C5_LMJLV39_34_87_N   	1	1 	72	Asn	GTT	0	0	73.7	
LMAJORLV39C5_LMJLV39_34_88_V   	1	1 	73	Val	AAC	0	0	61.3	
LMAJORLV39C5_LMJLV39_34_89_I   	1	1 	73	Ile	AAT	0	0	80.6	
LMAJORLV39C5_LMJLV39_34_90_M   	1	1 	72	Met	CAT	0	0	73.0	
LMAJORLV39C5_LMJLV39_34_91_L   	1	1 	71	Leu	TAG	0	0	81.3	
LMAJORLV39C5_LMJLV39_34_92_S   	1	1 	71	Ser	TGA	0	0	71.8	
LMAJORLV39C5_LMJLV39_36_93_G   	1	1 	71	Gly	GCC	0	0	69.8	
LMAJORLV39C5_LMJLV39_36_94_T   	1	1 	72	Thr	AGT	0	0	71.4	
LMAJORLV39C5_LMJLV39_36_95_G   	1	1 	71	Gly	GCC	0	0	69.8	
LMAJORLV39C5_LMJLV39_36_96_P   	1	1 	72	Pro	AGG	0	0	66.6	
LMAJORLV39C5_LMJLV39_36_97_Q   	1	1 	72	Gln	CTG	0	0	67.2	
LMAJORLV39C5_LMJLV39_36_99_C   	1	1 	72	Cys	GCA	0	0	77.9	
LMAJORLV39C5_LMJLV39_36_100_L  	1	1 	71	Leu	AAG	0	0	77.8	
LMAJORLV39C5_LMJLV39_36_101_X  	1	1 	72	iMet	CAT	0	0	67.9	
LMAJORLV39C5_LMJLV39_36_102_P  	1	1 	72	Pro	TGG	0	0	68.7	
LMAJORLV39C5_LMJLV39_36_103_T  	1	1 	72	Thr	AGT	0	0	71.4	
LMAJORLV39C5_LMJLV39_36_104_Y  	1	1 	72	Tyr	GTA	0	0	79.3	
LMAJORLV39C5_LMJLV39_SCAF000544_107_G	1	1 	71	Gly	CCC	0	0	72.8	
LMAJORLV39C5_LMJLV39_SCAF000544_108_A	1	1 	72	Ala	CGC	0	0	73.8	
LMAJORLV39C5_LMJLV39_SCAF000544_109_L	1	1 	71	Leu	AAG	0	0	77.8	
LMAJORLV39C5_LMJLV39_SCAF000576_110_A	1	1 	72	Ala	CGC	0	0	73.8	
LMAJORLV39C5_LMJLV39_SCAF000576_111_L	1	1 	71	Leu	AAG	0	0	77.8	
LMAJORSD75_LMJSD75_03_2_K      	1	1 	72	Lys	CTT	0	0	86.7	
LMAJORSD75_LMJSD75_05_5_R      	1	1 	72	Arg	ACG	0	0	72.0	
LMAJORSD75_LMJSD75_07_8_R      	1	1 	72	Arg	ACG	0	0	72.0	
LMAJORSD75_LMJSD75_09_9_X      	1	1 	72	iMet	CAT	0	0	67.9	
LMAJORSD75_LMJSD75_09_10_L     	1	1 	71	Leu	CAG	0	0	73.1	
LMAJORSD75_LMJSD75_09_11_V     	1	1 	73	Val	CAC	0	0	65.2	
LMAJORSD75_LMJSD75_09_12_H     	1	1 	71	His	GTG	0	0	62.0	
LMAJORSD75_LMJSD75_09_13_F     	1	1 	72	Phe	GAA	0	0	90.5	
LMAJORSD75_LMJSD75_09_14_E     	1	1 	72	Glu	TTC	0	0	61.0	
LMAJORSD75_LMJSD75_09_15_V     	1	1 	73	Val	CAC	0	0	65.2	
LMAJORSD75_LMJSD75_09_16_R     	1	1 	72	Arg	CCG	0	0	66.8	
LMAJORSD75_LMJSD75_09_17_H     	1	1 	71	His	GTG	0	0	62.0	
LMAJORSD75_LMJSD75_10_18_K     	1	1 	72	Lys	CTT	0	0	86.7	
LMAJORSD75_LMJSD75_10_19_G     	1	1 	71	Gly	GCC	0	0	69.8	
LMAJORSD75_LMJSD75_10_20_N     	1	1 	72	Asn	GTT	0	0	73.7	
LMAJORSD75_LMJSD75_11_21_L     	1	1 	71	Leu	AAG	0	0	77.8	
LMAJORSD75_LMJSD75_11_22_A     	1	1 	72	Ala	CGC	0	0	73.8	
LMAJORSD75_LMJSD75_11_23_G     	1	1 	71	Gly	CCC	0	0	72.8	
LMAJORSD75_LMJSD75_11_24_A     	1	1 	72	Ala	CGC	0	0	73.8	
LMAJORSD75_LMJSD75_11_25_L     	1	1 	71	Leu	AAG	0	0	77.8	
LMAJORSD75_LMJSD75_11_26_M     	1	1 	72	Met	CAT	0	0	73.0	
LMAJORSD75_LMJSD75_11_27_R     	1	1 	72	Arg	ACG	0	0	72.0	
LMAJORSD75_LMJSD75_15_30_D     	1	1 	72	Asp	GTC	0	0	70.6	
LMAJORSD75_LMJSD75_15_31_E     	1	1 	72	Glu	CTC	0	0	65.2	
LMAJORSD75_LMJSD75_16_33_Q     	1	1 	72	Gln	CTG	0	0	67.2	
LMAJORSD75_LMJSD75_17_34_D     	1	1 	72	Asp	GTC	0	0	70.6	
LMAJORSD75_LMJSD75_17_35_S     	1	1 	71	Ser	GCT	0	0	76.2	
LMAJORSD75_LMJSD75_17_36_A     	1	1 	72	Ala	AGC	0	0	54.3	
LMAJORSD75_LMJSD75_21_39_S     	1	1 	71	Ser	GCT	0	0	78.4	
LMAJORSD75_LMJSD75_21_43_P     	1	1 	72	Pro	AGG	0	0	66.6	
LMAJORSD75_LMJSD75_21_44_V     	1	1 	73	Val	AAC	0	0	61.3	
LMAJORSD75_LMJSD75_21_45_K     	1	1 	72	Lys	CTT	0	0	86.7	
LMAJORSD75_LMJSD75_23_50_I     	1	1 	73	Ile	TAT	0	0	80.2	
LMAJORSD75_LMJSD75_23_51_V     	1	1 	73	Val	TAC	0	0	71.7	
LMAJORSD75_LMJSD75_23_52_Q     	1	1 	72	Gln	TTG	0	0	80.2	
LMAJORSD75_LMJSD75_23_53_R     	1	1 	72	Arg	ACG	0	0	72.0	
LMAJORSD75_LMJSD75_23_54_L     	1	1 	71	Leu	CAG	0	0	73.1	
LMAJORSD75_LMJSD75_23_55_T     	1	1 	72	Thr	TGT	0	0	72.8	
LMAJORSD75_LMJSD75_23_56_R     	1	1 	72	Arg	TCG	0	0	73.4	
LMAJORSD75_LMJSD75_23_57_K     	1	1 	72	Lys	TTT	0	0	84.2	
LMAJORSD75_LMJSD75_23_58_G     	1	1 	72	Gly	TCC	0	0	66.0	
LMAJORSD75_LMJSD75_23_59_W     	1	1 	72	Trp	CCA	0	0	74.9	
LMAJORSD75_LMJSD75_24_61_P     	1	1 	72	Pro	CGG	0	0	70.8	
LMAJORSD75_LMJSD75_24_62_Q     	1	1 	72	Gln	CTG	0	0	67.2	
LMAJORSD75_LMJSD75_24_63_L     	1	1 	72	Leu	TAA	0	0	73.7	
LMAJORSD75_LMJSD75_24_64_I     	1	1 	73	Ile	AAT	0	0	80.6	
LMAJORSD75_LMJSD75_24_65_I     	1	1 	73	Ile	AAT	0	0	80.6	
LMAJORSD75_LMJSD75_24_66_D     	1	1 	72	Asp	GTC	0	0	70.6	
LMAJORSD75_LMJSD75_29_68_L     	1	1 	71	Leu	CAA	0	0	80.2	
LMAJORSD75_LMJSD75_29_69_S     	1	1 	71	Ser	CGA	0	0	68.1	
LMAJORSD75_LMJSD75_30_70_T     	1	1 	72	Thr	CGT	0	0	70.2	
LMAJORSD75_LMJSD75_31_71_F     	1	1 	72	Phe	GAA	0	0	90.5	
LMAJORSD75_LMJSD75_31_72_S     	1	1 	71	Ser	AGA	0	0	70.3	
LMAJORSD75_LMJSD75_31_73_A     	1	1 	72	Ala	AGC	0	0	54.3	
LMAJORSD75_LMJSD75_31_74_G     	1	1 	71	Gly	GCC	0	0	69.8	
LMAJORSD75_LMJSD75_31_75_E     	1	1 	72	Glu	CTC	0	0	65.2	
LMAJORSD75_LMJSD75_33_77_R     	1	1 	73	Arg	CCT	0	0	76.0	
LMAJORSD75_LMJSD75_33_78_R     	1	1 	73	Arg	TCT	0	0	72.7	
LMAJORSD75_LMJSD75_33_79_A     	1	1 	72	Ala	TGC	0	0	72.9	
LMAJORSD75_LMJSD75_34_83_N     	1	1 	72	Asn	GTT	0	0	73.7	
LMAJORSD75_LMJSD75_34_84_Y     	1	1 	72	Tyr	GTA	0	0	79.3	
LMAJORSD75_LMJSD75_34_85_T     	1	1 	72	Thr	CGT	0	0	70.2	
LMAJORSD75_LMJSD75_34_86_P     	1	1 	72	Pro	CGG	0	0	70.8	
LMAJORSD75_LMJSD75_34_87_N     	1	1 	72	Asn	GTT	0	0	73.7	
LMAJORSD75_LMJSD75_34_88_V     	1	1 	73	Val	AAC	0	0	61.3	
LMAJORSD75_LMJSD75_34_89_I     	1	1 	73	Ile	AAT	0	0	80.6	
LMAJORSD75_LMJSD75_34_90_M     	1	1 	72	Met	CAT	0	0	73.0	
LMAJORSD75_LMJSD75_34_91_L     	1	1 	71	Leu	TAG	0	0	81.3	
LMAJORSD75_LMJSD75_34_92_S     	1	1 	71	Ser	TGA	0	0	71.8	
LMAJORSD75_LMJSD75_36_93_G     	1	1 	71	Gly	GCC	0	0	69.8	
LMAJORSD75_LMJSD75_36_94_T     	1	1 	72	Thr	AGT	0	0	71.4	
LMAJORSD75_LMJSD75_36_95_G     	1	1 	71	Gly	GCC	0	0	69.8	
LMAJORSD75_LMJSD75_36_96_P     	1	1 	72	Pro	AGG	0	0	66.6	
LMAJORSD75_LMJSD75_36_97_Q     	1	1 	72	Gln	CTG	0	0	67.2	
LMAJORSD75_LMJSD75_36_99_C     	1	1 	72	Cys	GCA	0	0	77.9	
LMAJORSD75_LMJSD75_36_100_L    	1	1 	71	Leu	AAG	0	0	77.8	
LMAJORSD75_LMJSD75_36_101_X    	1	1 	72	iMet	CAT	0	0	67.9	
LMAJORSD75_LMJSD75_36_102_P    	1	1 	72	Pro	TGG	0	0	68.7	
LMAJORSD75_LMJSD75_36_103_T    	1	1 	72	Thr	AGT	0	0	71.4	
LMAJORSD75_LMJSD75_36_104_Y    	1	1 	72	Tyr	GTA	0	0	79.3	
LTROPICAL590_LTRL590_03_3_K    	1	1 	72	Lys	CTT	0	0	86.7	
LTROPICAL590_LTRL590_05_5_R    	1	1 	72	Arg	ACG	0	0	72.0	
LTROPICAL590_LTRL590_07_7_R    	1	1 	72	Arg	ACG	0	0	72.0	
LTROPICAL590_LTRL590_09_8_X    	1	1 	72	iMet	CAT	0	0	67.9	
LTROPICAL590_LTRL590_09_9_L    	1	1 	71	Leu	CAG	0	0	73.1	
LTROPICAL590_LTRL590_09_10_V   	1	1 	73	Val	CAC	0	0	65.2	
LTROPICAL590_LTRL590_09_11_H   	1	1 	71	His	GTG	0	0	62.0	
LTROPICAL590_LTRL590_09_12_F   	1	1 	72	Phe	GAA	0	0	90.5	
LTROPICAL590_LTRL590_09_13_E   	1	1 	72	Glu	TTC	0	0	61.0	
LTROPICAL590_LTRL590_09_14_V   	1	1 	73	Val	CAC	0	0	65.2	
LTROPICAL590_LTRL590_09_15_R   	1	1 	72	Arg	CCG	0	0	66.8	
LTROPICAL590_LTRL590_09_16_H   	1	1 	71	His	GTG	0	0	62.0	
LTROPICAL590_LTRL590_10_17_K   	1	1 	72	Lys	CTT	0	0	86.7	
LTROPICAL590_LTRL590_10_18_G   	1	1 	71	Gly	GCC	0	0	69.8	
LTROPICAL590_LTRL590_10_19_N   	1	1 	72	Asn	GTT	0	0	73.7	
LTROPICAL590_LTRL590_11_20_L   	1	1 	71	Leu	AAG	0	0	77.8	
LTROPICAL590_LTRL590_11_21_A   	1	1 	72	Ala	CGC	0	0	73.8	
LTROPICAL590_LTRL590_11_22_G   	1	1 	71	Gly	CCC	0	0	72.8	
LTROPICAL590_LTRL590_11_23_A   	1	1 	72	Ala	CGC	0	0	73.8	
LTROPICAL590_LTRL590_11_24_L   	1	1 	71	Leu	AAG	0	0	77.8	
LTROPICAL590_LTRL590_11_25_G   	1	1 	71	Gly	CCC	0	0	72.8	
LTROPICAL590_LTRL590_11_26_A   	1	1 	72	Ala	CGC	0	0	73.8	
LTROPICAL590_LTRL590_11_27_L   	1	1 	71	Leu	AAG	0	0	77.8	
LTROPICAL590_LTRL590_11_29_M   	1	1 	72	Met	CAT	0	0	73.0	
LTROPICAL590_LTRL590_11_30_R   	1	1 	72	Arg	ACG	0	0	72.0	
LTROPICAL590_LTRL590_15_33_D   	1	1 	72	Asp	GTC	0	0	70.6	
LTROPICAL590_LTRL590_15_34_E   	1	1 	72	Glu	CTC	0	0	65.2	
LTROPICAL590_LTRL590_16_35_Q   	1	1 	72	Gln	CTG	0	0	67.2	
LTROPICAL590_LTRL590_17_37_D   	1	1 	72	Asp	GTC	0	0	70.6	
LTROPICAL590_LTRL590_17_38_S   	1	1 	71	Ser	GCT	0	0	76.2	
LTROPICAL590_LTRL590_17_39_A   	1	1 	72	Ala	AGC	0	0	54.3	
LTROPICAL590_LTRL590_21_43_S   	1	1 	71	Ser	GCT	0	0	78.4	
LTROPICAL590_LTRL590_21_45_P   	1	1 	72	Pro	AGG	0	0	66.6	
LTROPICAL590_LTRL590_21_46_V   	1	1 	73	Val	AAC	0	0	61.3	
LTROPICAL590_LTRL590_21_47_K   	1	1 	72	Lys	CTT	0	0	86.7	
LTROPICAL590_LTRL590_23_49_I   	1	1 	73	Ile	TAT	0	0	80.2	
LTROPICAL590_LTRL590_23_50_V   	1	1 	73	Val	TAC	0	0	71.7	
LTROPICAL590_LTRL590_23_51_Q   	1	1 	72	Gln	TTG	0	0	80.2	
LTROPICAL590_LTRL590_23_52_R   	1	1 	72	Arg	ACG	0	0	72.0	
LTROPICAL590_LTRL590_23_53_L   	1	1 	71	Leu	CAG	0	0	73.1	
LTROPICAL590_LTRL590_23_54_T   	1	1 	72	Thr	TGT	0	0	72.8	
LTROPICAL590_LTRL590_23_55_R   	1	1 	72	Arg	TCG	0	0	73.4	
LTROPICAL590_LTRL590_23_56_K   	1	1 	72	Lys	TTT	0	0	81.9	
LTROPICAL590_LTRL590_23_57_G   	1	1 	72	Gly	TCC	0	0	66.0	
LTROPICAL590_LTRL590_23_58_W   	1	1 	72	Trp	CCA	0	0	74.9	
LTROPICAL590_LTRL590_24_60_P   	1	1 	72	Pro	CGG	0	0	70.5	
LTROPICAL590_LTRL590_24_61_Q   	1	1 	72	Gln	CTG	0	0	67.2	
LTROPICAL590_LTRL590_24_62_L   	1	1 	72	Leu	TAA	0	0	73.7	
LTROPICAL590_LTRL590_24_63_I   	1	1 	73	Ile	AAT	0	0	80.6	
LTROPICAL590_LTRL590_24_64_I   	1	1 	73	Ile	AAT	0	0	80.6	
LTROPICAL590_LTRL590_24_65_D   	1	1 	72	Asp	GTC	0	0	70.6	
LTROPICAL590_LTRL590_29_71_L   	1	1 	71	Leu	CAA	0	0	80.2	
LTROPICAL590_LTRL590_29_72_S   	1	1 	71	Ser	CGA	0	0	68.1	
LTROPICAL590_LTRL590_30_74_T   	1	1 	72	Thr	CGT	0	0	70.2	
LTROPICAL590_LTRL590_31_75_F   	1	1 	72	Phe	GAA	0	0	90.5	
LTROPICAL590_LTRL590_31_76_S   	1	1 	71	Ser	AGA	0	0	70.3	
LTROPICAL590_LTRL590_31_77_A   	1	1 	72	Ala	AGC	0	0	54.3	
LTROPICAL590_LTRL590_31_78_A   	1	1 	72	Ala	AGC	0	0	54.3	
LTROPICAL590_LTRL590_31_79_G   	1	1 	71	Gly	GCC	0	0	69.8	
LTROPICAL590_LTRL590_31_80_E   	1	1 	72	Glu	CTC	0	0	65.2	
LTROPICAL590_LTRL590_33_83_R   	1	1 	73	Arg	CCT	0	0	76.0	
LTROPICAL590_LTRL590_33_84_R   	1	1 	73	Arg	TCT	0	0	72.7	
LTROPICAL590_LTRL590_33_85_A   	1	1 	72	Ala	TGC	0	0	72.9	
LTROPICAL590_LTRL590_34_87_N   	1	1 	72	Asn	GTT	0	0	73.7	
LTROPICAL590_LTRL590_34_88_Y   	1	1 	72	Tyr	GTA	0	0	79.3	
LTROPICAL590_LTRL590_34_89_T   	1	1 	72	Thr	CGT	0	0	70.2	
LTROPICAL590_LTRL590_34_90_P   	1	1 	72	Pro	CGG	0	0	70.5	
LTROPICAL590_LTRL590_34_91_N   	1	1 	72	Asn	GTT	0	0	73.7	
LTROPICAL590_LTRL590_34_92_V   	1	1 	73	Val	AAC	0	0	61.3	
LTROPICAL590_LTRL590_34_93_I   	1	1 	73	Ile	AAT	0	0	80.6	
LTROPICAL590_LTRL590_34_94_M   	1	1 	72	Met	CAT	0	0	73.0	
LTROPICAL590_LTRL590_34_95_L   	1	1 	71	Leu	TAG	0	0	81.3	
LTROPICAL590_LTRL590_34_96_S   	1	1 	71	Ser	TGA	0	0	71.8	
LTROPICAL590_LTRL590_36_100_G  	1	1 	71	Gly	GCC	0	0	69.8	
LTROPICAL590_LTRL590_36_101_T  	1	1 	72	Thr	AGT	0	0	71.4	
LTROPICAL590_LTRL590_36_102_G  	1	1 	71	Gly	GCC	0	0	69.8	
LTROPICAL590_LTRL590_36_103_P  	1	1 	72	Pro	AGG	0	0	66.6	
LTROPICAL590_LTRL590_36_105_Q  	1	1 	72	Gln	CTG	0	0	67.2	
LTROPICAL590_LTRL590_36_107_C  	1	1 	72	Cys	GCA	0	0	77.9	
LTROPICAL590_LTRL590_36_108_L  	1	1 	71	Leu	AAG	0	0	77.8	
LTROPICAL590_LTRL590_36_109_X  	1	1 	72	iMet	CAT	0	0	67.9	
LTROPICAL590_LTRL590_36_110_P  	1	1 	72	Pro	TGG	0	0	68.7	
LTROPICAL590_LTRL590_36_111_Y  	1	1 	72	Tyr	GTA	0	0	79.3	
LTROPICAL590_LTRL590_36_112_T  	1	1 	72	Thr	AGT	0	0	71.4	
LTROPICAL590_LTRL590_36_113_T  	1	1 	72	Thr	AGT	0	0	71.4	
LTROPICAL590_LTRL590_36_114_Y  	1	1 	72	Tyr	GTA	0	0	79.3	
LTURANICALEM423_LTULEM423_03_2_K	1	1 	72	Lys	CTT	0	0	86.7	
LTURANICALEM423_LTULEM423_05_4_R	1	1 	72	Arg	ACG	0	0	72.0	
LTURANICALEM423_LTULEM423_07_7_R	1	1 	72	Arg	ACG	0	0	72.0	
LTURANICALEM423_LTULEM423_09_9_X	1	1 	72	iMet	CAT	0	0	67.9	
LTURANICALEM423_LTULEM423_09_10_L	1	1 	71	Leu	CAG	0	0	73.1	
LTURANICALEM423_LTULEM423_09_11_V	1	1 	73	Val	CAC	0	0	65.2	
LTURANICALEM423_LTULEM423_09_12_H	1	1 	71	His	GTG	0	0	62.0	
LTURANICALEM423_LTULEM423_09_13_F	1	1 	72	Phe	GAA	0	0	90.5	
LTURANICALEM423_LTULEM423_09_14_E	1	1 	72	Glu	TTC	0	0	61.0	
LTURANICALEM423_LTULEM423_09_15_V	1	1 	73	Val	CAC	0	0	65.2	
LTURANICALEM423_LTULEM423_09_16_R	1	1 	72	Arg	CCG	0	0	66.8	
LTURANICALEM423_LTULEM423_09_17_H	1	1 	71	His	GTG	0	0	62.0	
LTURANICALEM423_LTULEM423_10_18_K	1	1 	72	Lys	CTT	0	0	86.7	
LTURANICALEM423_LTULEM423_10_19_G	1	1 	71	Gly	GCC	0	0	69.8	
LTURANICALEM423_LTULEM423_10_20_N	1	1 	72	Asn	GTT	0	0	73.7	
LTURANICALEM423_LTULEM423_11_21_L	1	1 	71	Leu	AAG	0	0	77.8	
LTURANICALEM423_LTULEM423_11_22_A	1	1 	72	Ala	CGC	0	0	72.7	
LTURANICALEM423_LTULEM423_11_23_G	1	1 	71	Gly	CCC	0	0	72.8	
LTURANICALEM423_LTULEM423_11_24_M	1	1 	72	Met	CAT	0	0	73.0	
LTURANICALEM423_LTULEM423_11_25_R	1	1 	72	Arg	ACG	0	0	72.0	
LTURANICALEM423_LTULEM423_15_27_D	1	1 	72	Asp	GTC	0	0	70.6	
LTURANICALEM423_LTULEM423_15_28_E	1	1 	72	Glu	CTC	0	0	65.2	
LTURANICALEM423_LTULEM423_16_29_Q	1	1 	72	Gln	CTG	0	0	67.2	
LTURANICALEM423_LTULEM423_17_31_D	1	1 	72	Asp	GTC	0	0	70.6	
LTURANICALEM423_LTULEM423_17_32_S	1	1 	71	Ser	GCT	0	0	76.2	
LTURANICALEM423_LTULEM423_17_33_A	1	1 	72	Ala	AGC	0	0	54.3	
LTURANICALEM423_LTULEM423_21_35_S	1	1 	71	Ser	GCT	0	0	78.4	
LTURANICALEM423_LTULEM423_21_38_P	1	1 	72	Pro	AGG	0	0	66.6	
LTURANICALEM423_LTULEM423_21_39_V	1	1 	73	Val	AAC	0	0	61.3	
LTURANICALEM423_LTULEM423_21_40_K	1	1 	72	Lys	CTT	0	0	86.7	
LTURANICALEM423_LTULEM423_23_42_I	1	1 	73	Ile	TAT	0	0	80.2	
LTURANICALEM423_LTULEM423_23_43_V	1	1 	73	Val	TAC	0	0	71.7	
LTURANICALEM423_LTULEM423_23_44_Q	1	1 	72	Gln	TTG	0	0	80.2	
LTURANICALEM423_LTULEM423_23_45_R	1	1 	72	Arg	ACG	0	0	72.0	
LTURANICALEM423_LTULEM423_23_46_L	1	1 	71	Leu	CAG	0	0	73.1	
LTURANICALEM423_LTULEM423_23_47_T	1	1 	72	Thr	TGT	0	0	72.8	
LTURANICALEM423_LTULEM423_23_48_R	1	1 	72	Arg	TCG	0	0	73.4	
LTURANICALEM423_LTULEM423_23_49_K	1	1 	72	Lys	TTT	0	0	83.2	
LTURANICALEM423_LTULEM423_23_50_G	1	1 	72	Gly	TCC	0	0	66.0	
LTURANICALEM423_LTULEM423_23_51_W	1	1 	72	Trp	CCA	0	0	74.9	
LTURANICALEM423_LTULEM423_24_54_P	1	1 	72	Pro	CGG	0	0	70.8	
LTURANICALEM423_LTULEM423_24_55_Q	1	1 	72	Gln	CTG	0	0	67.2	
LTURANICALEM423_LTULEM423_24_56_L	1	1 	72	Leu	TAA	0	0	73.7	
LTURANICALEM423_LTULEM423_24_57_I	1	1 	73	Ile	AAT	0	0	80.6	
LTURANICALEM423_LTULEM423_24_58_I	1	1 	73	Ile	AAT	0	0	80.6	
LTURANICALEM423_LTULEM423_24_59_D	1	1 	72	Asp	GTC	0	0	70.6	
LTURANICALEM423_LTULEM423_29_62_L	1	1 	71	Leu	CAA	0	0	80.2	
LTURANICALEM423_LTULEM423_29_63_S	1	1 	71	Ser	CGA	0	0	68.1	
LTURANICALEM423_LTULEM423_30_65_T	1	1 	72	Thr	CGT	0	0	70.2	
LTURANICALEM423_LTULEM423_31_67_F	1	1 	72	Phe	GAA	0	0	90.5	
LTURANICALEM423_LTULEM423_31_68_S	1	1 	71	Ser	AGA	0	0	70.3	
LTURANICALEM423_LTULEM423_31_69_A	1	1 	72	Ala	AGC	0	0	54.3	
LTURANICALEM423_LTULEM423_31_70_G	1	1 	71	Gly	GCC	0	0	69.8	
LTURANICALEM423_LTULEM423_31_71_E	1	1 	72	Glu	CTC	0	0	65.2	
LTURANICALEM423_LTULEM423_33_72_R	1	1 	73	Arg	CCT	0	0	76.0	
LTURANICALEM423_LTULEM423_33_73_R	1	1 	73	Arg	TCT	0	0	75.2	
LTURANICALEM423_LTULEM423_33_74_A	1	1 	72	Ala	TGC	0	0	72.9	
LTURANICALEM423_LTULEM423_34_75_N	1	1 	72	Asn	GTT	0	0	73.7	
LTURANICALEM423_LTULEM423_34_76_Y	1	1 	72	Tyr	GTA	0	0	79.3	
LTURANICALEM423_LTULEM423_34_77_T	1	1 	72	Thr	CGT	0	0	70.2	
LTURANICALEM423_LTULEM423_34_78_P	1	1 	72	Pro	CGG	0	0	70.8	
LTURANICALEM423_LTULEM423_34_79_N	1	1 	72	Asn	GTT	0	0	73.7	
LTURANICALEM423_LTULEM423_36_81_Q	1	1 	72	Gln	CTG	0	0	67.2	
LTURANICALEM423_LTULEM423_36_83_C	1	1 	72	Cys	GCA	0	0	77.9	
LTURANICALEM423_LTULEM423_36_84_L	1	1 	71	Leu	AAG	0	0	77.8	
LTURANICALEM423_LTULEM423_36_85_X	1	1 	72	iMet	CAT	0	0	67.9	
LTURANICALEM423_LTULEM423_36_86_P	1	1 	72	Pro	TGG	0	0	68.7	
LTURANICALEM423_LTULEM423_36_87_Y	1	1 	72	Tyr	GTA	0	0	79.3	
LTURANICALEM423_LTULEM423_36_88_T	1	1 	72	Thr	AGT	0	0	71.4	
LTURANICALEM423_LTULEM423_36_89_T	1	1 	72	Thr	AGT	0	0	71.4	
LTURANICALEM423_LTULEM423_36_90_Y	1	1 	72	Tyr	GTA	0	0	79.3	
LTURANICALEM423_LTULEM423_36_92_G	1	1 	71	Gly	GCC	0	0	69.8	
LTURANICALEM423_LTULEM423_36_93_T	1	1 	72	Thr	AGT	0	0	71.4	
LTURANICALEM423_LTULEM423_36_94_G	1	1 	71	Gly	GCC	0	0	69.8	
LTURANICALEM423_LTULEM423_36_95_P	1	1 	72	Pro	AGG	0	0	66.6	
LTURANICALEM423_LTULEM423_SCAF000129_97_M	1	1 	72	Met	CAT	0	0	73.0	
LTURANICALEM423_LTULEM423_SCAF000129_98_I	1	1 	73	Ile	AAT	0	0	80.6	
LTURANICALEM423_LTULEM423_SCAF000129_99_V	1	1 	73	Val	AAC	0	0	61.3	
LTURANICALEM423_LTULEM423_SCAF000129_100_S	1	1 	71	Ser	TGA	0	0	71.8	
LTURANICALEM423_LTULEM423_SCAF000129_101_L	1	1 	71	Leu	TAG	0	0	81.3	
LTURANICALEM423_LTULEM423_SCAF000130_102_V	1	1 	73	Val	AAC	0	0	61.3	
LTURANICALEM423_LTULEM423_SCAF000130_103_I	1	1 	73	Ile	AAT	0	0	80.6	
LTURANICALEM423_LTULEM423_SCAF000130_104_M	1	1 	72	Met	CAT	0	0	73.0	
LTURANICALEM423_LTULEM423_SCAF000130_105_L	1	1 	71	Leu	TAG	0	0	81.3	
LTURANICALEM423_LTULEM423_SCAF000130_106_S	1	1 	71	Ser	TGA	0	0	71.8	
